
Tue Jun 30 22:16:52 UTC 2020
Tue Jun 30 22:16:52 UTC 2020 MustGather>> linperf.sh script starting...
Tue Jun 30 22:16:52 UTC 2020 MustGather>> Script version:  2016.05.31.
Tue Jun 30 22:16:52 UTC 2020 MustGather>> PROBLEMATIC_PID is:  1487
Tue Jun 30 22:16:52 UTC 2020 MustGather>> SCRIPT_SPAN = 240
Tue Jun 30 22:16:52 UTC 2020 MustGather>> JAVACORE_INTERVAL = 30
Tue Jun 30 22:16:52 UTC 2020 MustGather>> TOP_INTERVAL = 60
Tue Jun 30 22:16:52 UTC 2020 MustGather>> TOP_DASH_H_INTERVAL = 5
Tue Jun 30 22:16:52 UTC 2020 MustGather>> VMSTAT_INTERVAL = 5
Tue Jun 30 22:16:52 UTC 2020 MustGather>> Collecting user authority data...
Tue Jun 30 22:16:52 UTC 2020 MustGather>> Collection of user authority data complete.
Tue Jun 30 22:16:53 UTC 2020 MustGather>> Creating output files...
Tue Jun 30 22:16:53 UTC 2020 MustGather>> Output files created:
Tue Jun 30 22:16:53 UTC 2020 MustGather>>      vmstat.out
Tue Jun 30 22:16:53 UTC 2020 MustGather>>      ps.out
Tue Jun 30 22:16:53 UTC 2020 MustGather>>      top.out
Tue Jun 30 22:16:53 UTC 2020 MustGather>>      topdashH.1487.out
Tue Jun 30 22:16:53 UTC 2020 MustGather>> Collecting the first netstat snapshot...
Tue Jun 30 22:16:53 UTC 2020 MustGather>> First netstat snapshot complete.
Tue Jun 30 22:16:53 UTC 2020 MustGather>> Starting collection of top data...
Tue Jun 30 22:16:53 UTC 2020 MustGather>> Collection of top data started.
Tue Jun 30 22:16:53 UTC 2020 MustGather>> Starting collection of top dash H data...
Tue Jun 30 22:16:53 UTC 2020 MustGather>> Collection of top dash H data started for PID 1487.
Tue Jun 30 22:16:53 UTC 2020 MustGather>> Starting collection of vmstat data...
Tue Jun 30 22:16:53 UTC 2020 MustGather>> Collection of vmstat data started.
Tue Jun 30 22:16:53 UTC 2020 MustGather>> Collecting a ps snapshot...
Tue Jun 30 22:16:54 UTC 2020 MustGather>> Collected a ps snapshot.
Tue Jun 30 22:16:54 UTC 2020 MustGather>> Collecting a javacore...
Tue Jun 30 22:16:54 UTC 2020 MustGather>> Collected a javacore for PID 1487.
Tue Jun 30 22:16:54 UTC 2020 MustGather>> Continuing to collect data for 30 seconds...
Tue Jun 30 22:17:24 UTC 2020 MustGather>> Collecting a ps snapshot...
Tue Jun 30 22:17:24 UTC 2020 MustGather>> Collected a ps snapshot.
Tue Jun 30 22:17:24 UTC 2020 MustGather>> Collecting a javacore...
Tue Jun 30 22:17:24 UTC 2020 MustGather>> Collected a javacore for PID 1487.
Tue Jun 30 22:17:24 UTC 2020 MustGather>> Continuing to collect data for 30 seconds...
Tue Jun 30 22:17:54 UTC 2020 MustGather>> Collecting a ps snapshot...
Tue Jun 30 22:17:54 UTC 2020 MustGather>> Collected a ps snapshot.
Tue Jun 30 22:17:54 UTC 2020 MustGather>> Collecting a javacore...
Tue Jun 30 22:17:54 UTC 2020 MustGather>> Collected a javacore for PID 1487.
Tue Jun 30 22:17:54 UTC 2020 MustGather>> Continuing to collect data for 30 seconds...
Tue Jun 30 22:18:24 UTC 2020 MustGather>> Collecting a ps snapshot...
Tue Jun 30 22:18:24 UTC 2020 MustGather>> Collected a ps snapshot.
Tue Jun 30 22:18:24 UTC 2020 MustGather>> Collecting a javacore...
Tue Jun 30 22:18:24 UTC 2020 MustGather>> Collected a javacore for PID 1487.
Tue Jun 30 22:18:24 UTC 2020 MustGather>> Continuing to collect data for 30 seconds...
Tue Jun 30 22:18:54 UTC 2020 MustGather>> Collecting a ps snapshot...
Tue Jun 30 22:18:55 UTC 2020 MustGather>> Collected a ps snapshot.
Tue Jun 30 22:18:55 UTC 2020 MustGather>> Collecting a javacore...
Tue Jun 30 22:18:55 UTC 2020 MustGather>> Collected a javacore for PID 1487.
Tue Jun 30 22:18:55 UTC 2020 MustGather>> Continuing to collect data for 30 seconds...
Tue Jun 30 22:19:25 UTC 2020 MustGather>> Collecting a ps snapshot...
Tue Jun 30 22:19:25 UTC 2020 MustGather>> Collected a ps snapshot.
Tue Jun 30 22:19:25 UTC 2020 MustGather>> Collecting a javacore...
Tue Jun 30 22:19:25 UTC 2020 MustGather>> Collected a javacore for PID 1487.
Tue Jun 30 22:19:25 UTC 2020 MustGather>> Continuing to collect data for 30 seconds...
Tue Jun 30 22:19:55 UTC 2020 MustGather>> Collecting a ps snapshot...
Tue Jun 30 22:19:55 UTC 2020 MustGather>> Collected a ps snapshot.
Tue Jun 30 22:19:55 UTC 2020 MustGather>> Collecting a javacore...
Tue Jun 30 22:19:55 UTC 2020 MustGather>> Collected a javacore for PID 1487.
Tue Jun 30 22:19:55 UTC 2020 MustGather>> Continuing to collect data for 30 seconds...
Tue Jun 30 22:20:25 UTC 2020 MustGather>> Collecting a ps snapshot...
Tue Jun 30 22:20:25 UTC 2020 MustGather>> Collected a ps snapshot.
Tue Jun 30 22:20:25 UTC 2020 MustGather>> Collecting a javacore...
Tue Jun 30 22:20:25 UTC 2020 MustGather>> Collected a javacore for PID 1487.
Tue Jun 30 22:20:25 UTC 2020 MustGather>> Continuing to collect data for 30 seconds...
Tue Jun 30 22:20:55 UTC 2020 MustGather>> Collecting the final ps snapshot...
Tue Jun 30 22:20:56 UTC 2020 MustGather>> Collected the final ps snapshot.
Tue Jun 30 22:20:56 UTC 2020 MustGather>> Collecting the final javacore...
Tue Jun 30 22:20:56 UTC 2020 MustGather>> Collected the final javacore for PID 1487.
Tue Jun 30 22:20:56 UTC 2020 MustGather>> Collecting the final netstat snapshot...
Tue Jun 30 22:20:56 UTC 2020 MustGather>> Final netstat snapshot complete.
Tue Jun 30 22:20:56 UTC 2020 MustGather>> Collecting other data.  This may take a few moments...
Tue Jun 30 22:20:56 UTC 2020 MustGather>> Collected other data.
Tue Jun 30 22:20:56 UTC 2020 MustGather>> Preparing for packaging and cleanup...
Tue Jun 30 22:21:01 UTC 2020 MustGather>> Compressing output files into linperf_RESULTS.tar.gz
