
Tue Jun 30 22:16:53 UTC 2020

top - 22:16:53 up 4 days, 12:30,  0 users,  load average: 7.36, 4.79, 3.01
Tasks:  91 total,   2 running,  89 sleeping,   0 stopped,   0 zombie
%Cpu(s): 80.0 us, 20.0 sy,  0.0 ni,  0.0 id,  0.0 wa,  0.0 hi,  0.0 si,  0.0 st
MiB Mem :  11986.5 total,   2368.2 free,   3226.8 used,   6391.5 buff/cache
MiB Swap:   1024.0 total,    930.2 free,     93.8 used.   8544.8 avail Mem 

  PID USER      PR  NI    VIRT    RES    SHR S  %CPU  %MEM     TIME+ COMMAND
 1487 was       20   0 5923936 661020 104916 S 305.9   5.4   3:18.27 /opt/IBM/+
   15 was       20   0 3269692 391132  86164 S  11.8   3.2   4:08.79 java -jav+
  300 nobody    20   0 2148708  14304   4060 S  11.8   0.1   0:02.19 /opt/IBM/+
 2018 was       20   0 3708028 447504  27500 S  11.8   3.6   2:26.29 /usr/bin/+
 2422 was       20   0  408836  31632  15604 S  11.8   0.3   0:00.61 /usr/libe+
  984 was       20   0  364124  46140  30112 S   5.9   0.4   0:03.15 xfdesktop
    1 root      20   0    4016   2848   2844 S   0.0   0.0   0:00.07 /bin/sh /+
    7 root      20   0   27308  21320   6604 S   0.0   0.2   0:00.67 /usr/bin/+
   10 root      20   0  144212   3124   2708 S   0.0   0.0   0:00.05 /usr/sbin+
   11 root      20   0    9148   4808   4164 S   0.0   0.0   0:00.00 /usr/sbin+
   12 mysql     20   0    4512   3408   2912 S   0.0   0.0   0:00.06 /usr/bin/+
   13 root      20   0    7056   2832   2340 S   0.0   0.0   0:00.01 /usr/sbin+
   14 root      20   0   12228   5180   4320 S   0.0   0.0   0:00.02 sshd: /us+
   17 was       20   0    4248   3120   2812 S   0.0   0.0   0:00.15 /bin/bash+
   21 root      20   0    9796   7084   4872 S   0.0   0.1   0:00.15 /usr/bin/+
   23 root      20   0    4248   3108   2868 S   0.0   0.0   0:00.00 /bin/sh /+
  157 root      20   0 2200232 734108   2420 S   0.0   6.0   0:02.76 /usr/sbin+
  178 was       20   0 4813280 219516  52040 S   0.0   1.8   0:35.70 java -jav+
  183 root      20   0  695616  67864  34616 S   0.0   0.6   0:01.40 /usr/bin/+
  258 root      20   0   64200  18672  14960 S   0.0   0.2   0:00.85 /opt/IBM/+
  261 mysql     20   0 1531044  72588  12160 S   0.0   0.6   0:02.08 /usr/libe+
  263 nobody    20   0   37980   4044   3188 S   0.0   0.0   0:00.00 /opt/IBM/+
  295 root      20   0    4248   3180   2940 S   0.0   0.0   0:00.02 sh -c /ro+
  296 root      20   0  888688  57016  44388 S   0.0   0.5   0:00.87 xfce4-ses+
  299 nobody    20   0   64440   7648   3920 S   0.0   0.1   0:00.06 /opt/IBM/+
  406 root      20   0   10448   4052   3384 S   0.0   0.0   0:00.01 /usr/sbin+
  410 root      20   0    7140    352      0 S   0.0   0.0   0:00.00 /usr/bin/+
  411 was       20   0   16652   7292   5076 S   0.0   0.1   0:00.11 /usr/bin/+
  415 root      20   0    7824   2772   1768 S   0.0   0.0   0:00.55 /usr/bin/+
  497 was       20   0  740144  83632  38632 S   0.0   0.7   0:10.07 /usr/bin/+
  510 root      20   0  211684   5492   4804 S   0.0   0.0   0:00.43 /usr/lib6+
  541 root      20   0    7228    512      0 S   0.0   0.0   0:00.00 /usr/bin/+
  545 root      20   0  139928    748    448 S   0.0   0.0   0:00.01 /usr/bin/+
  546 root      20   0  186204  31392  23712 S   0.0   0.3   0:01.67 xfwm4
  557 root      20   0  216012   7068   6088 S   0.0   0.1   0:00.02 /usr/libe+
  587 was       20   0   10964   2856   2636 S   0.0   0.0   0:00.00 sh -c /ho+
  588 was       20   0  895548  57660  45032 S   0.0   0.5   0:00.38 xfce4-ses+
  591 was       20   0    7140    352      0 S   0.0   0.0   0:00.00 /usr/bin/+
  592 was       20   0    7836   2908   1892 S   0.0   0.0   0:00.63 /usr/bin/+
  617 was       20   0  211684   5588   4884 S   0.0   0.0   0:00.42 /usr/lib6+
  640 was       20   0    7228    512      0 S   0.0   0.0   0:00.00 /usr/bin/+
  643 was       20   0  146772    960    656 S   0.0   0.0   0:00.03 /usr/bin/+
  644 was       20   0  195500  33704  25048 S   0.0   0.3   0:02.24 xfwm4
  656 was       20   0  222848   7440   6508 S   0.0   0.1   0:00.03 /usr/libe+
  674 root      20   0  174324  19080  13904 S   0.0   0.2   0:00.15 xfsetting+
  675 root      20   0  244732  29784  23568 S   0.0   0.2   0:00.39 xfce4-pan+
  700 root      20   0  307880  21868  17156 S   0.0   0.2   0:00.07 Thunar --+
  718 root      20   0  252836  37532  25440 S   0.0   0.3   0:00.99 xfdesktop
  724 root      20   0  171456  21948  17348 S   0.0   0.2   0:00.09 /usr/lib6+
  727 root      20   0  243680  28508  22784 S   0.0   0.2   0:00.70 /usr/lib6+
  730 root      20   0  174968  26944  21872 S   0.0   0.2   0:00.11 /usr/lib6+
  732 root      20   0  185852  29120  22840 S   0.0   0.2   0:00.11 /usr/lib6+
  738 root      20   0  173696  25160  20328 S   0.0   0.2   0:00.09 /usr/lib6+
  763 root      39  19  301712  16876  11760 S   0.0   0.1   0:00.08 /usr/lib6+
  778 root      20   0  236324  16588  14644 S   0.0   0.1   0:00.03 /usr/lib6+
  780 root      39  19 1086576  26772  16632 S   0.0   0.2   0:00.20 /usr/libe+
  781 root      20   0  168620  13844  11804 S   0.0   0.1   0:00.06 xfce4-pow+
  784 root      20   0  321076  29904  23784 S   0.0   0.2   0:00.12 nm-applet
  868 root      20   0  143820   3808   3460 S   0.0   0.0   0:00.00 /usr/libe+
  876 root      20   0  220020   7460   6672 S   0.0   0.1   0:00.00 /usr/libe+
  894 was       20   0  181256  19824  14724 S   0.0   0.2   0:00.37 xfsetting+
  895 was       20   0  252020  30804  24260 S   0.0   0.3   0:00.68 xfce4-pan+
  913 root      20   0  212020   5904   5308 S   0.0   0.0   0:00.00 /usr/libe+
  955 was       20   0  314860  22956  17960 S   0.0   0.2   0:00.10 Thunar --+
  998 was       20   0  178300  22076  17468 S   0.0   0.2   0:00.07 /usr/lib6+
  999 was       20   0  250524  28744  23000 S   0.0   0.2   0:00.66 /usr/lib6+
 1000 was       20   0  181676  26872  21748 S   0.0   0.2   0:00.11 /usr/lib6+
 1001 was       20   0  192716  30428  24056 S   0.0   0.2   0:00.10 /usr/lib6+
 1002 was       20   0  180504  25376  20532 S   0.0   0.2   0:00.09 /usr/lib6+
 1023 was       39  19  369452  21992  14736 S   0.0   0.2   0:00.14 /usr/lib6+
 1045 was       39  19 1093700  27408  17004 S   0.0   0.2   0:00.63 /usr/libe+
 1046 was       20   0  175588  14020  11960 S   0.0   0.1   0:00.07 xfce4-pow+
 1048 was       20   0  327820  30228  24060 S   0.0   0.2   0:00.13 nm-applet
 1060 was       20   0  226864   7380   6612 S   0.0   0.1   0:00.02 /usr/libe+
 1065 was       20   0  243164  16728  14800 S   0.0   0.1   0:00.05 /usr/lib6+
 1073 root      20   0  283956   7440   6400 S   0.0   0.1   0:00.02 /usr/libe+
 1107 was       20   0  218864   5976   5436 S   0.0   0.0   0:00.02 /usr/libe+
 1126 root      20   0  144720   5900   5308 S   0.0   0.0   0:00.06 /usr/libe+
 1161 was       20   0  143820   5292   4784 S   0.0   0.0   0:00.00 /usr/libe+
 1185 was       20   0  290808   7624   6572 S   0.0   0.1   0:00.02 /usr/libe+
 1216 was       20   0  151632   6212   5600 S   0.0   0.1   0:00.08 /usr/libe+
 1664 was       20   0  280592   5856   5316 S   0.0   0.0   0:00.00 /usr/libe+
 1984 was       20   0   10964   3224   2956 S   0.0   0.0   0:00.00 /bin/sh /+
 2113 was       20   0    2752    516    452 S   0.0   0.0   0:00.02 tail -F /+
 2114 was       20   0    2752    576    512 S   0.0   0.0   0:00.02 tail -F /+
 2359 was       20   0   11356   4020   3364 S   0.0   0.0   0:00.05 bash
 2593 was       20   0   11356   2472   1808 S   0.0   0.0   0:00.02 bash
 2643 was       20   0    2712    520    456 S   0.0   0.0   0:00.00 sleep 1
 2668 was       20   0   13404   3684   3228 R   0.0   0.0   0:00.01 top -bc -+
 2677 was       20   0   13404   3616   3160 S   0.0   0.0   0:00.00 top -bH -+
 2685 was       20   0       4      4      0 R   0.0   0.0   0:00.00 [bash]

top - 22:17:53 up 4 days, 12:31,  0 users,  load average: 7.42, 5.27, 3.29
Tasks:  92 total,   1 running,  91 sleeping,   0 stopped,   0 zombie
%Cpu(s): 74.2 us, 17.6 sy,  0.2 ni,  6.3 id,  0.3 wa,  0.0 hi,  1.4 si,  0.0 st
MiB Mem :  11986.5 total,   2274.7 free,   3316.0 used,   6395.8 buff/cache
MiB Swap:   1024.0 total,    930.2 free,     93.8 used.   8455.5 avail Mem 

  PID USER      PR  NI    VIRT    RES    SHR S  %CPU  %MEM     TIME+ COMMAND
 1487 was       20   0 5957744 716152 107508 S 302.7   5.8   6:20.15 /opt/IBM/+
 2018 was       20   0 3708028 476672  27560 S  32.1   3.9   2:45.58 /usr/bin/+
  300 nobody    20   0 2148708  19520   4620 S  17.7   0.2   0:12.84 /opt/IBM/+
  497 was       20   0  740144  83632  38632 S   3.4   0.7   0:12.09 /usr/bin/+
   15 was       20   0 3253308 389100  86164 S   2.9   3.2   4:10.56 java -jav+
 2422 was       20   0  413400  36384  15604 S   2.0   0.3   0:01.82 /usr/libe+
  178 was       20   0 4813280 219624  52104 S   0.9   1.8   0:36.26 java -jav+
 2715 was       39  19 1188304  41108  28332 S   0.6   0.3   0:00.38 /usr/libe+
 1045 was       39  19 1093700  27492  17004 S   0.6   0.2   0:00.97 /usr/libe+
  984 was       20   0  364124  46140  30112 S   0.2   0.4   0:03.30 xfdesktop
  894 was       20   0  181256  19824  14724 S   0.2   0.2   0:00.47 xfsetting+
  644 was       20   0  195500  33704  25048 S   0.1   0.3   0:02.32 xfwm4
 2677 was       20   0   13520   3820   3168 S   0.1   0.0   0:00.07 top -bH -+
  592 was       20   0    7836   2908   1892 S   0.1   0.0   0:00.69 /usr/bin/+
  999 was       20   0  250524  28744  23000 S   0.1   0.2   0:00.72 /usr/lib6+
  261 mysql     20   0 1531044  72588  12160 S   0.1   0.6   0:02.13 /usr/libe+
  727 root      20   0  243680  28508  22784 S   0.1   0.2   0:00.75 /usr/lib6+
    7 root      20   0   27308  21300   6604 S   0.0   0.2   0:00.70 /usr/bin/+
   17 was       20   0    4248   3120   2812 S   0.0   0.0   0:00.18 /bin/bash+
  299 nobody    20   0   64440   7648   3920 S   0.0   0.1   0:00.08 /opt/IBM/+
  415 root      20   0    7820   2876   1876 S   0.0   0.0   0:00.57 /usr/bin/+
 1216 was       20   0  151632   6212   5600 S   0.0   0.1   0:00.10 /usr/libe+
 2593 was       20   0   11356   2480   1808 S   0.0   0.0   0:00.04 bash
  183 root      20   0  695616  67864  34616 S   0.0   0.6   0:01.41 /usr/bin/+
  296 root      20   0  888688  57016  44388 S   0.0   0.5   0:00.88 xfce4-ses+
  718 root      20   0  252836  37532  25440 S   0.0   0.3   0:01.00 xfdesktop
 2668 was       20   0   13404   3684   3228 R   0.0   0.0   0:00.02 top -bc -+
    1 root      20   0    4016   2848   2844 S   0.0   0.0   0:00.07 /bin/sh /+
   10 root      20   0  144212   3124   2708 S   0.0   0.0   0:00.05 /usr/sbin+
   11 root      20   0    9148   4808   4164 S   0.0   0.0   0:00.00 /usr/sbin+
   12 mysql     20   0    4512   3408   2912 S   0.0   0.0   0:00.06 /usr/bin/+
   13 root      20   0    7056   2832   2340 S   0.0   0.0   0:00.01 /usr/sbin+
   14 root      20   0   12228   5180   4320 S   0.0   0.0   0:00.02 sshd: /us+
   21 root      20   0    9796   7084   4872 S   0.0   0.1   0:00.15 /usr/bin/+
   23 root      20   0    4248   3108   2868 S   0.0   0.0   0:00.00 /bin/sh /+
  157 root      20   0 2200232 734108   2420 S   0.0   6.0   0:02.76 /usr/sbin+
  258 root      20   0   64200  18672  14960 S   0.0   0.2   0:00.85 /opt/IBM/+
  263 nobody    20   0   37980   4044   3188 S   0.0   0.0   0:00.00 /opt/IBM/+
  295 root      20   0    4248   3180   2940 S   0.0   0.0   0:00.02 sh -c /ro+
  406 root      20   0   10448   4052   3384 S   0.0   0.0   0:00.01 /usr/sbin+
  410 root      20   0    7140    352      0 S   0.0   0.0   0:00.00 /usr/bin/+
  411 was       20   0   16652   7292   5076 S   0.0   0.1   0:00.11 /usr/bin/+
  510 root      20   0  211684   5492   4804 S   0.0   0.0   0:00.43 /usr/lib6+
  541 root      20   0    7228    512      0 S   0.0   0.0   0:00.00 /usr/bin/+
  545 root      20   0  139928    748    448 S   0.0   0.0   0:00.01 /usr/bin/+
  546 root      20   0  186204  31392  23712 S   0.0   0.3   0:01.67 xfwm4
  557 root      20   0  216012   7068   6088 S   0.0   0.1   0:00.02 /usr/libe+
  587 was       20   0   10964   2856   2636 S   0.0   0.0   0:00.00 sh -c /ho+
  588 was       20   0  895548  57660  45032 S   0.0   0.5   0:00.38 xfce4-ses+
  591 was       20   0    7140    352      0 S   0.0   0.0   0:00.00 /usr/bin/+
  617 was       20   0  211684   5588   4884 S   0.0   0.0   0:00.42 /usr/lib6+
  640 was       20   0    7228    512      0 S   0.0   0.0   0:00.00 /usr/bin/+
  643 was       20   0  146772    960    656 S   0.0   0.0   0:00.03 /usr/bin/+
  656 was       20   0  222848   7440   6508 S   0.0   0.1   0:00.03 /usr/libe+
  674 root      20   0  174324  19080  13904 S   0.0   0.2   0:00.15 xfsetting+
  675 root      20   0  244732  29784  23568 S   0.0   0.2   0:00.39 xfce4-pan+
  700 root      20   0  307880  21868  17156 S   0.0   0.2   0:00.07 Thunar --+
  724 root      20   0  171456  21948  17348 S   0.0   0.2   0:00.09 /usr/lib6+
  730 root      20   0  174968  26944  21872 S   0.0   0.2   0:00.11 /usr/lib6+
  732 root      20   0  185852  29120  22840 S   0.0   0.2   0:00.11 /usr/lib6+
  738 root      20   0  173696  25160  20328 S   0.0   0.2   0:00.09 /usr/lib6+
  778 root      20   0  236324  16588  14644 S   0.0   0.1   0:00.03 /usr/lib6+
  780 root      39  19 1086576  26772  16632 S   0.0   0.2   0:00.20 /usr/libe+
  781 root      20   0  168620  13844  11804 S   0.0   0.1   0:00.06 xfce4-pow+
  784 root      20   0  321076  29904  23784 S   0.0   0.2   0:00.12 nm-applet
  868 root      20   0  143820   3808   3460 S   0.0   0.0   0:00.00 /usr/libe+
  876 root      20   0  220020   7460   6672 S   0.0   0.1   0:00.00 /usr/libe+
  895 was       20   0  252020  30808  24264 S   0.0   0.3   0:00.68 xfce4-pan+
  913 root      20   0  212020   5904   5308 S   0.0   0.0   0:00.00 /usr/libe+
  955 was       20   0  314860  22956  17960 S   0.0   0.2   0:00.10 Thunar --+
  998 was       20   0  178300  22076  17468 S   0.0   0.2   0:00.07 /usr/lib6+
 1000 was       20   0  181676  26872  21748 S   0.0   0.2   0:00.11 /usr/lib6+
 1001 was       20   0  192716  30428  24056 S   0.0   0.2   0:00.10 /usr/lib6+
 1002 was       20   0  180504  25376  20532 S   0.0   0.2   0:00.09 /usr/lib6+
 1023 was       39  19  369452  21992  14736 S   0.0   0.2   0:00.14 /usr/lib6+
 1046 was       20   0  175588  14020  11960 S   0.0   0.1   0:00.07 xfce4-pow+
 1048 was       20   0  327820  30228  24060 S   0.0   0.2   0:00.13 nm-applet
 1060 was       20   0  226864   7380   6612 S   0.0   0.1   0:00.02 /usr/libe+
 1065 was       20   0  243164  16728  14800 S   0.0   0.1   0:00.05 /usr/lib6+
 1073 root      20   0  283956   7440   6400 S   0.0   0.1   0:00.02 /usr/libe+
 1107 was       20   0  218864   5976   5436 S   0.0   0.0   0:00.02 /usr/libe+
 1126 root      20   0  144720   5900   5308 S   0.0   0.0   0:00.06 /usr/libe+
 1161 was       20   0  143820   5292   4784 S   0.0   0.0   0:00.00 /usr/libe+
 1185 was       20   0  290808   7624   6572 S   0.0   0.1   0:00.02 /usr/libe+
 1664 was       20   0  280592   5856   5316 S   0.0   0.0   0:00.00 /usr/libe+
 1984 was       20   0   10964   3224   2956 S   0.0   0.0   0:00.00 /bin/sh /+
 2113 was       20   0    2752    516    452 S   0.0   0.0   0:00.02 tail -F /+
 2114 was       20   0    2752    576    512 S   0.0   0.0   0:00.02 tail -F /+
 2359 was       20   0   11356   4020   3364 S   0.0   0.0   0:00.05 bash
 2686 was       20   0   12400   3068   2804 S   0.0   0.0   0:00.00 vmstat 5 +
 2816 was       20   0    9556    520    456 S   0.0   0.0   0:00.00 sleep 30
 2880 was       20   0    2712    524    456 S   0.0   0.0   0:00.00 sleep 1

top - 22:18:53 up 4 days, 12:32,  0 users,  load average: 5.43, 5.12, 3.36
Tasks:  92 total,   1 running,  91 sleeping,   0 stopped,   0 zombie
%Cpu(s): 58.6 us, 22.7 sy,  0.2 ni, 16.2 id,  0.5 wa,  0.0 hi,  1.8 si,  0.0 st
MiB Mem :  11986.5 total,   2262.2 free,   3611.4 used,   6112.9 buff/cache
MiB Swap:   1024.0 total,    930.0 free,     94.0 used.   8160.1 avail Mem 

  PID USER      PR  NI    VIRT    RES    SHR S  %CPU  %MEM     TIME+ COMMAND
 1487 was       20   0 5893768 690092 107508 S 242.8   5.6   8:46.00 /opt/IBM/+
 2018 was       20   0 3708028 805444  27568 S  47.4   6.6   3:14.05 /usr/bin/+
  300 nobody    20   0 2148708  20312   4620 S  23.1   0.2   0:26.72 /opt/IBM/+
   15 was       20   0 3253308 388148  84592 S   2.8   3.2   4:12.24 java -jav+
 2422 was       20   0  413400  38600  15604 S   2.6   0.3   0:03.39 /usr/libe+
  497 was       20   0  740144  83632  38632 S   2.1   0.7   0:13.37 /usr/bin/+
  178 was       20   0 4813280 214496  52284 S   2.1   1.7   0:37.51 java -jav+
 1045 was       39  19 1093700  27500  17004 S   0.6   0.2   0:01.34 /usr/libe+
 2715 was       39  19 1188872  42688  28332 S   0.5   0.3   0:00.68 /usr/libe+
  984 was       20   0  364124  46140  30112 S   0.3   0.4   0:03.46 xfdesktop
  894 was       20   0  181256  19824  14724 S   0.2   0.2   0:00.58 xfsetting+
  644 was       20   0  195500  33704  25048 S   0.1   0.3   0:02.41 xfwm4
 2677 was       20   0   13520   3820   3168 S   0.1   0.0   0:00.16 top -bH -+
  999 was       20   0  250524  28744  23000 S   0.1   0.2   0:00.79 /usr/lib6+
  592 was       20   0    7836   2908   1892 S   0.1   0.0   0:00.75 /usr/bin/+
  727 root      20   0  243680  28508  22784 S   0.1   0.2   0:00.81 /usr/lib6+
  261 mysql     20   0 1531044  72588  12160 S   0.1   0.6   0:02.18 /usr/libe+
    7 root      20   0   27308  21248   6604 S   0.0   0.2   0:00.73 /usr/bin/+
   17 was       20   0    4248   3120   2812 S   0.0   0.0   0:00.20 /bin/bash+
  545 root      20   0  139928    748    448 S   0.0   0.0   0:00.03 /usr/bin/+
 1023 was       39  19  369452  21992  14736 S   0.0   0.2   0:00.16 /usr/lib6+
 1216 was       20   0  151632   6212   5600 S   0.0   0.1   0:00.12 /usr/libe+
  299 nobody    20   0   64440   7648   3920 S   0.0   0.1   0:00.09 /opt/IBM/+
 2593 was       20   0   11356   2480   1808 S   0.0   0.0   0:00.05 bash
 2686 was       20   0   12400   3068   2804 S   0.0   0.0   0:00.01 vmstat 5 +
    1 root      20   0    4016   2848   2844 S   0.0   0.0   0:00.07 /bin/sh /+
   10 root      20   0  144212   3124   2708 S   0.0   0.0   0:00.05 /usr/sbin+
   11 root      20   0    9148   4808   4164 S   0.0   0.0   0:00.00 /usr/sbin+
   12 mysql     20   0    4512   3408   2912 S   0.0   0.0   0:00.06 /usr/bin/+
   13 root      20   0    7056   2832   2340 S   0.0   0.0   0:00.01 /usr/sbin+
   14 root      20   0   12228   5180   4320 S   0.0   0.0   0:00.02 sshd: /us+
   21 root      20   0    9796   7084   4872 S   0.0   0.1   0:00.15 /usr/bin/+
   23 root      20   0    4248   3108   2868 S   0.0   0.0   0:00.00 /bin/sh /+
  157 root      20   0 2200232 734108   2420 S   0.0   6.0   0:02.76 /usr/sbin+
  183 root      20   0  695616  67864  34616 S   0.0   0.6   0:01.41 /usr/bin/+
  258 root      20   0   64200  18672  14960 S   0.0   0.2   0:00.85 /opt/IBM/+
  263 nobody    20   0   37980   4044   3188 S   0.0   0.0   0:00.00 /opt/IBM/+
  295 root      20   0    4248   3180   2940 S   0.0   0.0   0:00.02 sh -c /ro+
  296 root      20   0  888688  57016  44388 S   0.0   0.5   0:00.88 xfce4-ses+
  406 root      20   0   10448   4052   3384 S   0.0   0.0   0:00.01 /usr/sbin+
  410 root      20   0    7140    352      0 S   0.0   0.0   0:00.00 /usr/bin/+
  411 was       20   0   16652   7292   5076 S   0.0   0.1   0:00.11 /usr/bin/+
  415 root      20   0    7820   2876   1876 S   0.0   0.0   0:00.57 /usr/bin/+
  510 root      20   0  211684   5492   4804 S   0.0   0.0   0:00.43 /usr/lib6+
  541 root      20   0    7228    512      0 S   0.0   0.0   0:00.00 /usr/bin/+
  546 root      20   0  186204  31392  23712 S   0.0   0.3   0:01.67 xfwm4
  557 root      20   0  216012   7068   6088 S   0.0   0.1   0:00.02 /usr/libe+
  587 was       20   0   10964   2856   2636 S   0.0   0.0   0:00.00 sh -c /ho+
  588 was       20   0  895548  57660  45032 S   0.0   0.5   0:00.38 xfce4-ses+
  591 was       20   0    7140    352      0 S   0.0   0.0   0:00.00 /usr/bin/+
  617 was       20   0  211684   5588   4884 S   0.0   0.0   0:00.42 /usr/lib6+
  640 was       20   0    7228    512      0 S   0.0   0.0   0:00.00 /usr/bin/+
  643 was       20   0  146772    960    656 S   0.0   0.0   0:00.03 /usr/bin/+
  656 was       20   0  222848   7440   6508 S   0.0   0.1   0:00.03 /usr/libe+
  674 root      20   0  174324  19080  13904 S   0.0   0.2   0:00.15 xfsetting+
  675 root      20   0  244732  29784  23568 S   0.0   0.2   0:00.39 xfce4-pan+
  700 root      20   0  307880  21868  17156 S   0.0   0.2   0:00.07 Thunar --+
  718 root      20   0  252836  37532  25440 S   0.0   0.3   0:01.00 xfdesktop
  724 root      20   0  171456  21948  17348 S   0.0   0.2   0:00.09 /usr/lib6+
  730 root      20   0  174968  26944  21872 S   0.0   0.2   0:00.11 /usr/lib6+
  732 root      20   0  185852  29120  22840 S   0.0   0.2   0:00.11 /usr/lib6+
  738 root      20   0  173696  25160  20328 S   0.0   0.2   0:00.09 /usr/lib6+
  778 root      20   0  236324  16588  14644 S   0.0   0.1   0:00.03 /usr/lib6+
  780 root      39  19 1086576  26772  16632 S   0.0   0.2   0:00.20 /usr/libe+
  781 root      20   0  168620  13844  11804 S   0.0   0.1   0:00.06 xfce4-pow+
  784 root      20   0  321076  29904  23784 S   0.0   0.2   0:00.12 nm-applet
  868 root      20   0  143820   3808   3460 S   0.0   0.0   0:00.00 /usr/libe+
  876 root      20   0  220020   7460   6672 S   0.0   0.1   0:00.00 /usr/libe+
  895 was       20   0  252020  30808  24264 S   0.0   0.3   0:00.68 xfce4-pan+
  913 root      20   0  212020   5904   5308 S   0.0   0.0   0:00.00 /usr/libe+
  955 was       20   0  314860  22956  17960 S   0.0   0.2   0:00.10 Thunar --+
  998 was       20   0  178300  22076  17468 S   0.0   0.2   0:00.07 /usr/lib6+
 1000 was       20   0  181676  26872  21748 S   0.0   0.2   0:00.11 /usr/lib6+
 1001 was       20   0  192716  30428  24056 S   0.0   0.2   0:00.10 /usr/lib6+
 1002 was       20   0  180504  25376  20532 S   0.0   0.2   0:00.09 /usr/lib6+
 1046 was       20   0  175588  14020  11960 S   0.0   0.1   0:00.07 xfce4-pow+
 1048 was       20   0  327820  30228  24060 S   0.0   0.2   0:00.13 nm-applet
 1060 was       20   0  226864   7380   6612 S   0.0   0.1   0:00.02 /usr/libe+
 1065 was       20   0  243164  16728  14800 S   0.0   0.1   0:00.05 /usr/lib6+
 1073 root      20   0  283956   7440   6400 S   0.0   0.1   0:00.02 /usr/libe+
 1107 was       20   0  218864   5976   5436 S   0.0   0.0   0:00.02 /usr/libe+
 1126 root      20   0  144720   5900   5308 S   0.0   0.0   0:00.06 /usr/libe+
 1161 was       20   0  143820   5292   4784 S   0.0   0.0   0:00.00 /usr/libe+
 1185 was       20   0  290808   7624   6572 S   0.0   0.1   0:00.02 /usr/libe+
 1664 was       20   0  280592   5856   5316 S   0.0   0.0   0:00.00 /usr/libe+
 1984 was       20   0   10964   3224   2956 S   0.0   0.0   0:00.00 /bin/sh /+
 2113 was       20   0    2752    516    452 S   0.0   0.0   0:00.02 tail -F /+
 2114 was       20   0    2752    576    512 S   0.0   0.0   0:00.02 tail -F /+
 2359 was       20   0   11356   4020   3364 S   0.0   0.0   0:00.05 bash
 2668 was       20   0   13404   3684   3228 R   0.0   0.0   0:00.02 top -bc -+
 3002 was       20   0    9556    520    456 S   0.0   0.0   0:00.00 sleep 30
 3064 was       20   0    2712    584    516 S   0.0   0.0   0:00.00 sleep 1

top - 22:19:53 up 4 days, 12:33,  0 users,  load average: 5.55, 5.18, 3.49
Tasks:  92 total,   1 running,  91 sleeping,   0 stopped,   0 zombie
%Cpu(s): 53.1 us, 22.4 sy,  0.2 ni, 21.7 id,  0.6 wa,  0.0 hi,  2.0 si,  0.0 st
MiB Mem :  11986.5 total,   2381.8 free,   3937.8 used,   5666.9 buff/cache
MiB Swap:   1024.0 total,    930.0 free,     94.0 used.   7954.1 avail Mem 

  PID USER      PR  NI    VIRT    RES    SHR S  %CPU  %MEM     TIME+ COMMAND
 1487 was       20   0 5879204 686580 107508 S 209.0   5.6  10:51.53 /opt/IBM/+
 2018 was       20   0 3708028   1.1g  27568 S  57.1   9.2   3:48.36 /usr/bin/+
  300 nobody    20   0 2148708  20984   4620 S  23.9   0.2   0:41.09 /opt/IBM/+
 2422 was       20   0  414612  43108  15604 S   3.6   0.4   0:05.53 /usr/libe+
   15 was       20   0 3253308 390244  84628 S   2.8   3.2   4:13.92 java -jav+
  497 was       20   0  740144  83632  38632 S   2.0   0.7   0:14.57 /usr/bin/+
  178 was       20   0 4813280 214476  52264 S   0.7   1.7   0:37.96 java -jav+
 1045 was       39  19 1093700  27500  17004 S   0.6   0.2   0:01.73 /usr/libe+
 2715 was       39  19 1189904  43480  28332 S   0.4   0.4   0:00.95 /usr/libe+
  984 was       20   0  364124  46140  30112 S   0.3   0.4   0:03.66 xfdesktop
  894 was       20   0  181256  19824  14724 S   0.2   0.2   0:00.70 xfsetting+
  644 was       20   0  195500  33700  25044 S   0.1   0.3   0:02.49 xfwm4
 2677 was       20   0   13520   3820   3168 S   0.1   0.0   0:00.24 top -bH -+
  261 mysql     20   0 1531044  72588  12160 S   0.1   0.6   0:02.25 /usr/libe+
  999 was       20   0  250524  28744  23000 S   0.1   0.2   0:00.86 /usr/lib6+
  727 root      20   0  243680  28508  22784 S   0.1   0.2   0:00.87 /usr/lib6+
  592 was       20   0    7836   2908   1892 S   0.1   0.0   0:00.80 /usr/bin/+
    7 root      20   0   27308  21196   6604 S   0.0   0.2   0:00.76 /usr/bin/+
 1216 was       20   0  151632   6212   5600 S   0.0   0.1   0:00.15 /usr/libe+
   17 was       20   0    4248   3120   2812 S   0.0   0.0   0:00.22 /bin/bash+
  183 root      20   0  695616  67864  34616 S   0.0   0.6   0:01.42 /usr/bin/+
  258 root      20   0   64200  18672  14960 S   0.0   0.2   0:00.86 /opt/IBM/+
  415 root      20   0    7820   2876   1876 S   0.0   0.0   0:00.58 /usr/bin/+
 2113 was       20   0    2752    516    452 S   0.0   0.0   0:00.03 tail -F /+
 2593 was       20   0   11356   2480   1808 S   0.0   0.0   0:00.06 bash
 2668 was       20   0   13404   3684   3228 R   0.0   0.0   0:00.03 top -bc -+
 2686 was       20   0   12400   3068   2804 S   0.0   0.0   0:00.02 vmstat 5 +
    1 root      20   0    4016   2848   2844 S   0.0   0.0   0:00.07 /bin/sh /+
   10 root      20   0  144212   3124   2708 S   0.0   0.0   0:00.05 /usr/sbin+
   11 root      20   0    9148   4808   4164 S   0.0   0.0   0:00.00 /usr/sbin+
   12 mysql     20   0    4512   3408   2912 S   0.0   0.0   0:00.06 /usr/bin/+
   13 root      20   0    7056   2832   2340 S   0.0   0.0   0:00.01 /usr/sbin+
   14 root      20   0   12228   5180   4320 S   0.0   0.0   0:00.02 sshd: /us+
   21 root      20   0    9796   7084   4872 S   0.0   0.1   0:00.15 /usr/bin/+
   23 root      20   0    4248   3108   2868 S   0.0   0.0   0:00.00 /bin/sh /+
  157 root      20   0 2200232 733992   2304 S   0.0   6.0   0:02.76 /usr/sbin+
  263 nobody    20   0   37980   4044   3188 S   0.0   0.0   0:00.00 /opt/IBM/+
  295 root      20   0    4248   3180   2940 S   0.0   0.0   0:00.02 sh -c /ro+
  296 root      20   0  888688  57016  44388 S   0.0   0.5   0:00.88 xfce4-ses+
  299 nobody    20   0   64440   7648   3920 S   0.0   0.1   0:00.09 /opt/IBM/+
  406 root      20   0   10448   4044   3376 S   0.0   0.0   0:00.01 /usr/sbin+
  410 root      20   0    7140    352      0 S   0.0   0.0   0:00.00 /usr/bin/+
  411 was       20   0   16652   7292   5076 S   0.0   0.1   0:00.11 /usr/bin/+
  510 root      20   0  211684   5492   4804 S   0.0   0.0   0:00.43 /usr/lib6+
  541 root      20   0    7228    512      0 S   0.0   0.0   0:00.00 /usr/bin/+
  545 root      20   0  139928    748    448 S   0.0   0.0   0:00.03 /usr/bin/+
  546 root      20   0  186204  31392  23712 S   0.0   0.3   0:01.67 xfwm4
  557 root      20   0  216012   7068   6088 S   0.0   0.1   0:00.02 /usr/libe+
  587 was       20   0   10964   2856   2636 S   0.0   0.0   0:00.00 sh -c /ho+
  588 was       20   0  895548  57660  45032 S   0.0   0.5   0:00.38 xfce4-ses+
  591 was       20   0    7140    352      0 S   0.0   0.0   0:00.00 /usr/bin/+
  617 was       20   0  211684   5588   4884 S   0.0   0.0   0:00.42 /usr/lib6+
  640 was       20   0    7228    512      0 S   0.0   0.0   0:00.00 /usr/bin/+
  643 was       20   0  146772    960    656 S   0.0   0.0   0:00.03 /usr/bin/+
  656 was       20   0  222848   7440   6508 S   0.0   0.1   0:00.03 /usr/libe+
  674 root      20   0  174324  19080  13904 S   0.0   0.2   0:00.15 xfsetting+
  675 root      20   0  244732  29784  23568 S   0.0   0.2   0:00.39 xfce4-pan+
  700 root      20   0  307880  21868  17156 S   0.0   0.2   0:00.07 Thunar --+
  718 root      20   0  252836  37532  25440 S   0.0   0.3   0:01.00 xfdesktop
  724 root      20   0  171456  21948  17348 S   0.0   0.2   0:00.09 /usr/lib6+
  730 root      20   0  174968  26944  21872 S   0.0   0.2   0:00.11 /usr/lib6+
  732 root      20   0  185852  29120  22840 S   0.0   0.2   0:00.11 /usr/lib6+
  738 root      20   0  173696  25160  20328 S   0.0   0.2   0:00.09 /usr/lib6+
  778 root      20   0  236324  16588  14644 S   0.0   0.1   0:00.03 /usr/lib6+
  780 root      39  19 1086576  26772  16632 S   0.0   0.2   0:00.20 /usr/libe+
  781 root      20   0  168620  13844  11804 S   0.0   0.1   0:00.06 xfce4-pow+
  784 root      20   0  321076  29904  23784 S   0.0   0.2   0:00.12 nm-applet
  868 root      20   0  143820   3808   3460 S   0.0   0.0   0:00.00 /usr/libe+
  876 root      20   0  220020   7460   6672 S   0.0   0.1   0:00.00 /usr/libe+
  895 was       20   0  252020  30808  24264 S   0.0   0.3   0:00.68 xfce4-pan+
  913 root      20   0  212020   5904   5308 S   0.0   0.0   0:00.00 /usr/libe+
  955 was       20   0  314860  22956  17960 S   0.0   0.2   0:00.10 Thunar --+
  998 was       20   0  178300  22076  17468 S   0.0   0.2   0:00.07 /usr/lib6+
 1000 was       20   0  181676  26872  21748 S   0.0   0.2   0:00.11 /usr/lib6+
 1001 was       20   0  192716  30428  24056 S   0.0   0.2   0:00.10 /usr/lib6+
 1002 was       20   0  180504  25376  20532 S   0.0   0.2   0:00.09 /usr/lib6+
 1023 was       39  19  369452  21992  14736 S   0.0   0.2   0:00.16 /usr/lib6+
 1046 was       20   0  175588  14020  11960 S   0.0   0.1   0:00.07 xfce4-pow+
 1048 was       20   0  327820  30228  24060 S   0.0   0.2   0:00.13 nm-applet
 1060 was       20   0  226864   7380   6612 S   0.0   0.1   0:00.02 /usr/libe+
 1065 was       20   0  243164  16728  14800 S   0.0   0.1   0:00.05 /usr/lib6+
 1073 root      20   0  283956   7440   6400 S   0.0   0.1   0:00.02 /usr/libe+
 1107 was       20   0  218864   5976   5436 S   0.0   0.0   0:00.02 /usr/libe+
 1126 root      20   0  144720   5900   5308 S   0.0   0.0   0:00.06 /usr/libe+
 1161 was       20   0  143820   5292   4784 S   0.0   0.0   0:00.00 /usr/libe+
 1185 was       20   0  290808   7624   6572 S   0.0   0.1   0:00.02 /usr/libe+
 1664 was       20   0  280592   5856   5316 S   0.0   0.0   0:00.00 /usr/libe+
 1984 was       20   0   10964   3224   2956 S   0.0   0.0   0:00.00 /bin/sh /+
 2114 was       20   0    2752    576    512 S   0.0   0.0   0:00.02 tail -F /+
 2359 was       20   0   11356   4020   3364 S   0.0   0.0   0:00.05 bash
 3178 was       20   0    9556    520    456 S   0.0   0.0   0:00.00 sleep 30
 3237 was       20   0    2712    576    516 S   0.0   0.0   0:00.00 sleep 1

top - 22:20:53 up 4 days, 12:34,  0 users,  load average: 6.12, 5.38, 3.67
Tasks:  91 total,   1 running,  90 sleeping,   0 stopped,   0 zombie
%Cpu(s): 57.0 us, 21.5 sy,  0.2 ni, 18.7 id,  0.6 wa,  0.0 hi,  2.0 si,  0.0 st
MiB Mem :  11986.5 total,   2363.3 free,   3972.6 used,   5650.6 buff/cache
MiB Swap:   1024.0 total,    930.0 free,     94.0 used.   7919.3 avail Mem 

  PID USER      PR  NI    VIRT    RES    SHR S  %CPU  %MEM     TIME+ COMMAND
 1487 was       20   0 5897148 720012 107424 S 230.4   5.9  13:09.91 /opt/IBM/+
 2018 was       20   0 3708028   1.1g  27568 S  45.9   9.2   4:15.92 /usr/bin/+
  300 nobody    20   0 2148852  20836   4620 S  24.9   0.2   0:56.02 /opt/IBM/+
 2422 was       20   0  415120  45268  15604 S   4.0   0.4   0:07.95 /usr/libe+
   15 was       20   0 3253308 381888  84648 S   3.7   3.1   4:16.15 java -jav+
  497 was       20   0  740144  83632  38632 S   2.2   0.7   0:15.89 /usr/bin/+
  178 was       20   0 4813280 214540  52328 S   0.7   1.7   0:38.37 java -jav+
 1045 was       39  19 1095740  29780  17008 S   0.6   0.2   0:02.10 /usr/libe+
 2715 was       39  19 1190200  44796  28332 S   0.4   0.4   0:01.20 /usr/libe+
  984 was       20   0  364124  46140  30112 S   0.3   0.4   0:03.83 xfdesktop
  644 was       20   0  195500  33700  25044 S   0.2   0.3   0:02.59 xfwm4
  894 was       20   0  181256  19824  14724 S   0.2   0.2   0:00.80 xfsetting+
  727 root      20   0  243680  28508  22784 S   0.1   0.2   0:00.95 /usr/lib6+
 2677 was       20   0   13520   3820   3168 S   0.1   0.0   0:00.31 top -bH -+
  261 mysql     20   0 1531044  72588  12160 S   0.1   0.6   0:02.31 /usr/libe+
  999 was       20   0  250524  28744  23000 S   0.1   0.2   0:00.92 /usr/lib6+
  592 was       20   0    7836   2908   1892 S   0.1   0.0   0:00.85 /usr/bin/+
   17 was       20   0    4248   3120   2812 S   0.0   0.0   0:00.25 /bin/bash+
 1216 was       20   0  151632   6212   5600 S   0.0   0.1   0:00.18 /usr/libe+
    7 root      20   0   27308  21196   6604 S   0.0   0.2   0:00.78 /usr/bin/+
  415 root      20   0    7820   2876   1876 S   0.0   0.0   0:00.60 /usr/bin/+
  258 root      20   0   64200  18672  14960 S   0.0   0.2   0:00.87 /opt/IBM/+
  299 nobody    20   0   64440   7648   3920 S   0.0   0.1   0:00.10 /opt/IBM/+
  675 root      20   0  244732  29784  23568 S   0.0   0.2   0:00.40 xfce4-pan+
  895 was       20   0  252020  30808  24264 S   0.0   0.3   0:00.69 xfce4-pan+
 2113 was       20   0    2752    516    452 S   0.0   0.0   0:00.04 tail -F /+
 2114 was       20   0    2752    576    512 S   0.0   0.0   0:00.03 tail -F /+
 2593 was       20   0   11356   2480   1808 S   0.0   0.0   0:00.07 bash
    1 root      20   0    4016   2848   2844 S   0.0   0.0   0:00.07 /bin/sh /+
   10 root      20   0  144212   3124   2708 S   0.0   0.0   0:00.05 /usr/sbin+
   11 root      20   0    9148   4808   4164 S   0.0   0.0   0:00.00 /usr/sbin+
   12 mysql     20   0    4512   3408   2912 S   0.0   0.0   0:00.06 /usr/bin/+
   13 root      20   0    7056   2832   2340 S   0.0   0.0   0:00.01 /usr/sbin+
   14 root      20   0   12228   5180   4320 S   0.0   0.0   0:00.02 sshd: /us+
   21 root      20   0    9796   7084   4872 S   0.0   0.1   0:00.15 /usr/bin/+
   23 root      20   0    4248   3108   2868 S   0.0   0.0   0:00.00 /bin/sh /+
  157 root      20   0 2200232 733992   2304 S   0.0   6.0   0:02.76 /usr/sbin+
  183 root      20   0  695616  67864  34616 S   0.0   0.6   0:01.42 /usr/bin/+
  263 nobody    20   0   37980   4044   3188 S   0.0   0.0   0:00.00 /opt/IBM/+
  295 root      20   0    4248   3180   2940 S   0.0   0.0   0:00.02 sh -c /ro+
  296 root      20   0  888688  57016  44388 S   0.0   0.5   0:00.88 xfce4-ses+
  406 root      20   0   10448   4044   3376 S   0.0   0.0   0:00.01 /usr/sbin+
  410 root      20   0    7140    352      0 S   0.0   0.0   0:00.00 /usr/bin/+
  411 was       20   0   16652   7292   5076 S   0.0   0.1   0:00.11 /usr/bin/+
  510 root      20   0  211684   5492   4804 S   0.0   0.0   0:00.43 /usr/lib6+
  541 root      20   0    7228    512      0 S   0.0   0.0   0:00.00 /usr/bin/+
  545 root      20   0  139928    748    448 S   0.0   0.0   0:00.03 /usr/bin/+
  546 root      20   0  186204  31392  23712 S   0.0   0.3   0:01.67 xfwm4
  557 root      20   0  216012   7068   6088 S   0.0   0.1   0:00.02 /usr/libe+
  587 was       20   0   10964   2856   2636 S   0.0   0.0   0:00.00 sh -c /ho+
  588 was       20   0  895548  57660  45032 S   0.0   0.5   0:00.38 xfce4-ses+
  591 was       20   0    7140    352      0 S   0.0   0.0   0:00.00 /usr/bin/+
  617 was       20   0  211684   5588   4884 S   0.0   0.0   0:00.42 /usr/lib6+
  640 was       20   0    7228    512      0 S   0.0   0.0   0:00.00 /usr/bin/+
  643 was       20   0  146772    960    656 S   0.0   0.0   0:00.03 /usr/bin/+
  656 was       20   0  222848   7440   6508 S   0.0   0.1   0:00.03 /usr/libe+
  674 root      20   0  174324  19080  13904 S   0.0   0.2   0:00.15 xfsetting+
  700 root      20   0  307880  21868  17156 S   0.0   0.2   0:00.07 Thunar --+
  718 root      20   0  252836  37532  25440 S   0.0   0.3   0:01.00 xfdesktop
  724 root      20   0  171456  21948  17348 S   0.0   0.2   0:00.09 /usr/lib6+
  730 root      20   0  174968  26944  21872 S   0.0   0.2   0:00.11 /usr/lib6+
  732 root      20   0  185852  29120  22840 S   0.0   0.2   0:00.11 /usr/lib6+
  738 root      20   0  173696  25160  20328 S   0.0   0.2   0:00.09 /usr/lib6+
  778 root      20   0  236324  16588  14644 S   0.0   0.1   0:00.03 /usr/lib6+
  780 root      39  19 1086576  26772  16632 S   0.0   0.2   0:00.20 /usr/libe+
  781 root      20   0  168620  13844  11804 S   0.0   0.1   0:00.06 xfce4-pow+
  784 root      20   0  321076  29904  23784 S   0.0   0.2   0:00.12 nm-applet
  868 root      20   0  143820   3808   3460 S   0.0   0.0   0:00.00 /usr/libe+
  876 root      20   0  220020   7460   6672 S   0.0   0.1   0:00.00 /usr/libe+
  913 root      20   0  212020   5904   5308 S   0.0   0.0   0:00.00 /usr/libe+
  955 was       20   0  314860  22956  17960 S   0.0   0.2   0:00.10 Thunar --+
  998 was       20   0  178300  22076  17468 S   0.0   0.2   0:00.07 /usr/lib6+
 1000 was       20   0  181676  26872  21748 S   0.0   0.2   0:00.11 /usr/lib6+
 1001 was       20   0  192716  30428  24056 S   0.0   0.2   0:00.10 /usr/lib6+
 1002 was       20   0  180504  25376  20532 S   0.0   0.2   0:00.09 /usr/lib6+
 1023 was       39  19  369452  21992  14736 S   0.0   0.2   0:00.16 /usr/lib6+
 1046 was       20   0  175588  14020  11960 S   0.0   0.1   0:00.07 xfce4-pow+
 1048 was       20   0  327820  30228  24060 S   0.0   0.2   0:00.13 nm-applet
 1060 was       20   0  226864   7380   6612 S   0.0   0.1   0:00.02 /usr/libe+
 1065 was       20   0  243164  16728  14800 S   0.0   0.1   0:00.05 /usr/lib6+
 1073 root      20   0  283956   7440   6400 S   0.0   0.1   0:00.02 /usr/libe+
 1107 was       20   0  218864   5976   5436 S   0.0   0.0   0:00.02 /usr/libe+
 1126 root      20   0  144720   5900   5308 S   0.0   0.0   0:00.06 /usr/libe+
 1161 was       20   0  143820   5292   4784 S   0.0   0.0   0:00.00 /usr/libe+
 1185 was       20   0  290808   7624   6572 S   0.0   0.1   0:00.02 /usr/libe+
 1664 was       20   0  280592   5856   5316 S   0.0   0.0   0:00.00 /usr/libe+
 1984 was       20   0   10964   3224   2956 S   0.0   0.0   0:00.00 /bin/sh /+
 2359 was       20   0   11356   4020   3364 S   0.0   0.0   0:00.05 bash
 2668 was       20   0   13404   3684   3228 R   0.0   0.0   0:00.03 top -bc -+
 3350 was       20   0    9556    524    456 S   0.0   0.0   0:00.00 sleep 30
 3408 was       20   0    2712    580    516 S   0.0   0.0   0:00.00 sleep 1
