Launching test (WebSphere Application Server 19.0.0.10/wlp-1.0.33.cl191020191002-0300) on IBM J9 VM, version 8.0.5.41 - pxa6480sr5fp41-20190919_01(SR5 FP41) (c.u_US)
[AUDIT   ] CWWKE0001I: The server test has been launched.
[AUDIT   ] CWWKE0100I: This product is licensed for development, and limited production use. The full license terms can be viewed here: https://public.dhe.ibm.com/ibmdl/export/pub/software/websphere/wasdev/license/base_ilan/ilan/19.0.0.10/lafiles/en.html
[AUDIT   ] CWWKZ0058I: Monitoring dropins for applications.
[AUDIT   ] CWPKI0820A: The default keystore has been created using the 'keystore_password' environment variable.
[AUDIT   ] CWWKS4104A: LTPA keys created in 1.143 seconds. LTPA key file: /opt/ibm/wlp/usr/servers/test/resources/security/ltpa.keys
[AUDIT   ] CWWKT0016I: Web application available (default_host): http://6f64358ffbcd:9082/jni_web_hello_world/
[AUDIT   ] CWWKZ0001I: Application jni_web_hello_world started in 1.113 seconds.
[AUDIT   ] CWWKT0016I: Web application available (default_host): http://6f64358ffbcd:9082/swat/
[AUDIT   ] CWWKZ0001I: Application swat started in 1.169 seconds.
[AUDIT   ] CWWKF0012I: The server installed the following features: [appSecurity-2.0, appSecurity-3.0, beanValidation-2.0, cdi-2.0, distributedMap-1.0, ejbLite-3.2, el-3.0, jaspic-1.1, jaxrs-2.1, jaxrsClient-2.1, jdbc-4.2, jndi-1.0, jpa-2.2, jpaContainer-2.2, jsf-2.3, jsonb-1.0, jsonp-1.1, jsp-2.3, managedBeans-1.0, servlet-4.0, ssl-1.0, webProfile-8.0, websocket-1.1].
[AUDIT   ] CWWKF0011I: The test server is ready to run a smarter planet. The test server started in 10.752 seconds.
[AUDIT   ] CWPKI0803A: SSL certificate created in 8.865 seconds. SSL key file: /opt/ibm/wlp/usr/servers/test/resources/security/key.p12
Hello World from C: "nativemem", len: 9
Allocated mmap 0x10000000
JVMDUMP039I Processing dump event "systhrow", detail "java/lang/OutOfMemoryError" at 2019/11/06 20:00:57 - please wait.
JVMDUMP032I JVM requested System dump using '/opt/ibm/wlp/usr/servers/test/core.20191106.200057.228.0001.dmp' in response to an event
JVMDUMP010I System dump written to /opt/ibm/wlp/usr/servers/test/core.20191106.200057.228.0001.dmp
JVMDUMP032I JVM requested Heap dump using '/opt/ibm/wlp/usr/servers/test/heapdump.20191106.200057.228.0002.phd' in response to an event
JVMDUMP010I Heap dump written to /opt/ibm/wlp/usr/servers/test/heapdump.20191106.200057.228.0002.phd
JVMDUMP039I Processing dump event "systhrow", detail "java/lang/OutOfMemoryError" at 2019/11/06 20:02:05 - please wait.
JVMDUMP032I JVM requested Java dump using '/opt/ibm/wlp/usr/servers/test/javacore.20191106.200057.228.0003.txt' in response to an event
JVMDUMP010I Java dump written to /opt/ibm/wlp/usr/servers/test/javacore.20191106.200057.228.0003.txt
JVMDUMP032I JVM requested Snap dump using '/opt/ibm/wlp/usr/servers/test/Snap.20191106.200057.228.0005.trc' in response to an event
JVMDUMP010I Snap dump written to /opt/ibm/wlp/usr/servers/test/Snap.20191106.200057.228.0005.trc
JVMDUMP013I Processed dump event "systhrow", detail "java/lang/OutOfMemoryError".
JVMDUMP032I JVM requested Heap dump using '/opt/ibm/wlp/usr/servers/test/heapdump.20191106.200205.228.0004.phd' in response to an event
JVMDUMP010I Heap dump written to /opt/ibm/wlp/usr/servers/test/heapdump.20191106.200205.228.0004.phd
JVMDUMP032I JVM requested Java dump using '/opt/ibm/wlp/usr/servers/test/javacore.20191106.200205.228.0006.txt' in response to an event
JVMDUMP010I Java dump written to /opt/ibm/wlp/usr/servers/test/javacore.20191106.200205.228.0006.txt
JVMDUMP032I JVM requested Snap dump using '/opt/ibm/wlp/usr/servers/test/Snap.20191106.200205.228.0007.trc' in response to an event
JVMDUMP010I Snap dump written to /opt/ibm/wlp/usr/servers/test/Snap.20191106.200205.228.0007.trc
JVMDUMP013I Processed dump event "systhrow", detail "java/lang/OutOfMemoryError".
