********************************************************************************
product = WebSphere Application Server 20.0.0.8 (wlp-1.0.43.cl200820200721-1900)
wlp.install.dir = /opt/ibm/wlp/
server.output.dir = /opt/ibm/wlp/output/defaultServer/
java.home = /opt/ibm/java/jre
java.version = 1.8.0_251
java.runtime = Java(TM) SE Runtime Environment (8.0.6.11 - pxa6480sr6fp11-20200602_01(SR6 FP11))
os = Linux (4.19.76-linuxkit; amd64) (c.u_US)
process = 3576@172.17.0.2
********************************************************************************
[8/4/20 2:50:07:030 UTC] 00000001 com.ibm.ws.kernel.launch.internal.FrameworkManager           A CWWKE0001I: The server defaultServer has been launched.
[8/4/20 2:50:07:048 UTC] 00000001 com.ibm.ws.kernel.launch.internal.FrameworkManager           A CWWKE0100I: This product is licensed for development, and limited production use. The full license terms can be viewed here: https://public.dhe.ibm.com/ibmdl/export/pub/software/websphere/wasdev/license/base_ilan/ilan/20.0.0.8/lafiles/en.html
[8/4/20 2:50:07:579 UTC] 00000020 com.ibm.ws.config.xml.internal.ServerXMLConfiguration        A CWWKG0093A: Processing configuration drop-ins resource: /opt/ibm/wlp/usr/servers/defaultServer/configDropins/defaults/keystore.xml
[8/4/20 2:50:07:623 UTC] 00000020 com.ibm.ws.config.xml.internal.ServerXMLConfiguration        A CWWKG0093A: Processing configuration drop-ins resource: /opt/ibm/wlp/usr/servers/defaultServer/configDropins/overrides/daytrader.xml
[8/4/20 2:50:07:629 UTC] 00000020 com.ibm.ws.config.xml.internal.ServerXMLConfiguration        A CWWKG0093A: Processing configuration drop-ins resource: /opt/ibm/wlp/usr/servers/defaultServer/configDropins/overrides/daytrader7logging.xml
[8/4/20 2:50:07:649 UTC] 00000027 com.ibm.ws.logging.internal.TraceSpecification               I TRAS3001I: The following messages are hidden from the console.log and messages.log files: [CNTR0333W, CNTR0019E, CWWJP9991W]
[8/4/20 2:50:07:741 UTC] 00000001 com.ibm.ws.kernel.launch.internal.FrameworkManager           I CWWKE0002I: The kernel started after 0.901 seconds
[8/4/20 2:50:07:822 UTC] 0000002b com.ibm.ws.kernel.feature.internal.FeatureManager            I CWWKF0007I: Feature update started.
[8/4/20 2:50:08:026 UTC] 0000001f com.ibm.ws.security.ready.internal.SecurityReadyServiceImpl  I CWWKS0007I: The security service is starting...
[8/4/20 2:50:08:174 UTC] 00000021 com.ibm.ws.app.manager.internal.monitor.DropinMonitor        A CWWKZ0058I: Monitoring dropins for applications.
[8/4/20 2:50:08:418 UTC] 00000021 com.ibm.ws.cache.ServerCache                                 I DYNA1001I: WebSphere Dynamic Cache instance named baseCache initialized successfully.
[8/4/20 2:50:08:419 UTC] 00000021 com.ibm.ws.cache.ServerCache                                 I DYNA1071I: The cache provider default is being used.
[8/4/20 2:50:08:420 UTC] 00000021 com.ibm.ws.cache.CacheServiceImpl                            I DYNA1056I: Dynamic Cache (object cache) initialized successfully.
[8/4/20 2:50:08:630 UTC] 0000001f ibm.ws.security.authentication.internal.jaas.JAASServiceImpl I CWWKS1123I: The collective authentication plugin with class name NullCollectiveAuthenticationPlugin has been activated. 
[8/4/20 2:50:08:755 UTC] 00000037 com.ibm.ws.security.ready.internal.SecurityReadyServiceImpl  I CWWKS0008I: The security service is ready.
[8/4/20 2:50:08:756 UTC] 00000037 com.ibm.ws.security.token.ltpa.internal.LTPAKeyCreateTask    I CWWKS4105I: LTPA configuration is ready after 0.142 seconds.
[8/4/20 2:50:09:181 UTC] 00000027 com.ibm.ws.ssl.config.WSKeyStore                             I Successfully loaded default keystore: /opt/ibm/wlp/output/defaultServer/resources/security/key.p12 of type: PKCS12
[8/4/20 2:50:09:258 UTC] 0000001f com.ibm.ws.sib.utils.ras.SibMessage                          I  CWSID0108I: JMS server has started.  
[8/4/20 2:50:09:338 UTC] 0000001f com.ibm.ws.security.wim.VMMService                           I CWIMK0009I: The user registry federation service is ready.
[8/4/20 2:50:09:820 UTC] 00000023 com.ibm.ws.transport.iiop.internal.ORBWrapperInternal        A CWWKI0001I: The CORBA name server is now available at corbaloc:iiop:localhost:2809/NameService.
[8/4/20 2:50:10:059 UTC] 0000004b com.ibm.ws.app.manager.AppMessageHelper                      I CWWKZ0018I: Starting application daytrader.
[8/4/20 2:50:10:059 UTC] 0000002e com.ibm.ws.app.manager.AppMessageHelper                      I CWWKZ0018I: Starting application swat.
[8/4/20 2:50:10:284 UTC] 0000002e org.jboss.weld.Version                                       I WELD-000900: 2.4.8 (Final)
[8/4/20 2:50:10:559 UTC] 0000002e com.ibm.ws.session.WASSessionCore                            I SESN8501I: The session manager did not find a persistent storage location; HttpSession objects will be stored in the local application server's memory.
[8/4/20 2:50:10:569 UTC] 0000002e com.ibm.ws.webcontainer.osgi.webapp.WebGroup                 I SRVE0169I: Loading Web Module: swat.
[8/4/20 2:50:10:571 UTC] 0000002e com.ibm.ws.webcontainer                                      I SRVE0250I: Web Module swat has been bound to default_host.
[8/4/20 2:50:10:572 UTC] 0000002e com.ibm.ws.http.internal.VirtualHostImpl                     A CWWKT0016I: Web application available (default_host): http://ab1cb7db26f3:9080/swat/
[8/4/20 2:50:10:685 UTC] 00000039 com.ibm.ws.session.WASSessionCore                            I SESN0176I: A new session context will be created for application key default_host/swat
[8/4/20 2:50:10:695 UTC] 00000039 com.ibm.ws.util                                              I SESN0172I: The session manager is using the Java default SecureRandom implementation for session ID generation.
[8/4/20 2:50:10:718 UTC] 00000037 com.ibm.ws.webcontainer.osgi.mbeans.PluginGenerator          I SRVE9103I: A configuration file for a web server plugin was automatically generated for this server at /opt/ibm/wlp/output/defaultServer/logs/state/plugin-cfg.xml.
[8/4/20 2:50:10:722 UTC] 0000004b com.ibm.ws.jca.cm.ConnectorService                           I J2CA8050I: An authentication alias should be used instead of defining a user name and password on dataSource[DefaultDataSource].
[8/4/20 2:50:10:796 UTC] 00000039 com.ibm.ws.cache.CacheServiceImpl                            I DYNA1056I: Dynamic Cache (object cache) initialized successfully.
[8/4/20 2:50:10:810 UTC] 0000004b com.ibm.ws.recoverylog.spi.RecoveryDirectorImpl              I CWRLS0010I: Performing recovery processing for local WebSphere server (defaultServer).
[8/4/20 2:50:10:846 UTC] 0000004b com.ibm.ws.recoverylog.spi.RecoveryDirectorImpl              I CWRLS0012I: All persistent services have been directed to perform recovery processing for this WebSphere server (defaultServer).
[8/4/20 2:50:10:846 UTC] 0000005e com.ibm.tx.jta.impl.RecoveryManager                          I WTRN0135I: Transaction service recovering no transactions.
[8/4/20 2:50:10:916 UTC] 0000004b SystemOut                                                    O [EL Info]: server: 2020-08-04 02:50:10.903--Detected server platform: org.eclipse.persistence.platform.server.was.WebSphere_Liberty_Platform.
[8/4/20 2:50:10:995 UTC] 00000039 com.ibm.ws.app.manager.AppMessageHelper                      A CWWKZ0001I: Application swat started in 0.936 seconds.
[8/4/20 2:50:12:158 UTC] 0000004b com.ibm.ws.ejbcontainer.osgi.internal.EJBRuntimeImpl         I CNTR4000I: The daytrader-ee7-ejb.jar EJB module in the daytrader application is starting.
[8/4/20 2:50:12:212 UTC] 0000004b com.ibm.ws.ejbcontainer.runtime.AbstractEJBRuntime           I CNTR0167I: The server is binding the com.ibm.websphere.samples.daytrader.ejb3.TradeSLSBRemote interface of the TradeSLSBBean enterprise bean in the daytrader-ee7-ejb.jar module of the daytrader application.  The binding location is: java:global/daytrader-ee7/daytrader-ee7-ejb/TradeSLSBBean!com.ibm.websphere.samples.daytrader.ejb3.TradeSLSBRemote
[8/4/20 2:50:12:214 UTC] 0000004b com.ibm.ws.ejbcontainer.runtime.AbstractEJBRuntime           I CNTR0167I: The server is binding the com.ibm.websphere.samples.daytrader.ejb3.TradeSLSBLocal interface of the TradeSLSBBean enterprise bean in the daytrader-ee7-ejb.jar module of the daytrader application.  The binding location is: java:global/daytrader-ee7/daytrader-ee7-ejb/TradeSLSBBean!com.ibm.websphere.samples.daytrader.ejb3.TradeSLSBLocal
[8/4/20 2:50:12:214 UTC] 0000004b com.ibm.ws.ejbcontainer.runtime.AbstractEJBRuntime           I CNTR0167I: The server is binding the com.ibm.websphere.samples.daytrader.ejb3.MarketSummarySingleton interface of the MarketSummarySingleton enterprise bean in the daytrader-ee7-ejb.jar module of the daytrader application.  The binding location is: java:global/daytrader-ee7/daytrader-ee7-ejb/MarketSummarySingleton!com.ibm.websphere.samples.daytrader.ejb3.MarketSummarySingleton
[8/4/20 2:50:12:215 UTC] 0000004b com.ibm.ws.ejbcontainer.runtime.AbstractEJBRuntime           I CNTR0180I: The DTBroker3MDB message-driven bean in the daytrader-ee7-ejb.jar module of the daytrader application is bound to the eis/TradeBrokerMDB activation specification.
[8/4/20 2:50:12:215 UTC] 0000004b com.ibm.ws.ejbcontainer.runtime.AbstractEJBRuntime           I CNTR0180I: The DTStreamer3MDB message-driven bean in the daytrader-ee7-ejb.jar module of the daytrader application is bound to the eis/TradeStreamerMDB activation specification.
[8/4/20 2:50:12:218 UTC] 0000004b com.ibm.ws.ejbcontainer.runtime.AbstractEJBRuntime           I CNTR0219I: The server created 0 persistent automatic timer or timers and 1 non-persistent automatic timer or timers for the daytrader-ee7-ejb.jar module.
[8/4/20 2:50:12:219 UTC] 0000004b com.ibm.ws.ejbcontainer.osgi.internal.EJBRuntimeImpl         I CNTR4001I: The daytrader-ee7-ejb.jar EJB module in the daytrader application has started successfully.
[8/4/20 2:50:12:222 UTC] 0000004b com.ibm.ws.ejbcontainer.osgi.internal.EJBRuntimeImpl         I CNTR4000I: The daytrader-ee7-web.war EJB module in the daytrader application is starting.
[8/4/20 2:50:12:222 UTC] 0000004b com.ibm.ws.ejbcontainer.runtime.AbstractEJBRuntime           I CNTR0167I: The server is binding the com.ibm.websphere.samples.daytrader.web.prims.PingEJBIFace interface of the PingEJBLocal enterprise bean in the daytrader-ee7-web.war module of the daytrader application.  The binding location is: java:global/daytrader-ee7/daytrader-ee7-web/PingEJBLocal!com.ibm.websphere.samples.daytrader.web.prims.PingEJBIFace
[8/4/20 2:50:12:222 UTC] 0000004b com.ibm.ws.ejbcontainer.osgi.internal.EJBRuntimeImpl         I CNTR4001I: The daytrader-ee7-web.war EJB module in the daytrader application has started successfully.
[8/4/20 2:50:12:224 UTC] 0000004b com.ibm.ws.webcontainer.osgi.webapp.WebGroup                 I SRVE0169I: Loading Web Module: DayTrader Web.
[8/4/20 2:50:12:224 UTC] 0000004b com.ibm.ws.webcontainer                                      I SRVE0250I: Web Module DayTrader Web has been bound to default_host.
[8/4/20 2:50:12:224 UTC] 0000004b com.ibm.ws.http.internal.VirtualHostImpl                     A CWWKT0016I: Web application available (default_host): http://ab1cb7db26f3:9080/daytrader/
[8/4/20 2:50:12:226 UTC] 00000038 com.ibm.ws.session.WASSessionCore                            I SESN0176I: A new session context will be created for application key default_host/daytrader
[8/4/20 2:50:12:226 UTC] 00000038 com.ibm.ws.util                                              I SESN0172I: The session manager is using the Java default SecureRandom implementation for session ID generation.
[8/4/20 2:50:12:244 UTC] 0000002f com.ibm.ws.webcontainer.osgi.mbeans.PluginGenerator          I SRVE9103I: A configuration file for a web server plugin was automatically generated for this server at /opt/ibm/wlp/output/defaultServer/logs/state/plugin-cfg.xml.
[8/4/20 2:50:12:288 UTC] 00000038 com.ibm.ws.wsoc.EndpointManager                              I CWWKH0046I: Adding a WebSocket ServerEndpoint with the following URI: /pingWebSocketJson
[8/4/20 2:50:12:289 UTC] 00000038 com.ibm.ws.wsoc.EndpointManager                              I CWWKH0046I: Adding a WebSocket ServerEndpoint with the following URI: /pingTextSync
[8/4/20 2:50:12:289 UTC] 00000038 com.ibm.ws.wsoc.EndpointManager                              I CWWKH0046I: Adding a WebSocket ServerEndpoint with the following URI: /marketsummary
[8/4/20 2:50:12:289 UTC] 00000038 com.ibm.ws.wsoc.EndpointManager                              I CWWKH0046I: Adding a WebSocket ServerEndpoint with the following URI: /pingBinary
[8/4/20 2:50:12:289 UTC] 00000038 com.ibm.ws.wsoc.EndpointManager                              I CWWKH0046I: Adding a WebSocket ServerEndpoint with the following URI: /pingTextAsync
[8/4/20 2:50:12:337 UTC] 00000038 org.apache.myfaces.config.DefaultFacesConfigurationProvider  I Reading standard config META-INF/standard-faces-config.xml
[8/4/20 2:50:12:420 UTC] 00000038 org.apache.myfaces.config.DefaultFacesConfigurationProvider  I Reading config /WEB-INF/faces-config.xml
[8/4/20 2:50:12:729 UTC] 00000038 org.apache.myfaces.spi.impl.DefaultInjectionProviderFactory  I Using InjectionProvider com.ibm.ws.jsf.spi.impl.WASCDIAnnotationDelegateInjectionProvider
[8/4/20 2:50:12:745 UTC] 00000038 org.apache.myfaces.util.ExternalSpecifications               I MyFaces CDI support enabled
[8/4/20 2:50:12:762 UTC] 00000038 org.apache.myfaces.util.ExternalSpecifications               I MyFaces Bean Validation support enabled
[8/4/20 2:50:12:809 UTC] 00000038 org.apache.myfaces.config.FacesConfigurator                  I Serialization provider : class org.apache.myfaces.shared_impl.util.serial.DefaultSerialFactory
[8/4/20 2:50:12:856 UTC] 00000038 org.apache.myfaces.webapp.AbstractFacesInitializer           I ServletContext initialized.
[8/4/20 2:50:12:857 UTC] 00000038 org.apache.myfaces.webapp.WebConfigParamsLogger              I Tomahawk jar not available. Autoscrolling, DetectJavascript, AddResourceClass and CheckExtensionsFilter are disabled now.
[8/4/20 2:50:12:857 UTC] 00000038 org.apache.myfaces.webapp.WebConfigParamsLogger              I Scanning for context init parameters not defined. It is not necessary to define them all into your web.xml, they are just provided here for informative purposes. To disable this messages set org.apache.myfaces.LOG_WEB_CONTEXT_PARAMS config param to 'false'
[8/4/20 2:50:12:857 UTC] 00000038 org.apache.myfaces.webapp.WebConfigParamsLogger              I No context init parameter 'javax.faces.RESOURCE_EXCLUDES' found, using default value '.class .jsp .jspx .properties .xhtml .groovy'.
[8/4/20 2:50:12:857 UTC] 00000038 org.apache.myfaces.webapp.WebConfigParamsLogger              I No context init parameter 'javax.faces.FULL_STATE_SAVING_VIEW_IDS' found.
[8/4/20 2:50:12:857 UTC] 00000038 org.apache.myfaces.webapp.WebConfigParamsLogger              I No context init parameter 'javax.faces.PARTIAL_STATE_SAVING' found, using default value 'true (false with 1.2 webapps)'.
[8/4/20 2:50:12:857 UTC] 00000038 org.apache.myfaces.webapp.WebConfigParamsLogger              I No context init parameter 'javax.faces.SERIALIZE_SERVER_STATE' found, using default value 'false'.
[8/4/20 2:50:12:857 UTC] 00000038 org.apache.myfaces.webapp.WebConfigParamsLogger              I No context init parameter 'javax.faces.FACELETS_SUFFIX' found, using default value '.xhtml'.
[8/4/20 2:50:12:858 UTC] 00000038 org.apache.myfaces.webapp.WebConfigParamsLogger              I No context init parameter 'javax.faces.FACELETS_VIEW_MAPPINGS' found.
[8/4/20 2:50:12:858 UTC] 00000038 org.apache.myfaces.webapp.WebConfigParamsLogger              I No context init parameter 'DISABLE_FACELET_JSF_VIEWHANDLER' found.
[8/4/20 2:50:12:858 UTC] 00000038 org.apache.myfaces.webapp.WebConfigParamsLogger              I No context init parameter 'javax.faces.FACELETS_BUFFER_SIZE' found, using default value '1024'.
[8/4/20 2:50:12:858 UTC] 00000038 org.apache.myfaces.webapp.WebConfigParamsLogger              I No context init parameter 'javax.faces.FACELETS_DECORATORS' found.
[8/4/20 2:50:12:858 UTC] 00000038 org.apache.myfaces.webapp.WebConfigParamsLogger              I No context init parameter 'javax.faces.FACELETS_LIBRARIES' found.
[8/4/20 2:50:12:858 UTC] 00000038 org.apache.myfaces.webapp.WebConfigParamsLogger              I No context init parameter 'javax.faces.FACELETS_REFRESH_PERIOD' found, using default value '-1'.
[8/4/20 2:50:12:858 UTC] 00000038 org.apache.myfaces.webapp.WebConfigParamsLogger              I No context init parameter 'javax.faces.FACELETS_SKIP_COMMENTS' found.
[8/4/20 2:50:12:858 UTC] 00000038 org.apache.myfaces.webapp.WebConfigParamsLogger              I No context init parameter 'javax.faces.HONOR_CURRENT_COMPONENT_ATTRIBUTES' found, using default value 'false'.
[8/4/20 2:50:12:858 UTC] 00000038 org.apache.myfaces.webapp.WebConfigParamsLogger              I No context init parameter 'javax.faces.VALIDATE_EMPTY_FIELDS' found, using default value 'auto'.
[8/4/20 2:50:12:858 UTC] 00000038 org.apache.myfaces.webapp.WebConfigParamsLogger              I No context init parameter 'javax.faces.INTERPRET_EMPTY_STRING_SUBMITTED_VALUES_AS_NULL' found, using default value 'false'.
[8/4/20 2:50:12:858 UTC] 00000038 org.apache.myfaces.webapp.WebConfigParamsLogger              I No context init parameter 'javax.faces.DATETIMECONVERTER_DEFAULT_TIMEZONE_IS_SYSTEM_TIMEZONE' found, using default value 'false'.
[8/4/20 2:50:12:859 UTC] 00000038 org.apache.myfaces.webapp.WebConfigParamsLogger              I No context init parameter 'org.apache.myfaces.ENUM_CONVERTER_ALLOW_STRING_PASSTROUGH' found, using default value 'false'.
[8/4/20 2:50:12:859 UTC] 00000038 org.apache.myfaces.webapp.WebConfigParamsLogger              I No context init parameter 'javax.faces.validator.DISABLE_DEFAULT_BEAN_VALIDATOR' found, using default value 'true'.
[8/4/20 2:50:12:859 UTC] 00000038 org.apache.myfaces.webapp.WebConfigParamsLogger              I No context init parameter 'javax.faces.CONFIG_FILES' found.
[8/4/20 2:50:12:859 UTC] 00000038 org.apache.myfaces.webapp.WebConfigParamsLogger              I No context init parameter 'javax.faces.LIFECYCLE_ID' found.
[8/4/20 2:50:12:859 UTC] 00000038 org.apache.myfaces.webapp.WebConfigParamsLogger              I No context init parameter 'org.apache.myfaces.ERROR_HANDLER' found.
[8/4/20 2:50:12:859 UTC] 00000038 org.apache.myfaces.webapp.WebConfigParamsLogger              I No context init parameter 'org.apache.myfaces.CHECKED_VIEWID_CACHE_SIZE' found, using default value '500'.
[8/4/20 2:50:12:859 UTC] 00000038 org.apache.myfaces.webapp.WebConfigParamsLogger              I No context init parameter 'org.apache.myfaces.CHECKED_VIEWID_CACHE_ENABLED' found, using default value 'true'.
[8/4/20 2:50:12:859 UTC] 00000038 org.apache.myfaces.webapp.WebConfigParamsLogger              I No context init parameter 'org.apache.myfaces.PRETTY_HTML' found, using default value 'true'.
[8/4/20 2:50:12:859 UTC] 00000038 org.apache.myfaces.webapp.WebConfigParamsLogger              I No context init parameter 'org.apache.myfaces.ALLOW_JAVASCRIPT' found, using default value 'true'.
[8/4/20 2:50:12:859 UTC] 00000038 org.apache.myfaces.webapp.WebConfigParamsLogger              I No context init parameter 'org.apache.myfaces.CONFIG_REFRESH_PERIOD' found, using default value '2'.
[8/4/20 2:50:12:859 UTC] 00000038 org.apache.myfaces.webapp.WebConfigParamsLogger              I No context init parameter 'org.apache.myfaces.VIEWSTATE_JAVASCRIPT' found, using default value 'false'.
[8/4/20 2:50:12:860 UTC] 00000038 org.apache.myfaces.webapp.WebConfigParamsLogger              I No context init parameter 'org.apache.myfaces.RENDER_VIEWSTATE_ID' found, using default value 'true'.
[8/4/20 2:50:12:860 UTC] 00000038 org.apache.myfaces.webapp.WebConfigParamsLogger              I No context init parameter 'org.apache.myfaces.STRICT_XHTML_LINKS' found, using default value 'true'.
[8/4/20 2:50:12:860 UTC] 00000038 org.apache.myfaces.webapp.WebConfigParamsLogger              I No context init parameter 'org.apache.myfaces.RENDER_CLEAR_JAVASCRIPT_FOR_BUTTON' found, using default value 'false'.
[8/4/20 2:50:12:860 UTC] 00000038 org.apache.myfaces.webapp.WebConfigParamsLogger              I No context init parameter 'org.apache.myfaces.RENDER_HIDDEN_FIELDS_FOR_LINK_PARAMS' found, using default value 'false'.
[8/4/20 2:50:12:860 UTC] 00000038 org.apache.myfaces.webapp.WebConfigParamsLogger              I No context init parameter 'org.apache.myfaces.SAVE_FORM_SUBMIT_LINK_IE' found, using default value 'false'.
[8/4/20 2:50:12:860 UTC] 00000038 org.apache.myfaces.webapp.WebConfigParamsLogger              I No context init parameter 'org.apache.myfaces.DELEGATE_FACES_SERVLET' found.
[8/4/20 2:50:12:860 UTC] 00000038 org.apache.myfaces.webapp.WebConfigParamsLogger              I No context init parameter 'org.apache.myfaces.REFRESH_TRANSIENT_BUILD_ON_PSS' found, using default value 'auto'.
[8/4/20 2:50:12:860 UTC] 00000038 org.apache.myfaces.webapp.WebConfigParamsLogger              I No context init parameter 'org.apache.myfaces.REFRESH_TRANSIENT_BUILD_ON_PSS_PRESERVE_STATE' found, using default value 'false'.
[8/4/20 2:50:12:860 UTC] 00000038 org.apache.myfaces.webapp.WebConfigParamsLogger              I No context init parameter 'org.apache.myfaces.VALIDATE_XML' found.
[8/4/20 2:50:12:861 UTC] 00000038 org.apache.myfaces.webapp.WebConfigParamsLogger              I No context init parameter 'org.apache.myfaces.WRAP_SCRIPT_CONTENT_WITH_XML_COMMENT_TAG' found, using default value 'false'.
[8/4/20 2:50:12:861 UTC] 00000038 org.apache.myfaces.webapp.WebConfigParamsLogger              I No context init parameter 'org.apache.myfaces.RENDER_FORM_SUBMIT_SCRIPT_INLINE' found, using default value 'false'.
[8/4/20 2:50:12:861 UTC] 00000038 org.apache.myfaces.webapp.WebConfigParamsLogger              I No context init parameter 'org.apache.myfaces.DEBUG_PHASE_LISTENER' found.
[8/4/20 2:50:12:861 UTC] 00000038 org.apache.myfaces.webapp.WebConfigParamsLogger              I No context init parameter 'org.apache.myfaces.STRICT_JSF_2_REFRESH_TARGET_AJAX' found, using default value 'false'.
[8/4/20 2:50:12:861 UTC] 00000038 org.apache.myfaces.webapp.WebConfigParamsLogger              I No context init parameter 'org.apache.myfaces.STRICT_JSF_2_CC_EL_RESOLVER' found, using default value 'false'.
[8/4/20 2:50:12:861 UTC] 00000038 org.apache.myfaces.webapp.WebConfigParamsLogger              I No context init parameter 'org.apache.myfaces.DEFAULT_RESPONSE_WRITER_CONTENT_TYPE_MODE' found, using default value 'text/html'.
[8/4/20 2:50:12:861 UTC] 00000038 org.apache.myfaces.webapp.WebConfigParamsLogger              I No context init parameter 'org.apache.myfaces.VIEW_UNIQUE_IDS_CACHE_ENABLED' found, using default value 'true'.
[8/4/20 2:50:12:861 UTC] 00000038 org.apache.myfaces.webapp.WebConfigParamsLogger              I No context init parameter 'org.apache.myfaces.COMPONENT_UNIQUE_IDS_CACHE_SIZE' found, using default value '100'.
[8/4/20 2:50:12:861 UTC] 00000038 org.apache.myfaces.webapp.WebConfigParamsLogger              I No context init parameter 'org.apache.myfaces.SUPPORT_JSP_AND_FACES_EL' found, using default value 'true'.
[8/4/20 2:50:12:861 UTC] 00000038 org.apache.myfaces.webapp.WebConfigParamsLogger              I No context init parameter 'org.apache.myfaces.GAE_JSF_JAR_FILES' found.
[8/4/20 2:50:12:862 UTC] 00000038 org.apache.myfaces.webapp.WebConfigParamsLogger              I No context init parameter 'org.apache.myfaces.GAE_JSF_ANNOTATIONS_JAR_FILES' found.
[8/4/20 2:50:12:862 UTC] 00000038 org.apache.myfaces.webapp.WebConfigParamsLogger              I No context init parameter 'org.apache.myfaces.STRICT_JSF_2_VIEW_NOT_FOUND' found, using default value 'false'.
[8/4/20 2:50:12:862 UTC] 00000038 org.apache.myfaces.webapp.WebConfigParamsLogger              I No context init parameter 'org.apache.myfaces.EARLY_FLUSH_ENABLED' found, using default value 'false'.
[8/4/20 2:50:12:862 UTC] 00000038 org.apache.myfaces.webapp.WebConfigParamsLogger              I No context init parameter 'org.apache.myfaces.CDI_MANAGED_CONVERTERS_ENABLED' found, using default value 'false'.
[8/4/20 2:50:12:862 UTC] 00000038 org.apache.myfaces.webapp.WebConfigParamsLogger              I No context init parameter 'org.apache.myfaces.CDI_MANAGED_VALIDATORS_ENABLED' found, using default value 'false'.
[8/4/20 2:50:12:862 UTC] 00000038 org.apache.myfaces.webapp.WebConfigParamsLogger              I No context init parameter 'org.apache.myfaces.STRICT_JSF_2_FACELETS_COMPATIBILITY' found, using default value 'false'.
[8/4/20 2:50:12:862 UTC] 00000038 org.apache.myfaces.webapp.WebConfigParamsLogger              I No context init parameter 'org.apache.myfaces.RENDER_FORM_VIEW_STATE_AT_BEGIN' found, using default value 'false'.
[8/4/20 2:50:12:862 UTC] 00000038 org.apache.myfaces.webapp.WebConfigParamsLogger              I No context init parameter 'org.apache.myfaces.FLASH_SCOPE_DISABLED' found, using default value 'false'.
[8/4/20 2:50:12:862 UTC] 00000038 org.apache.myfaces.webapp.WebConfigParamsLogger              I No context init parameter 'org.apache.myfaces.NUMBER_OF_VIEWS_IN_SESSION' found, using default value '20'.
[8/4/20 2:50:12:862 UTC] 00000038 org.apache.myfaces.webapp.WebConfigParamsLogger              I No context init parameter 'org.apache.myfaces.NUMBER_OF_SEQUENTIAL_VIEWS_IN_SESSION' found, using default value '4'.
[8/4/20 2:50:12:863 UTC] 00000038 org.apache.myfaces.webapp.WebConfigParamsLogger              I No context init parameter 'org.apache.myfaces.NUMBER_OF_FLASH_TOKENS_IN_SESSION' found.
[8/4/20 2:50:12:863 UTC] 00000038 org.apache.myfaces.webapp.WebConfigParamsLogger              I No context init parameter 'org.apache.myfaces.FACES_FLOW_CLIENT_WINDOW_IDS_IN_SESSION' found.
[8/4/20 2:50:12:863 UTC] 00000038 org.apache.myfaces.webapp.WebConfigParamsLogger              I No context init parameter 'org.apache.myfaces.RESOURCE_MAX_TIME_EXPIRES' found, using default value '604800000'.
[8/4/20 2:50:12:863 UTC] 00000038 org.apache.myfaces.webapp.WebConfigParamsLogger              I No context init parameter 'org.apache.myfaces.RESOURCE_HANDLER_CACHE_SIZE' found, using default value '500'.
[8/4/20 2:50:12:863 UTC] 00000038 org.apache.myfaces.webapp.WebConfigParamsLogger              I No context init parameter 'org.apache.myfaces.RESOURCE_HANDLER_CACHE_ENABLED' found, using default value 'true'.
[8/4/20 2:50:12:863 UTC] 00000038 org.apache.myfaces.webapp.WebConfigParamsLogger              I No context init parameter 'org.apache.myfaces.USE_ENCRYPTION' found, using default value 'true'.
[8/4/20 2:50:12:863 UTC] 00000038 org.apache.myfaces.webapp.WebConfigParamsLogger              I No context init parameter 'org.apache.myfaces.SECRET' found.
[8/4/20 2:50:12:863 UTC] 00000038 org.apache.myfaces.webapp.WebConfigParamsLogger              I No context init parameter 'org.apache.myfaces.ALGORITHM' found, using default value 'DES'.
[8/4/20 2:50:12:863 UTC] 00000038 org.apache.myfaces.webapp.WebConfigParamsLogger              I No context init parameter 'org.apache.myfaces.SECRET.CACHE' found.
[8/4/20 2:50:12:864 UTC] 00000038 org.apache.myfaces.webapp.WebConfigParamsLogger              I No context init parameter 'org.apache.myfaces.ALGORITHM.IV' found.
[8/4/20 2:50:12:864 UTC] 00000038 org.apache.myfaces.webapp.WebConfigParamsLogger              I No context init parameter 'org.apache.myfaces.ALGORITHM.PARAMETERS' found, using default value 'ECB/PKCS5Padding'.
[8/4/20 2:50:12:864 UTC] 00000038 org.apache.myfaces.webapp.WebConfigParamsLogger              I No context init parameter 'org.apache.myfaces.SERIAL_FACTORY' found.
[8/4/20 2:50:12:864 UTC] 00000038 org.apache.myfaces.webapp.WebConfigParamsLogger              I No context init parameter 'org.apache.myfaces.COMPRESS_STATE_IN_CLIENT' found, using default value 'false'.
[8/4/20 2:50:12:864 UTC] 00000038 org.apache.myfaces.webapp.WebConfigParamsLogger              I No context init parameter 'org.apache.myfaces.MAC_ALGORITHM' found, using default value 'HmacSHA1'.
[8/4/20 2:50:12:864 UTC] 00000038 org.apache.myfaces.webapp.WebConfigParamsLogger              I No context init parameter 'org.apache.myfaces.MAC_SECRET' found.
[8/4/20 2:50:12:864 UTC] 00000038 org.apache.myfaces.webapp.WebConfigParamsLogger              I No context init parameter 'org.apache.myfaces.MAC_SECRET.CACHE' found.
[8/4/20 2:50:12:864 UTC] 00000038 org.apache.myfaces.webapp.WebConfigParamsLogger              I No context init parameter 'org.apache.myfaces.LAZY_LOAD_CONFIG_OBJECTS' found, using default value 'true'.
[8/4/20 2:50:12:864 UTC] 00000038 org.apache.myfaces.webapp.WebConfigParamsLogger              I No context init parameter 'org.apache.myfaces.STRICT_JSF_2_ALLOW_SLASH_LIBRARY_NAME' found, using default value 'false'.
[8/4/20 2:50:12:864 UTC] 00000038 org.apache.myfaces.webapp.WebConfigParamsLogger              I No context init parameter 'org.apache.myfaces.RESOURCE_BUFFER_SIZE' found, using default value '2048'.
[8/4/20 2:50:12:864 UTC] 00000038 org.apache.myfaces.webapp.WebConfigParamsLogger              I No context init parameter 'org.apache.myfaces.RANDOM_KEY_IN_CSRF_SESSION_TOKEN' found, using default value 'none'.
[8/4/20 2:50:12:865 UTC] 00000038 org.apache.myfaces.webapp.WebConfigParamsLogger              I No context init parameter 'org.apache.myfaces.RANDOM_KEY_IN_CSRF_SESSION_TOKEN_LENGTH' found, using default value '16'.
[8/4/20 2:50:12:865 UTC] 00000038 org.apache.myfaces.webapp.WebConfigParamsLogger              I No context init parameter 'org.apache.myfaces.RANDOM_KEY_IN_CSRF_SESSION_TOKEN_SECURE_RANDOM_CLASS' found.
[8/4/20 2:50:12:865 UTC] 00000038 org.apache.myfaces.webapp.WebConfigParamsLogger              I No context init parameter 'org.apache.myfaces.RANDOM_KEY_IN_CSRF_SESSION_TOKEN_SECURE_RANDOM_PROVIDER' found.
[8/4/20 2:50:12:865 UTC] 00000038 org.apache.myfaces.webapp.WebConfigParamsLogger              I No context init parameter 'org.apache.myfaces.RANDOM_KEY_IN_CSRF_SESSION_TOKEN_SECURE_RANDOM_ALGORITM' found, using default value 'SHA1PRNG'.
[8/4/20 2:50:12:865 UTC] 00000038 org.apache.myfaces.webapp.WebConfigParamsLogger              I No context init parameter 'org.apache.myfaces.CLIENT_VIEW_STATE_TIMEOUT' found, using default value '0'.
[8/4/20 2:50:12:865 UTC] 00000038 org.apache.myfaces.webapp.WebConfigParamsLogger              I No context init parameter 'org.apache.myfaces.SERIALIZE_STATE_IN_SESSION' found, using default value 'false'.
[8/4/20 2:50:12:865 UTC] 00000038 org.apache.myfaces.webapp.WebConfigParamsLogger              I No context init parameter 'org.apache.myfaces.COMPRESS_STATE_IN_SESSION' found, using default value 'true'.
[8/4/20 2:50:12:865 UTC] 00000038 org.apache.myfaces.webapp.WebConfigParamsLogger              I No context init parameter 'org.apache.myfaces.CACHE_OLD_VIEWS_IN_SESSION_MODE' found, using default value 'off'.
[8/4/20 2:50:12:865 UTC] 00000038 org.apache.myfaces.webapp.WebConfigParamsLogger              I No context init parameter 'org.apache.myfaces.USE_FLASH_SCOPE_PURGE_VIEWS_IN_SESSION' found, using default value 'false'.
[8/4/20 2:50:12:865 UTC] 00000038 org.apache.myfaces.webapp.WebConfigParamsLogger              I No context init parameter 'org.apache.myfaces.RANDOM_KEY_IN_VIEW_STATE_SESSION_TOKEN' found, using default value 'none'.
[8/4/20 2:50:12:865 UTC] 00000038 org.apache.myfaces.webapp.WebConfigParamsLogger              I No context init parameter 'org.apache.myfaces.RANDOM_KEY_IN_VIEW_STATE_SESSION_TOKEN_LENGTH' found, using default value '8'.
[8/4/20 2:50:12:866 UTC] 00000038 org.apache.myfaces.webapp.WebConfigParamsLogger              I No context init parameter 'org.apache.myfaces.RANDOM_KEY_IN_VIEW_STATE_SESSION_TOKEN_SECURE_RANDOM_CLASS' found.
[8/4/20 2:50:12:866 UTC] 00000038 org.apache.myfaces.webapp.WebConfigParamsLogger              I No context init parameter 'org.apache.myfaces.RANDOM_KEY_IN_VIEW_STATE_SESSION_TOKEN_SECURE_RANDOM_PROVIDER' found.
[8/4/20 2:50:12:866 UTC] 00000038 org.apache.myfaces.webapp.WebConfigParamsLogger              I No context init parameter 'org.apache.myfaces.RANDOM_KEY_IN_VIEW_STATE_SESSION_TOKEN_SECURE_RANDOM_ALGORITM' found, using default value 'SHA1PRNG'.
[8/4/20 2:50:12:866 UTC] 00000038 org.apache.myfaces.webapp.WebConfigParamsLogger              I No context init parameter 'facelets.LIBRARIES' found.
[8/4/20 2:50:12:866 UTC] 00000038 org.apache.myfaces.webapp.WebConfigParamsLogger              I No context init parameter 'org.apache.myfaces.VALIDATE' found, using default value 'false'.
[8/4/20 2:50:12:866 UTC] 00000038 org.apache.myfaces.webapp.WebConfigParamsLogger              I No context init parameter 'org.apache.myfaces.annotation.SCAN_PACKAGES' found.
[8/4/20 2:50:12:866 UTC] 00000038 org.apache.myfaces.webapp.WebConfigParamsLogger              I No context init parameter 'org.apache.myfaces.config.annotation.LifecycleProvider' found.
[8/4/20 2:50:12:866 UTC] 00000038 org.apache.myfaces.webapp.WebConfigParamsLogger              I No context init parameter 'org.apache.myfaces.EL_RESOLVER_COMPARATOR' found.
[8/4/20 2:50:12:866 UTC] 00000038 org.apache.myfaces.webapp.WebConfigParamsLogger              I No context init parameter 'org.apache.myfaces.EL_RESOLVER_PREDICATE' found.
[8/4/20 2:50:12:866 UTC] 00000038 org.apache.myfaces.webapp.WebConfigParamsLogger              I No context init parameter 'org.apache.myfaces.DEFAULT_WINDOW_MODE' found, using default value 'url'.
[8/4/20 2:50:12:866 UTC] 00000038 org.apache.myfaces.webapp.WebConfigParamsLogger              I No context init parameter 'org.apache.myfaces.CHECKED_VIEWID_CACHE_SIZE' found, using default value '500'.
[8/4/20 2:50:12:867 UTC] 00000038 org.apache.myfaces.webapp.WebConfigParamsLogger              I No context init parameter 'org.apache.myfaces.CHECKED_VIEWID_CACHE_ENABLED' found, using default value 'true'.
[8/4/20 2:50:12:867 UTC] 00000038 org.apache.myfaces.webapp.WebConfigParamsLogger              I No context init parameter 'org.apache.myfaces.ERROR_TEMPLATE_RESOURCE' found, using default value 'META-INF/rsc/myfaces-dev-error.xml'.
[8/4/20 2:50:12:867 UTC] 00000038 org.apache.myfaces.webapp.WebConfigParamsLogger              I No context init parameter 'org.apache.myfaces.DEBUG_TEMPLATE_RESOURCE' found, using default value 'META-INF/rsc/myfaces-dev-debug.xml'.
[8/4/20 2:50:12:867 UTC] 00000038 org.apache.myfaces.webapp.WebConfigParamsLogger              I No context init parameter 'org.apache.myfaces.ERROR_HANDLING' found, using default value 'false, on Development Project stage: true'.
[8/4/20 2:50:12:867 UTC] 00000038 org.apache.myfaces.webapp.WebConfigParamsLogger              I No context init parameter 'org.apache.myfaces.HANDLE_STATE_CACHING_MECHANICS' found, using default value 'true'.
[8/4/20 2:50:12:867 UTC] 00000038 org.apache.myfaces.webapp.WebConfigParamsLogger              I No context init parameter 'org.apache.myfaces.AUTOCOMPLETE_OFF_VIEW_STATE' found, using default value 'true'.
[8/4/20 2:50:12:867 UTC] 00000038 org.apache.myfaces.webapp.WebConfigParamsLogger              I No context init parameter 'org.apache.myfaces.USE_MULTIPLE_JS_FILES_FOR_JSF_UNCOMPRESSED_JS' found, using default value 'false'.
[8/4/20 2:50:12:867 UTC] 00000038 org.apache.myfaces.webapp.WebConfigParamsLogger              I No context init parameter 'org.apache.myfaces.JSF_JS_MODE' found, using default value 'normal'.
[8/4/20 2:50:12:867 UTC] 00000038 org.apache.myfaces.webapp.WebConfigParamsLogger              I No context init parameter 'org.apache.myfaces.TEMPORAL_RESOURCEHANDLER_CACHE_ENABLED' found, using default value 'false'.
[8/4/20 2:50:12:867 UTC] 00000038 org.apache.myfaces.webapp.WebConfigParamsLogger              I No context init parameter 'org.apache.myfaces.SERVICE_PROVIDER_FINDER' found.
[8/4/20 2:50:12:867 UTC] 00000038 org.apache.myfaces.webapp.WebConfigParamsLogger              I No context init parameter 'org.apache.myfaces.spi.InjectionProvider' found.
[8/4/20 2:50:12:868 UTC] 00000038 org.apache.myfaces.webapp.WebConfigParamsLogger              I No context init parameter 'javax.faces.DISABLE_FACELET_JSF_VIEWHANDLER' found, using default value 'false'.
[8/4/20 2:50:12:868 UTC] 00000038 org.apache.myfaces.webapp.WebConfigParamsLogger              I No context init parameter 'org.apache.myfaces.SAVE_STATE_WITH_VISIT_TREE_ON_PSS' found, using default value 'true'.
[8/4/20 2:50:12:868 UTC] 00000038 org.apache.myfaces.webapp.WebConfigParamsLogger              I No context init parameter 'org.apache.myfaces.CHECK_ID_PRODUCTION_MODE' found, using default value 'auto'.
[8/4/20 2:50:12:868 UTC] 00000038 org.apache.myfaces.webapp.WebConfigParamsLogger              I No context init parameter 'facelets.BUFFER_SIZE' found.
[8/4/20 2:50:12:868 UTC] 00000038 org.apache.myfaces.webapp.WebConfigParamsLogger              I No context init parameter 'facelets.REFRESH_PERIOD' found, using default value '-1'.
[8/4/20 2:50:12:868 UTC] 00000038 org.apache.myfaces.webapp.WebConfigParamsLogger              I No context init parameter 'javax.faces.FACELETS_RESOURCE_RESOLVER' found.
[8/4/20 2:50:12:868 UTC] 00000038 org.apache.myfaces.webapp.WebConfigParamsLogger              I No context init parameter 'facelets.RESOURCE_RESOLVER' found.
[8/4/20 2:50:12:868 UTC] 00000038 org.apache.myfaces.webapp.WebConfigParamsLogger              I No context init parameter 'org.apache.myfaces.MARK_INITIAL_STATE_WHEN_APPLY_BUILD_VIEW' found, using default value 'false'.
[8/4/20 2:50:12:868 UTC] 00000038 org.apache.myfaces.webapp.WebConfigParamsLogger              I No context init parameter 'facelets.DECORATORS' found.
[8/4/20 2:50:12:868 UTC] 00000038 org.apache.myfaces.webapp.WebConfigParamsLogger              I No context init parameter 'facelets.SKIP_COMMENTS' found.
[8/4/20 2:50:12:868 UTC] 00000038 org.apache.myfaces.webapp.WebConfigParamsLogger              I No context init parameter 'org.apache.myfaces.WRAP_TAG_EXCEPTIONS_AS_CONTEXT_AWARE' found, using default value 'true'.
[8/4/20 2:50:12:869 UTC] 00000038 org.apache.myfaces.webapp.WebConfigParamsLogger              I No context init parameter 'org.apache.myfaces.CACHE_EL_EXPRESSIONS' found, using default value 'noCache'.
[8/4/20 2:50:12:869 UTC] 00000038 org.apache.myfaces.webapp.WebConfigParamsLogger              I No context init parameter 'org.apache.myfaces.VIEW_POOL_MAX_POOL_SIZE' found, using default value '5'.
[8/4/20 2:50:12:869 UTC] 00000038 org.apache.myfaces.webapp.WebConfigParamsLogger              I No context init parameter 'org.apache.myfaces.VIEW_POOL_MAX_DYNAMIC_PARTIAL_LIMIT' found, using default value '2'.
[8/4/20 2:50:12:869 UTC] 00000038 org.apache.myfaces.webapp.WebConfigParamsLogger              I No context init parameter 'org.apache.myfaces.VIEW_POOL_ENTRY_MODE' found, using default value 'soft'.
[8/4/20 2:50:12:869 UTC] 00000038 org.apache.myfaces.webapp.WebConfigParamsLogger              I No context init parameter 'org.apache.myfaces.VIEW_POOL_DEFERRED_NAVIGATION' found, using default value 'false'.
[8/4/20 2:50:12:869 UTC] 00000038 org.apache.myfaces.webapp.WebConfigParamsLogger              I No context init parameter 'org.apache.myfaces.EXPRESSION_FACTORY' found.
[8/4/20 2:50:12:869 UTC] 00000038 org.apache.myfaces.webapp.WebConfigParamsLogger              I No context init parameter 'org.apache.myfaces.INITIALIZE_ALWAYS_STANDALONE' found, using default value 'false'.
[8/4/20 2:50:12:869 UTC] 00000038 org.apache.myfaces.webapp.WebConfigParamsLogger              I No context init parameter 'org.apache.myfaces.LOG_WEB_CONTEXT_PARAMS' found, using default value 'auto'.
[8/4/20 2:50:12:869 UTC] 00000038 org.apache.myfaces.webapp.WebConfigParamsLogger              I No context init parameter 'org.apache.myfaces.FACES_INITIALIZER' found.
[8/4/20 2:50:12:869 UTC] 00000038 org.apache.myfaces.webapp.WebConfigParamsLogger              I No context init parameter 'org.apache.myfaces.FACES_INIT_PLUGINS' found.
[8/4/20 2:50:12:870 UTC] 00000038 org.apache.myfaces.util.ExternalSpecifications               I MyFaces Unified EL support enabled
[8/4/20 2:50:12:871 UTC] 00000038 org.apache.myfaces.view.facelets.ViewPoolProcessor           I org.apache.myfaces.CACHE_EL_EXPRESSIONS web config parameter is set to "noCache". To enable view pooling this param must be set to "alwaysRecompile". View Pooling disabled.
[8/4/20 2:50:12:886 UTC] 00000038 SystemOut                                                    O Settings from daytrader.properties: {marketSummaryInterval=20, orderProcessingMode=0, trace=false, cacheSize=100000, percentSentToWebsocket=10, runtimeMode=1, webInterface=0, maxQuotes=10000, longRun=true, useRemoteEJBInterface=false, actionTrace=false, primIterations=1, maxUsers=15000, displayOrderAlerts=true, publishQuotePriceChange=true, cachingType=1}
[8/4/20 2:50:12:932 UTC] 00000038 com.ibm.ws.app.manager.AppMessageHelper                      A CWWKZ0001I: Application daytrader started in 2.873 seconds.
[8/4/20 2:50:12:937 UTC] 00000038 com.ibm.ws.webcontainer.security.ServletStartedListener      I CWWKS9122I:  For URL TradeScenarioServlet in application daytrader, the following HTTP methods are uncovered, and accessible: HEAD OPTIONS TRACE 
[8/4/20 2:50:12:977 UTC] 0000002b com.ibm.ws.tcpchannel.internal.TCPPort                       I CWWKO0219I: TCP Channel defaultHttpEndpoint has been started and is now listening for requests on host *  (IPv4) port 9080.
[8/4/20 2:50:12:979 UTC] 0000002b com.ibm.ws.tcpchannel.internal.TCPPort                       I CWWKO0219I: TCP Channel wasJmsEndpoint483 has been started and is now listening for requests on host localhost  (IPv4: 127.0.0.1) port 7276.
[8/4/20 2:50:12:982 UTC] 0000002b com.ibm.ws.tcpchannel.internal.TCPPort                       I CWWKO0219I: TCP Channel defaultHttpEndpoint-ssl has been started and is now listening for requests on host *  (IPv4) port 9443.
[8/4/20 2:50:12:982 UTC] 0000002b com.ibm.ws.tcpchannel.internal.TCPPort                       I CWWKO0219I: TCP Channel wasJmsEndpoint483-ssl has been started and is now listening for requests on host localhost  (IPv4: 127.0.0.1) port 7286.
[8/4/20 2:50:13:026 UTC] 0000002b com.ibm.ws.sib.utils.ras.SibMessage                          I  CWSIV0777I: A connection to messaging engine defaultME for destination TradeBrokerQueue on bus defaultBus has been successfully created.
[8/4/20 2:50:13:026 UTC] 0000002b com.ibm.ws.sib.utils.ras.SibMessage                          I  CWSIV0556I: Connection to the Messaging Engine was successful. The message-driven bean with activation specification eis/TradeBrokerMDB will now be able to receive the messages from destination TradeBrokerQueue.
[8/4/20 2:50:13:026 UTC] 0000002b com.ibm.ws.jca.service.EndpointActivationService             I J2CA8801I: The message endpoint for activation specification eis/TradeBrokerMDB and message driven bean application daytrader#daytrader-ee7-ejb.jar#DTBroker3MDB is activated.
[8/4/20 2:50:13:033 UTC] 0000002b com.ibm.ws.sib.utils.ras.SibMessage                          I  CWSIV0777I: A connection to messaging engine defaultME for destination TradeTopicSpace on bus defaultBus has been successfully created.
[8/4/20 2:50:13:033 UTC] 0000002b com.ibm.ws.sib.utils.ras.SibMessage                          I  CWSIV0556I: Connection to the Messaging Engine was successful. The message-driven bean with activation specification eis/TradeStreamerMDB will now be able to receive the messages from destination TradeTopicSpace.
[8/4/20 2:50:13:034 UTC] 0000002b com.ibm.ws.jca.service.EndpointActivationService             I J2CA8801I: The message endpoint for activation specification eis/TradeStreamerMDB and message driven bean application daytrader#daytrader-ee7-ejb.jar#DTStreamer3MDB is activated.
[8/4/20 2:50:13:040 UTC] 0000002b com.ibm.ws.kernel.feature.internal.FeatureManager            A CWWKF0012I: The server installed the following features: [appSecurity-2.0, beanValidation-1.1, cdi-1.2, concurrent-1.0, distributedMap-1.0, ejb-3.2, ejbHome-3.2, ejbLite-3.2, ejbPersistentTimer-3.2, ejbRemote-3.2, el-3.0, federatedRegistry-1.0, jca-1.7, jdbc-4.1, jndi-1.0, jpa-2.1, jpaContainer-2.1, jsf-2.2, jsonp-1.0, jsp-2.3, ldapRegistry-3.0, localConnector-1.0, mdb-3.2, servlet-3.1, ssl-1.0, transportSecurity-1.0, wasJmsClient-2.0, wasJmsServer-1.0, websocket-1.1].
[8/4/20 2:50:13:041 UTC] 0000002b com.ibm.ws.kernel.feature.internal.FeatureManager            I CWWKF0008I: Feature update completed in 5.335 seconds.
[8/4/20 2:50:13:041 UTC] 0000002b com.ibm.ws.kernel.feature.internal.FeatureManager            A CWWKF0011I: The defaultServer server is ready to run a smarter planet. The defaultServer server started in 6.237 seconds.
[8/4/20 2:50:45:395 UTC] 0000004b daytrader                                                    I JPA Shared L2 Cache disabled.
[8/4/20 2:50:46:279 UTC] 00000037 com.ibm.ws.rsadapter.impl.DatabaseHelper                     I DSRA8203I: Database product name : Apache Derby
[8/4/20 2:50:46:279 UTC] 0000002b com.ibm.ws.rsadapter.impl.DatabaseHelper                     I DSRA8203I: Database product name : Apache Derby
[8/4/20 2:50:46:283 UTC] 00000037 com.ibm.ws.rsadapter.impl.DatabaseHelper                     I DSRA8204I: Database product version : 10.14.2.0 - (1828579)
[8/4/20 2:50:46:283 UTC] 0000002b com.ibm.ws.rsadapter.impl.DatabaseHelper                     I DSRA8204I: Database product version : 10.14.2.0 - (1828579)
[8/4/20 2:50:46:283 UTC] 00000037 com.ibm.ws.rsadapter.impl.DatabaseHelper                     I DSRA8205I: JDBC driver name  : Apache Derby Embedded JDBC Driver
[8/4/20 2:50:46:283 UTC] 0000002b com.ibm.ws.rsadapter.impl.DatabaseHelper                     I DSRA8205I: JDBC driver name  : Apache Derby Embedded JDBC Driver
[8/4/20 2:50:46:284 UTC] 00000037 com.ibm.ws.rsadapter.impl.DatabaseHelper                     I DSRA8206I: JDBC driver version  : 10.14.2.0 - (1828579)
[8/4/20 2:50:46:279 UTC] 0000004b com.ibm.ws.rsadapter.impl.DatabaseHelper                     I DSRA8203I: Database product name : Apache Derby
[8/4/20 2:50:46:284 UTC] 0000002b com.ibm.ws.rsadapter.impl.DatabaseHelper                     I DSRA8206I: JDBC driver version  : 10.14.2.0 - (1828579)
[8/4/20 2:50:46:284 UTC] 0000004b com.ibm.ws.rsadapter.impl.DatabaseHelper                     I DSRA8204I: Database product version : 10.14.2.0 - (1828579)
[8/4/20 2:50:46:285 UTC] 0000004b com.ibm.ws.rsadapter.impl.DatabaseHelper                     I DSRA8205I: JDBC driver name  : Apache Derby Embedded JDBC Driver
[8/4/20 2:50:46:285 UTC] 0000004b com.ibm.ws.rsadapter.impl.DatabaseHelper                     I DSRA8206I: JDBC driver version  : 10.14.2.0 - (1828579)
[8/4/20 2:50:46:279 UTC] 0000002f com.ibm.ws.rsadapter.impl.DatabaseHelper                     I DSRA8203I: Database product name : Apache Derby
[8/4/20 2:50:46:285 UTC] 0000002f com.ibm.ws.rsadapter.impl.DatabaseHelper                     I DSRA8204I: Database product version : 10.14.2.0 - (1828579)
[8/4/20 2:50:46:285 UTC] 0000002f com.ibm.ws.rsadapter.impl.DatabaseHelper                     I DSRA8205I: JDBC driver name  : Apache Derby Embedded JDBC Driver
[8/4/20 2:50:46:285 UTC] 0000002f com.ibm.ws.rsadapter.impl.DatabaseHelper                     I DSRA8206I: JDBC driver version  : 10.14.2.0 - (1828579)
[8/4/20 2:50:46:722 UTC] 00000037 com.ibm.ws.webcontainer.servlet                              I SRVE0242I: [daytrader] [/daytrader] [TradeAppServlet]: Initialization successful.
[8/4/20 2:50:47:112 UTC] 00000037 com.ibm.ws.webcontainer.servlet                              I SRVE0242I: [daytrader] [/daytrader] [/tradehome.jsp]: Initialization successful.
[8/4/20 2:50:47:267 UTC] 00000038 com.ibm.ws.webcontainer.servlet                              I SRVE0242I: [daytrader] [/daytrader] [/quote.jsp]: Initialization successful.
[8/4/20 2:50:47:283 UTC] 00000038 com.ibm.ws.webcontainer.servlet                              I SRVE0242I: [daytrader] [/daytrader] [/displayQuote.jsp]: Initialization successful.
[8/4/20 2:50:47:365 UTC] 00000073 com.ibm.ws.webcontainer.servlet                              I SRVE0242I: [daytrader] [/daytrader] [/portfolio.jsp]: Initialization successful.
[8/4/20 2:50:47:400 UTC] 00000039 com.ibm.ws.webcontainer.servlet                              I SRVE0242I: [daytrader] [/daytrader] [/account.jsp]: Initialization successful.
[8/4/20 2:50:47:582 UTC] 00000030 com.ibm.ws.webcontainer.servlet                              I SRVE0242I: [daytrader] [/daytrader] [/welcome.jsp]: Initialization successful.
[8/4/20 2:50:48:132 UTC] 00000073 com.ibm.ws.webcontainer.servlet                              I SRVE0242I: [daytrader] [/daytrader] [/order.jsp]: Initialization successful.
[8/4/20 2:50:48:202 UTC] 00000039 com.ibm.ws.webcontainer.servlet                              I SRVE0242I: [daytrader] [/daytrader] [/register.jsp]: Initialization successful.
[8/4/20 2:50:48:451 UTC] 00000073 com.ibm.ws.webcontainer.servlet                              I SRVE0242I: [daytrader] [/daytrader] [Faces Servlet]: Initialization successful.
[8/4/20 2:54:41:657 UTC] 000000a2 daytrader                                                    I  DTStreamer3MDB: 10000 prices updated: Total message count = 10000 Time (in seconds): min: 0.0 max: 0.151 avg: 0.0023704999999999998
[8/4/20 2:55:58:026 UTC] 000000b1 com.ibm.ws.webcontainer.servlet                              I SRVE0242I: [swat] [/swat] [AllocateObject]: Initialization successful.
[8/4/20 2:55:58:032 UTC] 000000b1 SystemOut                                                    O swat.ear: Invoking com.ibm.AllocateObject by anonymous (172.17.0.1)... [retainData=true&size=1048576&waittime=1000&iterations=300]
[8/4/20 2:57:47:956 UTC] 000000ca daytrader                                                    I  DTStreamer3MDB: 10000 prices updated: Total message count = 20000 Time (in seconds): min: 0.0 max: 0.151 avg: 0.00168465
