
Tue Nov  5 22:40:41 UTC 2019
Tue Nov 5 22:40:41 UTC 2019 MustGather>> linperf.sh script starting...
Tue Nov 5 22:40:41 UTC 2019 MustGather>> Script version:  2016.05.31.
Tue Nov 5 22:40:41 UTC 2019 MustGather>> PROBLEMATIC_PID is:  17
Tue Nov 5 22:40:41 UTC 2019 MustGather>> SCRIPT_SPAN = 240
Tue Nov 5 22:40:41 UTC 2019 MustGather>> JAVACORE_INTERVAL = 30
Tue Nov 5 22:40:41 UTC 2019 MustGather>> TOP_INTERVAL = 60
Tue Nov 5 22:40:41 UTC 2019 MustGather>> TOP_DASH_H_INTERVAL = 5
Tue Nov 5 22:40:42 UTC 2019 MustGather>> VMSTAT_INTERVAL = 5
Tue Nov 5 22:40:42 UTC 2019 MustGather>> Collecting user authority data...
Tue Nov 5 22:40:42 UTC 2019 MustGather>> Collection of user authority data complete.
Tue Nov 5 22:40:42 UTC 2019 MustGather>> Creating output files...
Tue Nov 5 22:40:42 UTC 2019 MustGather>> Output files created:
Tue Nov 5 22:40:42 UTC 2019 MustGather>>      vmstat.out
Tue Nov 5 22:40:42 UTC 2019 MustGather>>      ps.out
Tue Nov 5 22:40:42 UTC 2019 MustGather>>      top.out
Tue Nov 5 22:40:42 UTC 2019 MustGather>>      topdashH.17.out
Tue Nov 5 22:40:42 UTC 2019 MustGather>> Collecting the first netstat snapshot...
Tue Nov 5 22:40:42 UTC 2019 MustGather>> First netstat snapshot complete.
Tue Nov 5 22:40:42 UTC 2019 MustGather>> Starting collection of top data...
Tue Nov 5 22:40:42 UTC 2019 MustGather>> Collection of top data started.
Tue Nov 5 22:40:42 UTC 2019 MustGather>> Starting collection of top dash H data...
Tue Nov 5 22:40:42 UTC 2019 MustGather>> Collection of top dash H data started for PID 17.
Tue Nov 5 22:40:42 UTC 2019 MustGather>> Starting collection of vmstat data...
Tue Nov 5 22:40:42 UTC 2019 MustGather>> Collection of vmstat data started.
Tue Nov 5 22:40:43 UTC 2019 MustGather>> Collecting a ps snapshot...
Tue Nov 5 22:40:43 UTC 2019 MustGather>> Collected a ps snapshot.
Tue Nov 5 22:40:43 UTC 2019 MustGather>> Collecting a javacore...
Tue Nov 5 22:40:43 UTC 2019 MustGather>> Collected a javacore for PID 17.
Tue Nov 5 22:40:43 UTC 2019 MustGather>> Continuing to collect data for 30 seconds...
Tue Nov 5 22:41:13 UTC 2019 MustGather>> Collecting a ps snapshot...
Tue Nov 5 22:41:13 UTC 2019 MustGather>> Collected a ps snapshot.
Tue Nov 5 22:41:13 UTC 2019 MustGather>> Collecting a javacore...
Tue Nov 5 22:41:13 UTC 2019 MustGather>> Collected a javacore for PID 17.
Tue Nov 5 22:41:13 UTC 2019 MustGather>> Continuing to collect data for 30 seconds...
Tue Nov 5 22:41:43 UTC 2019 MustGather>> Collecting a ps snapshot...
Tue Nov 5 22:41:43 UTC 2019 MustGather>> Collected a ps snapshot.
Tue Nov 5 22:41:43 UTC 2019 MustGather>> Collecting a javacore...
Tue Nov 5 22:41:43 UTC 2019 MustGather>> Collected a javacore for PID 17.
Tue Nov 5 22:41:43 UTC 2019 MustGather>> Continuing to collect data for 30 seconds...
Tue Nov 5 22:42:13 UTC 2019 MustGather>> Collecting a ps snapshot...
Tue Nov 5 22:42:14 UTC 2019 MustGather>> Collected a ps snapshot.
Tue Nov 5 22:42:14 UTC 2019 MustGather>> Collecting a javacore...
Tue Nov 5 22:42:14 UTC 2019 MustGather>> Collected a javacore for PID 17.
Tue Nov 5 22:42:14 UTC 2019 MustGather>> Continuing to collect data for 30 seconds...
Tue Nov 5 22:42:44 UTC 2019 MustGather>> Collecting a ps snapshot...
Tue Nov 5 22:42:44 UTC 2019 MustGather>> Collected a ps snapshot.
Tue Nov 5 22:42:44 UTC 2019 MustGather>> Collecting a javacore...
Tue Nov 5 22:42:44 UTC 2019 MustGather>> Collected a javacore for PID 17.
Tue Nov 5 22:42:44 UTC 2019 MustGather>> Continuing to collect data for 30 seconds...
Tue Nov 5 22:43:14 UTC 2019 MustGather>> Collecting a ps snapshot...
Tue Nov 5 22:43:14 UTC 2019 MustGather>> Collected a ps snapshot.
Tue Nov 5 22:43:14 UTC 2019 MustGather>> Collecting a javacore...
Tue Nov 5 22:43:14 UTC 2019 MustGather>> Collected a javacore for PID 17.
Tue Nov 5 22:43:14 UTC 2019 MustGather>> Continuing to collect data for 30 seconds...
Tue Nov 5 22:43:44 UTC 2019 MustGather>> Collecting a ps snapshot...
Tue Nov 5 22:43:44 UTC 2019 MustGather>> Collected a ps snapshot.
Tue Nov 5 22:43:44 UTC 2019 MustGather>> Collecting a javacore...
Tue Nov 5 22:43:44 UTC 2019 MustGather>> Collected a javacore for PID 17.
Tue Nov 5 22:43:44 UTC 2019 MustGather>> Continuing to collect data for 30 seconds...
Tue Nov 5 22:44:14 UTC 2019 MustGather>> Collecting a ps snapshot...
Tue Nov 5 22:44:15 UTC 2019 MustGather>> Collected a ps snapshot.
Tue Nov 5 22:44:15 UTC 2019 MustGather>> Collecting a javacore...
Tue Nov 5 22:44:15 UTC 2019 MustGather>> Collected a javacore for PID 17.
Tue Nov 5 22:44:15 UTC 2019 MustGather>> Continuing to collect data for 30 seconds...
Tue Nov 5 22:44:45 UTC 2019 MustGather>> Collecting the final ps snapshot...
Tue Nov 5 22:44:45 UTC 2019 MustGather>> Collected the final ps snapshot.
Tue Nov 5 22:44:45 UTC 2019 MustGather>> Collecting the final javacore...
Tue Nov 5 22:44:45 UTC 2019 MustGather>> Collected the final javacore for PID 17.
Tue Nov 5 22:44:45 UTC 2019 MustGather>> Collecting the final netstat snapshot...
Tue Nov 5 22:44:45 UTC 2019 MustGather>> Final netstat snapshot complete.
Tue Nov 5 22:44:45 UTC 2019 MustGather>> Collecting other data.  This may take a few moments...
Tue Nov 5 22:44:45 UTC 2019 MustGather>> Collected other data.
Tue Nov 5 22:44:45 UTC 2019 MustGather>> Preparing for packaging and cleanup...
Tue Nov 5 22:44:50 UTC 2019 MustGather>> Compressing output files into linperf_RESULTS.tar.gz
