
Tue Nov  5 22:40:42 UTC 2019

top - 22:40:43 up  7:37,  0 users,  load average: 6.15, 2.96, 2.06
Tasks:  92 total,   2 running,  90 sleeping,   0 stopped,   0 zombie
%Cpu(s): 70.4 us, 21.0 sy,  0.0 ni,  2.5 id,  0.0 wa,  0.0 hi,  6.2 si,  0.0 st
MiB Mem :  11993.5 total,   3542.4 free,   3062.3 used,   5388.8 buff/cache
MiB Swap:   1024.0 total,   1020.6 free,      3.4 used.   8613.5 avail Mem 

  PID USER      PR  NI    VIRT    RES    SHR S  %CPU  %MEM     TIME+ COMMAND
   17 was       20   0 3344956 445836  87684 S 273.7   3.6   2:38.26 java -jav+
 1755 was       20   0 3692948 423312  23888 S  31.6   3.4   1:01.83 /usr/bin/+
 2147 was       20   0    8028   3840   3384 R   5.3   0.0   0:00.02 top -bc -+
    1 root      20   0    3984   3320   2944 S   0.0   0.0   0:00.05 /bin/sh /+
    8 root      20   0   27992  24828   9168 S   0.0   0.2   0:00.65 /usr/bin/+
   12 root      20   0  144156   3588   3180 S   0.0   0.0   0:00.04 /usr/sbin+
   13 root      20   0    9032   5904   5248 S   0.0   0.0   0:00.01 /usr/sbin+
   14 mysql     20   0    4476   3552   3072 S   0.0   0.0   0:00.07 /usr/bin/+
   15 root      20   0    6980   3680   3184 S   0.0   0.0   0:00.01 /usr/sbin+
   16 root      20   0   12056   7068   6264 S   0.0   0.1   0:00.03 /usr/sbin+
   18 was       20   0    4212   3296   2992 S   0.0   0.0   0:00.11 /bin/bash+
   19 root      20   0    9792   7272   5048 S   0.0   0.1   0:00.08 /usr/bin/+
   20 root      20   0   10308   5136   4476 S   0.0   0.0   0:00.03 /usr/sbin+
   49 was       20   0   11312   7356   5116 S   0.0   0.1   0:00.07 /usr/bin/+
  114 root      20   0 2386484 737340   2608 S   0.0   6.0   0:03.73 /usr/sbin+
  147 root      20   0  423936  70248  37508 S   0.0   0.6   0:01.28 /usr/bin/+
  149 was       20   0 4774004 193724  30556 S   0.0   1.6   0:21.93 java -jav+
  192 root      20   0   64476  20236  16284 S   0.0   0.2   0:00.39 /opt/IBM/+
  286 nobody    20   0   38052   4196   3340 S   0.0   0.0   0:00.00 /opt/IBM/+
  289 mysql     20   0 1598240  80420  19260 S   0.0   0.7   0:02.62 /usr/libe+
  323 root      20   0    4212   3188   2948 S   0.0   0.0   0:00.00 sh -c /ro+
  324 root      20   0  616752  58776  46400 S   0.0   0.5   0:00.74 xfce4-ses+
  331 root      20   0    7072    348      0 S   0.0   0.0   0:00.00 /usr/bin/+
  334 was       20   0  436444  83276  38840 S   0.0   0.7   0:06.52 /usr/bin/+
  337 root      20   0    7616   2916   2032 S   0.0   0.0   0:00.35 /usr/bin/+
  380 root      20   0  211588   5740   4996 S   0.0   0.0   0:00.24 /usr/lib6+
  386 nobody    20   0   64808   8144   4176 S   0.0   0.1   0:00.05 /opt/IBM/+
  387 nobody    20   0 2149056   9532   4280 S   0.0   0.1   0:00.15 /opt/IBM/+
  495 root      20   0    7128    520      0 S   0.0   0.0   0:00.00 /usr/bin/+
  498 root      20   0  139888    792    488 S   0.0   0.0   0:00.00 /usr/bin/+
  499 root      20   0  181732  33060  25988 S   0.0   0.3   0:01.06 xfwm4
  510 root      20   0  215924   7404   6452 S   0.0   0.1   0:00.06 /usr/libe+
  539 was       20   0    5608   3044   2820 S   0.0   0.0   0:00.00 sh -c /ho+
  540 was       20   0  618148  58840  46456 S   0.0   0.5   0:00.42 xfce4-ses+
  550 was       20   0    7072    344      0 S   0.0   0.0   0:00.00 /usr/bin/+
  551 was       20   0    7588   2916   2012 S   0.0   0.0   0:00.31 /usr/bin/+
  569 was       20   0  211592   5888   5112 S   0.0   0.0   0:00.31 /usr/lib6+
  578 was       20   0    7128    520      0 S   0.0   0.0   0:00.00 /usr/bin/+
  581 was       20   0  141412    796    492 S   0.0   0.0   0:00.00 /usr/bin/+
  582 was       20   0  184224  35048  26776 S   0.0   0.3   0:01.06 xfwm4
  591 root      20   0  173468  19796  14604 S   0.0   0.2   0:00.22 xfsetting+
  592 root      20   0  243896  30124  23736 S   0.0   0.2   0:00.39 xfce4-pan+
  597 was       20   0  217456   7792   6832 S   0.0   0.1   0:00.03 /usr/libe+
  626 root      20   0  307176  22560  17724 S   0.0   0.2   0:00.11 Thunar --+
  641 root      20   0  251796  36832  25604 S   0.0   0.3   0:00.80 xfdesktop
  649 root      20   0  170592  22368  17624 S   0.0   0.2   0:00.08 /usr/lib6+
  652 root      20   0  242728  28672  22896 S   0.0   0.2   0:00.44 /usr/lib6+
  653 root      20   0  173992  27264  22180 S   0.0   0.2   0:00.10 /usr/lib6+
  654 root      20   0  179784  31576  25756 S   0.0   0.3   0:00.11 /usr/lib6+
  655 root      20   0  172812  25740  20772 S   0.0   0.2   0:00.10 /usr/lib6+
  676 root      20   0  172548  21960  17252 S   0.0   0.2   0:00.08 xfce4-scr+
  677 root      39  19  299608  15216  12056 S   0.0   0.1   0:00.07 /usr/lib6+
  680 root      20   0  185384  37440  23080 S   0.0   0.3   0:00.21 blueberry+
  691 root      20   0  167856  13996  11928 S   0.0   0.1   0:00.03 xfce4-pow+
  703 root      20   0  251984  31216  25156 S   0.0   0.3   0:00.12 nm-applet
  728 root      20   0  235436  18072  16048 S   0.0   0.1   0:00.03 /usr/lib6+
  787 root      20   0  143756   5472   4932 S   0.0   0.0   0:00.00 /usr/libe+
  794 was       20   0  174920  19684  14352 S   0.0   0.2   0:00.23 xfsetting+
  795 was       20   0  245744  30988  24388 S   0.0   0.3   0:00.37 xfce4-pan+
  816 was       20   0  308752  23468  18408 S   0.0   0.2   0:00.09 Thunar --+
  832 root      20   0  219824   8044   7232 S   0.0   0.1   0:00.01 /usr/libe+
  837 root      20   0  211916   5292   4768 S   0.0   0.0   0:00.01 /usr/libe+
  843 was       20   0  328648  43744  30548 S   0.0   0.4   0:01.27 xfdesktop
  859 root      20   0  283896   8160   7092 S   0.0   0.1   0:00.03 /usr/libe+
  860 was       20   0  172216  22784  18040 S   0.0   0.2   0:00.08 /usr/lib6+
  863 was       20   0  244200  29716  23948 S   0.0   0.2   0:00.43 /usr/lib6+
  865 was       20   0  175584  27344  22200 S   0.0   0.2   0:00.10 /usr/lib6+
  866 was       20   0  181220  31328  25452 S   0.0   0.3   0:00.09 /usr/lib6+
  870 was       20   0  174328  26196  21236 S   0.0   0.2   0:00.08 /usr/lib6+
  875 root      20   0  144588   5532   5048 S   0.0   0.0   0:00.00 /usr/libe+
  886 was       39  19  301272  27880  17060 S   0.0   0.2   0:00.20 /usr/lib6+
  891 was       20   0  174116  24196  19364 S   0.0   0.2   0:00.15 xfce4-scr+
  896 was       20   0  186816  37612  23456 S   0.0   0.3   0:00.18 blueberry+
  909 was       20   0  169380  14132  12076 S   0.0   0.1   0:00.04 xfce4-pow+
  912 was       20   0  253504  31444  25392 S   0.0   0.3   0:00.10 nm-applet
  923 was       20   0    6700   4992   4360 S   0.0   0.0   0:00.07 xscreensa+
  932 was       20   0  236972  17236  15296 S   0.0   0.1   0:00.03 /usr/lib6+
  973 was       20   0  143756   5568   5036 S   0.0   0.0   0:00.00 /usr/libe+
  980 was       20   0  221348   7872   7092 S   0.0   0.1   0:00.01 /usr/libe+
  985 was       20   0  213448   5528   5000 S   0.0   0.0   0:00.00 /usr/libe+
  994 was       20   0  285424   8224   7244 S   0.0   0.1   0:00.02 /usr/libe+
  998 was       20   0  146120   5708   5196 S   0.0   0.0   0:00.01 /usr/libe+
 1310 was       20   0 5872656 426436 100000 S   0.0   3.5   0:39.78 /opt/IBM/+
 1533 was       20   0    2732    772    708 S   0.0   0.0   0:00.02 tail -F /+
 1534 was       20   0    2732    772    708 S   0.0   0.0   0:00.01 tail -F /+
 1719 was       20   0    5608   3268   2996 S   0.0   0.0   0:00.00 /bin/sh /+
 1984 was       20   0    6000   3916   3272 S   0.0   0.0   0:00.07 bash
 2078 was       20   0    6000   2428   1768 S   0.0   0.0   0:00.02 bash
 2119 was       20   0    2692    772    708 S   0.0   0.0   0:00.00 sleep 1
 2156 was       20   0    8028   3832   3384 S   0.0   0.0   0:00.00 top -bH -+
 2165 was       20   0    7020   3104   2852 S   0.0   0.0   0:00.00 vmstat 5 +
 2175 was       20   0    6000    660      0 R   0.0   0.0   0:00.00 bash

top - 22:41:43 up  7:38,  0 users,  load average: 8.10, 4.11, 2.51
Tasks:  93 total,   1 running,  92 sleeping,   0 stopped,   0 zombie
%Cpu(s): 71.9 us, 13.9 sy,  0.0 ni, 10.7 id,  0.7 wa,  0.0 hi,  2.7 si,  0.0 st
MiB Mem :  11993.5 total,   3517.7 free,   3055.4 used,   5420.3 buff/cache
MiB Swap:   1024.0 total,   1020.6 free,      3.4 used.   8620.3 avail Mem 

  PID USER      PR  NI    VIRT    RES    SHR S  %CPU  %MEM     TIME+ COMMAND
   17 was       20   0 3286860 430544  94376 S 250.0   3.5   5:08.44 java -jav+
 1755 was       20   0 3710356 430664  24480 S  68.2   3.5   1:42.80 /usr/bin/+
  334 was       20   0  436444  83284  38848 S   1.3   0.7   0:07.32 /usr/bin/+
 1310 was       20   0 5872656 426508 100064 S   1.1   3.5   0:40.46 /opt/IBM/+
  149 was       20   0 4774004 193760  30556 S   0.6   1.6   0:22.31 java -jav+
  843 was       20   0  328648  43744  30548 S   0.2   0.4   0:01.38 xfdesktop
  794 was       20   0  174920  19684  14352 S   0.1   0.2   0:00.32 xfsetting+
  289 mysql     20   0 1598240  80420  19260 S   0.1   0.7   0:02.70 /usr/libe+
  863 was       20   0  244200  29716  23948 S   0.1   0.2   0:00.51 /usr/lib6+
 2353 was       20   0  171284  21772  17188 S   0.1   0.2   0:00.07 /usr/libe+
 2156 was       20   0    8028   3832   3384 S   0.1   0.0   0:00.06 top -bH -+
  582 was       20   0  184224  35048  26776 S   0.1   0.3   0:01.11 xfwm4
  652 root      20   0  242728  28672  22896 S   0.1   0.2   0:00.49 /usr/lib6+
    8 root      20   0   27992  24828   9168 S   0.1   0.2   0:00.69 /usr/bin/+
   18 was       20   0    4212   3296   2992 S   0.0   0.0   0:00.14 /bin/bash+
  891 was       20   0  174116  24196  19364 S   0.0   0.2   0:00.18 xfce4-scr+
  147 root      20   0  423936  70248  37508 S   0.0   0.6   0:01.30 /usr/bin/+
  387 nobody    20   0 2149056   9532   4280 S   0.0   0.1   0:00.17 /opt/IBM/+
  551 was       20   0    7712   2924   2012 S   0.0   0.0   0:00.33 /usr/bin/+
  192 root      20   0   64476  20236  16284 S   0.0   0.2   0:00.40 /opt/IBM/+
  337 root      20   0    7616   2916   2032 S   0.0   0.0   0:00.36 /usr/bin/+
  386 nobody    20   0   64808   8144   4176 S   0.0   0.1   0:00.06 /opt/IBM/+
  581 was       20   0  141412    796    492 S   0.0   0.0   0:00.01 /usr/bin/+
 2078 was       20   0    6000   2432   1768 S   0.0   0.0   0:00.03 bash
    1 root      20   0    3984   3320   2944 S   0.0   0.0   0:00.05 /bin/sh /+
   12 root      20   0  144156   3588   3180 S   0.0   0.0   0:00.04 /usr/sbin+
   13 root      20   0    9032   5904   5248 S   0.0   0.0   0:00.01 /usr/sbin+
   14 mysql     20   0    4476   3552   3072 S   0.0   0.0   0:00.07 /usr/bin/+
   15 root      20   0    6980   3680   3184 S   0.0   0.0   0:00.01 /usr/sbin+
   16 root      20   0   12056   7068   6264 S   0.0   0.1   0:00.03 /usr/sbin+
   19 root      20   0    9792   7272   5048 S   0.0   0.1   0:00.08 /usr/bin/+
   20 root      20   0   10308   5136   4476 S   0.0   0.0   0:00.03 /usr/sbin+
   49 was       20   0   11312   7356   5116 S   0.0   0.1   0:00.07 /usr/bin/+
  114 root      20   0 2386484 737340   2608 S   0.0   6.0   0:03.73 /usr/sbin+
  286 nobody    20   0   38052   4196   3340 S   0.0   0.0   0:00.00 /opt/IBM/+
  323 root      20   0    4212   3188   2948 S   0.0   0.0   0:00.00 sh -c /ro+
  324 root      20   0  616752  58776  46400 S   0.0   0.5   0:00.74 xfce4-ses+
  331 root      20   0    7072    348      0 S   0.0   0.0   0:00.00 /usr/bin/+
  380 root      20   0  211588   5740   4996 S   0.0   0.0   0:00.24 /usr/lib6+
  495 root      20   0    7128    520      0 S   0.0   0.0   0:00.00 /usr/bin/+
  498 root      20   0  139888    792    488 S   0.0   0.0   0:00.00 /usr/bin/+
  499 root      20   0  181732  33060  25988 S   0.0   0.3   0:01.06 xfwm4
  510 root      20   0  215924   7404   6452 S   0.0   0.1   0:00.06 /usr/libe+
  539 was       20   0    5608   3044   2820 S   0.0   0.0   0:00.00 sh -c /ho+
  540 was       20   0  618148  58840  46456 S   0.0   0.5   0:00.42 xfce4-ses+
  550 was       20   0    7072    344      0 S   0.0   0.0   0:00.00 /usr/bin/+
  569 was       20   0  211592   5888   5112 S   0.0   0.0   0:00.31 /usr/lib6+
  578 was       20   0    7128    520      0 S   0.0   0.0   0:00.00 /usr/bin/+
  591 root      20   0  173468  19796  14604 S   0.0   0.2   0:00.22 xfsetting+
  592 root      20   0  243896  30124  23736 S   0.0   0.2   0:00.39 xfce4-pan+
  597 was       20   0  217456   7792   6832 S   0.0   0.1   0:00.03 /usr/libe+
  626 root      20   0  307176  22560  17724 S   0.0   0.2   0:00.11 Thunar --+
  641 root      20   0  251796  36832  25604 S   0.0   0.3   0:00.80 xfdesktop
  649 root      20   0  170592  22368  17624 S   0.0   0.2   0:00.08 /usr/lib6+
  653 root      20   0  173992  27264  22180 S   0.0   0.2   0:00.10 /usr/lib6+
  654 root      20   0  179784  31576  25756 S   0.0   0.3   0:00.11 /usr/lib6+
  655 root      20   0  172812  25740  20772 S   0.0   0.2   0:00.10 /usr/lib6+
  676 root      20   0  172548  21960  17252 S   0.0   0.2   0:00.08 xfce4-scr+
  677 root      39  19  299608  15216  12056 S   0.0   0.1   0:00.07 /usr/lib6+
  680 root      20   0  185384  37440  23080 S   0.0   0.3   0:00.21 blueberry+
  691 root      20   0  167856  13996  11928 S   0.0   0.1   0:00.03 xfce4-pow+
  703 root      20   0  251984  31216  25156 S   0.0   0.3   0:00.12 nm-applet
  728 root      20   0  235436  18072  16048 S   0.0   0.1   0:00.03 /usr/lib6+
  787 root      20   0  143756   5472   4932 S   0.0   0.0   0:00.00 /usr/libe+
  795 was       20   0  245744  30988  24388 S   0.0   0.3   0:00.37 xfce4-pan+
  816 was       20   0  308752  23468  18408 S   0.0   0.2   0:00.09 Thunar --+
  832 root      20   0  219824   8044   7232 S   0.0   0.1   0:00.01 /usr/libe+
  837 root      20   0  211916   5292   4768 S   0.0   0.0   0:00.01 /usr/libe+
  859 root      20   0  283896   8160   7092 S   0.0   0.1   0:00.03 /usr/libe+
  860 was       20   0  172216  22784  18040 S   0.0   0.2   0:00.08 /usr/lib6+
  865 was       20   0  175584  27344  22200 S   0.0   0.2   0:00.10 /usr/lib6+
  866 was       20   0  181220  31328  25452 S   0.0   0.3   0:00.09 /usr/lib6+
  870 was       20   0  174328  26196  21236 S   0.0   0.2   0:00.08 /usr/lib6+
  875 root      20   0  144588   5532   5048 S   0.0   0.0   0:00.00 /usr/libe+
  886 was       39  19  301272  27880  17060 S   0.0   0.2   0:00.20 /usr/lib6+
  896 was       20   0  186816  37612  23456 S   0.0   0.3   0:00.18 blueberry+
  909 was       20   0  169380  14132  12076 S   0.0   0.1   0:00.04 xfce4-pow+
  912 was       20   0  253504  31444  25392 S   0.0   0.3   0:00.10 nm-applet
  923 was       20   0    6700   4992   4360 S   0.0   0.0   0:00.07 xscreensa+
  932 was       20   0  236972  17236  15296 S   0.0   0.1   0:00.03 /usr/lib6+
  973 was       20   0  143756   5568   5036 S   0.0   0.0   0:00.00 /usr/libe+
  980 was       20   0  221348   7872   7092 S   0.0   0.1   0:00.01 /usr/libe+
  985 was       20   0  213448   5528   5000 S   0.0   0.0   0:00.00 /usr/libe+
  994 was       20   0  285424   8224   7244 S   0.0   0.1   0:00.02 /usr/libe+
  998 was       20   0  146120   5708   5196 S   0.0   0.0   0:00.01 /usr/libe+
 1533 was       20   0    2732    772    708 S   0.0   0.0   0:00.02 tail -F /+
 1534 was       20   0    2732    772    708 S   0.0   0.0   0:00.01 tail -F /+
 1719 was       20   0    5608   3268   2996 S   0.0   0.0   0:00.00 /bin/sh /+
 1984 was       20   0    6000   3916   3272 S   0.0   0.0   0:00.07 bash
 2147 was       20   0    8028   3840   3384 R   0.0   0.0   0:00.02 top -bc -+
 2165 was       20   0    7020   3104   2852 S   0.0   0.0   0:00.00 vmstat 5 +
 2275 was       20   0    4216    768    704 S   0.0   0.0   0:00.00 sleep 30
 2363 was       20   0    2692    772    708 S   0.0   0.0   0:00.00 sleep 1

top - 22:42:43 up  7:39,  0 users,  load average: 8.21, 4.86, 2.87
Tasks:  91 total,   2 running,  89 sleeping,   0 stopped,   0 zombie
%Cpu(s): 63.5 us, 13.4 sy,  0.0 ni, 17.7 id,  1.7 wa,  0.0 hi,  3.7 si,  0.0 st
MiB Mem :  11993.5 total,   3084.5 free,   3033.0 used,   5875.9 buff/cache
MiB Swap:   1024.0 total,   1020.6 free,      3.4 used.   8642.7 avail Mem 

  PID USER      PR  NI    VIRT    RES    SHR S  %CPU  %MEM     TIME+ COMMAND
   17 was       20   0 3288912 438416  94376 S 187.3   3.6   7:00.98 java -jav+
 1755 was       20   0 3696024 429436  24480 S  58.2   3.5   2:17.74 /usr/bin/+
  334 was       20   0  436444  83284  38848 R  11.6   0.7   0:14.26 /usr/bin/+
 1310 was       20   0 5874476 408392 101024 S   3.9   3.3   0:42.82 /opt/IBM/+
 2353 was       20   0  171284  21772  17188 S   1.6   0.2   0:01.06 /usr/libe+
  149 was       20   0 4774004 194036  30748 S   1.0   1.6   0:22.94 java -jav+
  843 was       20   0  328648  43744  30548 S   0.3   0.4   0:01.55 xfdesktop
  794 was       20   0  174920  19684  14352 S   0.2   0.2   0:00.42 xfsetting+
  863 was       20   0  244200  29716  23948 S   0.1   0.2   0:00.60 /usr/lib6+
   18 was       20   0    4212   3296   2992 S   0.1   0.0   0:00.22 /bin/bash+
  652 root      20   0  242728  28672  22896 S   0.1   0.2   0:00.56 /usr/lib6+
  289 mysql     20   0 1598240  80420  19260 S   0.1   0.7   0:02.76 /usr/libe+
  582 was       20   0  184224  35048  26776 S   0.1   0.3   0:01.17 xfwm4
  147 root      20   0  423936  70292  37508 S   0.1   0.6   0:01.35 /usr/bin/+
  676 root      20   0  172624  23448  18612 S   0.1   0.2   0:00.13 xfce4-scr+
 2156 was       20   0    8028   3832   3384 S   0.1   0.0   0:00.11 top -bH -+
    8 root      20   0   27992  24828   9168 S   0.1   0.2   0:00.73 /usr/bin/+
  337 root      20   0    7612   2912   2032 S   0.0   0.0   0:00.39 /usr/bin/+
  387 nobody    20   0 2149056   9532   4280 S   0.0   0.1   0:00.20 /opt/IBM/+
  551 was       20   0    7708   2920   2012 S   0.0   0.0   0:00.36 /usr/bin/+
  641 root      20   0  251796  36832  25604 S   0.0   0.3   0:00.82 xfdesktop
 2078 was       20   0    6000   2432   1768 S   0.0   0.0   0:00.05 bash
    1 root      20   0    3984   3320   2944 S   0.0   0.0   0:00.06 /bin/sh /+
  386 nobody    20   0   64808   8144   4176 S   0.0   0.1   0:00.07 /opt/IBM/+
  499 root      20   0  181732  33060  25988 S   0.0   0.3   0:01.07 xfwm4
  592 root      20   0  243896  30124  23736 S   0.0   0.2   0:00.40 xfce4-pan+
  691 root      20   0  167856  13996  11928 S   0.0   0.1   0:00.04 xfce4-pow+
  859 root      20   0  283896   8160   7092 S   0.0   0.1   0:00.04 /usr/libe+
  994 was       20   0  285424   8224   7244 S   0.0   0.1   0:00.03 /usr/libe+
 1533 was       20   0    2732    772    708 S   0.0   0.0   0:00.03 tail -F /+
 2147 was       20   0    8028   3840   3384 R   0.0   0.0   0:00.03 top -bc -+
 2165 was       20   0    7020   3104   2852 S   0.0   0.0   0:00.01 vmstat 5 +
   12 root      20   0  144156   3588   3180 S   0.0   0.0   0:00.04 /usr/sbin+
   13 root      20   0    9032   5904   5248 S   0.0   0.0   0:00.01 /usr/sbin+
   14 mysql     20   0    4476   3552   3072 S   0.0   0.0   0:00.07 /usr/bin/+
   15 root      20   0    6980   3680   3184 S   0.0   0.0   0:00.01 /usr/sbin+
   16 root      20   0   12056   7068   6264 S   0.0   0.1   0:00.03 /usr/sbin+
   19 root      20   0    9792   7272   5048 S   0.0   0.1   0:00.08 /usr/bin/+
   20 root      20   0   10308   5136   4476 S   0.0   0.0   0:00.03 /usr/sbin+
   49 was       20   0   11312   7356   5116 S   0.0   0.1   0:00.07 /usr/bin/+
  114 root      20   0 2386484 737340   2608 S   0.0   6.0   0:03.73 /usr/sbin+
  192 root      20   0   64476  20236  16284 S   0.0   0.2   0:00.40 /opt/IBM/+
  286 nobody    20   0   38052   4196   3340 S   0.0   0.0   0:00.00 /opt/IBM/+
  323 root      20   0    4212   3188   2948 S   0.0   0.0   0:00.00 sh -c /ro+
  324 root      20   0  616752  58776  46400 S   0.0   0.5   0:00.74 xfce4-ses+
  331 root      20   0    7072    348      0 S   0.0   0.0   0:00.00 /usr/bin/+
  380 root      20   0  211588   5740   4996 S   0.0   0.0   0:00.24 /usr/lib6+
  495 root      20   0    7128    520      0 S   0.0   0.0   0:00.00 /usr/bin/+
  498 root      20   0  139888    792    488 S   0.0   0.0   0:00.00 /usr/bin/+
  510 root      20   0  215924   7404   6452 S   0.0   0.1   0:00.06 /usr/libe+
  539 was       20   0    5608   3044   2820 S   0.0   0.0   0:00.00 sh -c /ho+
  540 was       20   0  618148  58840  46456 S   0.0   0.5   0:00.42 xfce4-ses+
  550 was       20   0    7072    344      0 S   0.0   0.0   0:00.00 /usr/bin/+
  569 was       20   0  211592   5888   5112 S   0.0   0.0   0:00.31 /usr/lib6+
  578 was       20   0    7128    520      0 S   0.0   0.0   0:00.00 /usr/bin/+
  581 was       20   0  141412    796    492 S   0.0   0.0   0:00.01 /usr/bin/+
  591 root      20   0  173468  19796  14604 S   0.0   0.2   0:00.22 xfsetting+
  597 was       20   0  217456   7792   6832 S   0.0   0.1   0:00.03 /usr/libe+
  626 root      20   0  307176  22560  17724 S   0.0   0.2   0:00.11 Thunar --+
  649 root      20   0  170592  22368  17624 S   0.0   0.2   0:00.08 /usr/lib6+
  653 root      20   0  173992  27264  22180 S   0.0   0.2   0:00.10 /usr/lib6+
  654 root      20   0  179784  31576  25756 S   0.0   0.3   0:00.11 /usr/lib6+
  655 root      20   0  172812  25740  20772 S   0.0   0.2   0:00.10 /usr/lib6+
  680 root      20   0  185384  37440  23080 S   0.0   0.3   0:00.21 blueberry+
  703 root      20   0  251984  31216  25156 S   0.0   0.3   0:00.12 nm-applet
  728 root      20   0  235436  18072  16048 S   0.0   0.1   0:00.03 /usr/lib6+
  787 root      20   0  143756   5472   4932 S   0.0   0.0   0:00.00 /usr/libe+
  795 was       20   0  245744  30988  24388 S   0.0   0.3   0:00.37 xfce4-pan+
  816 was       20   0  308752  23468  18408 S   0.0   0.2   0:00.09 Thunar --+
  832 root      20   0  219824   8044   7232 S   0.0   0.1   0:00.01 /usr/libe+
  837 root      20   0  211916   5292   4768 S   0.0   0.0   0:00.01 /usr/libe+
  860 was       20   0  172216  22784  18040 S   0.0   0.2   0:00.08 /usr/lib6+
  865 was       20   0  175584  27344  22200 S   0.0   0.2   0:00.10 /usr/lib6+
  866 was       20   0  181220  31328  25452 S   0.0   0.3   0:00.09 /usr/lib6+
  870 was       20   0  174328  26196  21236 S   0.0   0.2   0:00.08 /usr/lib6+
  875 root      20   0  144588   5532   5048 S   0.0   0.0   0:00.00 /usr/libe+
  891 was       20   0  174116  24196  19364 S   0.0   0.2   0:00.18 xfce4-scr+
  896 was       20   0  186816  37612  23456 S   0.0   0.3   0:00.18 blueberry+
  909 was       20   0  169380  14132  12076 S   0.0   0.1   0:00.04 xfce4-pow+
  912 was       20   0  253504  31444  25392 S   0.0   0.3   0:00.10 nm-applet
  923 was       20   0    6700   4992   4360 S   0.0   0.0   0:00.07 xscreensa+
  932 was       20   0  236972  17236  15296 S   0.0   0.1   0:00.03 /usr/lib6+
  973 was       20   0  143756   5568   5036 S   0.0   0.0   0:00.00 /usr/libe+
  980 was       20   0  221348   7872   7092 S   0.0   0.1   0:00.01 /usr/libe+
  985 was       20   0  213448   5528   5000 S   0.0   0.0   0:00.00 /usr/libe+
  998 was       20   0  146120   5708   5196 S   0.0   0.0   0:00.01 /usr/libe+
 1534 was       20   0    2732    772    708 S   0.0   0.0   0:00.01 tail -F /+
 1719 was       20   0    5608   3268   2996 S   0.0   0.0   0:00.00 /bin/sh /+
 1984 was       20   0    6000   3916   3272 S   0.0   0.0   0:00.07 bash
 2466 was       20   0    4216    768    700 S   0.0   0.0   0:00.00 sleep 30
 2544 was       20   0    2692    772    708 S   0.0   0.0   0:00.00 sleep 1

top - 22:43:43 up  7:40,  0 users,  load average: 6.33, 4.90, 3.01
Tasks:  91 total,   1 running,  90 sleeping,   0 stopped,   0 zombie
%Cpu(s): 48.6 us, 11.6 sy,  0.0 ni, 33.7 id,  1.9 wa,  0.0 hi,  4.1 si,  0.0 st
MiB Mem :  11993.5 total,   2934.7 free,   3048.5 used,   6010.2 buff/cache
MiB Swap:   1024.0 total,   1020.6 free,      3.4 used.   8627.2 avail Mem 

  PID USER      PR  NI    VIRT    RES    SHR S  %CPU  %MEM     TIME+ COMMAND
   17 was       20   0 3296192 450612  94376 S 168.6   3.7   8:42.24 java -jav+
 1755 was       20   0 3696024 431784  24480 S  56.3   3.5   2:51.58 /usr/bin/+
  334 was       20   0  436444  83284  38848 S   9.8   0.7   0:20.13 /usr/bin/+
 2353 was       20   0  171284  21772  17188 S   1.3   0.2   0:01.86 /usr/libe+
  149 was       20   0 4774004 194172  30812 S   0.7   1.6   0:23.34 java -jav+
 1310 was       20   0 5875256 408704 101024 S   0.6   3.3   0:43.19 /opt/IBM/+
  843 was       20   0  328648  43744  30548 S   0.2   0.4   0:01.67 xfdesktop
  794 was       20   0  174920  19684  14352 S   0.1   0.2   0:00.51 xfsetting+
  863 was       20   0  244200  29716  23948 S   0.1   0.2   0:00.66 /usr/lib6+
  289 mysql     20   0 1598240  80420  19260 S   0.1   0.7   0:02.80 /usr/libe+
  582 was       20   0  184224  35048  26776 S   0.1   0.3   0:01.21 xfwm4
  652 root      20   0  242728  28672  22896 S   0.1   0.2   0:00.60 /usr/lib6+
 2156 was       20   0    8028   3832   3384 S   0.1   0.0   0:00.15 top -bH -+
    8 root      20   0   27992  24828   9168 S   0.0   0.2   0:00.75 /usr/bin/+
   18 was       20   0    4212   3296   2992 S   0.0   0.0   0:00.24 /bin/bash+
  387 nobody    20   0 2149056   9532   4280 S   0.0   0.1   0:00.22 /opt/IBM/+
  147 root      20   0  423936  70292  37508 S   0.0   0.6   0:01.36 /usr/bin/+
  551 was       20   0    7708   2920   2012 S   0.0   0.0   0:00.37 /usr/bin/+
  676 root      20   0  172624  23448  18612 S   0.0   0.2   0:00.14 xfce4-scr+
  795 was       20   0  245744  30988  24388 S   0.0   0.3   0:00.38 xfce4-pan+
 1534 was       20   0    2732    772    708 S   0.0   0.0   0:00.02 tail -F /+
 2078 was       20   0    6000   2432   1768 S   0.0   0.0   0:00.06 bash
    1 root      20   0    3984   3320   2944 S   0.0   0.0   0:00.06 /bin/sh /+
   12 root      20   0  144156   3588   3180 S   0.0   0.0   0:00.04 /usr/sbin+
   13 root      20   0    9032   5904   5248 S   0.0   0.0   0:00.01 /usr/sbin+
   14 mysql     20   0    4476   3552   3072 S   0.0   0.0   0:00.07 /usr/bin/+
   15 root      20   0    6980   3680   3184 S   0.0   0.0   0:00.01 /usr/sbin+
   16 root      20   0   12056   7068   6264 S   0.0   0.1   0:00.03 /usr/sbin+
   19 root      20   0    9792   7272   5048 S   0.0   0.1   0:00.08 /usr/bin/+
   20 root      20   0   10308   5136   4476 S   0.0   0.0   0:00.03 /usr/sbin+
   49 was       20   0   11312   7356   5116 S   0.0   0.1   0:00.07 /usr/bin/+
  114 root      20   0 2386484 737340   2608 S   0.0   6.0   0:03.73 /usr/sbin+
  192 root      20   0   64476  20236  16284 S   0.0   0.2   0:00.40 /opt/IBM/+
  286 nobody    20   0   38052   4196   3340 S   0.0   0.0   0:00.00 /opt/IBM/+
  323 root      20   0    4212   3188   2948 S   0.0   0.0   0:00.00 sh -c /ro+
  324 root      20   0  616752  58776  46400 S   0.0   0.5   0:00.74 xfce4-ses+
  331 root      20   0    7072    348      0 S   0.0   0.0   0:00.00 /usr/bin/+
  337 root      20   0    7612   2912   2032 S   0.0   0.0   0:00.39 /usr/bin/+
  380 root      20   0  211588   5740   4996 S   0.0   0.0   0:00.24 /usr/lib6+
  386 nobody    20   0   64808   8144   4176 S   0.0   0.1   0:00.07 /opt/IBM/+
  495 root      20   0    7128    520      0 S   0.0   0.0   0:00.00 /usr/bin/+
  498 root      20   0  139888    792    488 S   0.0   0.0   0:00.00 /usr/bin/+
  499 root      20   0  181732  33060  25988 S   0.0   0.3   0:01.07 xfwm4
  510 root      20   0  215924   7404   6452 S   0.0   0.1   0:00.06 /usr/libe+
  539 was       20   0    5608   3044   2820 S   0.0   0.0   0:00.00 sh -c /ho+
  540 was       20   0  618148  58840  46456 S   0.0   0.5   0:00.42 xfce4-ses+
  550 was       20   0    7072    344      0 S   0.0   0.0   0:00.00 /usr/bin/+
  569 was       20   0  211592   5888   5112 S   0.0   0.0   0:00.31 /usr/lib6+
  578 was       20   0    7128    520      0 S   0.0   0.0   0:00.00 /usr/bin/+
  581 was       20   0  141412    796    492 S   0.0   0.0   0:00.01 /usr/bin/+
  591 root      20   0  173468  19796  14604 S   0.0   0.2   0:00.22 xfsetting+
  592 root      20   0  243896  30124  23736 S   0.0   0.2   0:00.40 xfce4-pan+
  597 was       20   0  217456   7792   6832 S   0.0   0.1   0:00.03 /usr/libe+
  626 root      20   0  307176  22560  17724 S   0.0   0.2   0:00.11 Thunar --+
  641 root      20   0  251796  36832  25604 S   0.0   0.3   0:00.82 xfdesktop
  649 root      20   0  170592  22368  17624 S   0.0   0.2   0:00.08 /usr/lib6+
  653 root      20   0  173992  27264  22180 S   0.0   0.2   0:00.10 /usr/lib6+
  654 root      20   0  179784  31576  25756 S   0.0   0.3   0:00.11 /usr/lib6+
  655 root      20   0  172812  25740  20772 S   0.0   0.2   0:00.10 /usr/lib6+
  680 root      20   0  185384  37440  23080 S   0.0   0.3   0:00.21 blueberry+
  691 root      20   0  167856  13996  11928 S   0.0   0.1   0:00.04 xfce4-pow+
  703 root      20   0  251984  31216  25156 S   0.0   0.3   0:00.12 nm-applet
  728 root      20   0  235436  18072  16048 S   0.0   0.1   0:00.03 /usr/lib6+
  787 root      20   0  143756   5472   4932 S   0.0   0.0   0:00.00 /usr/libe+
  816 was       20   0  308752  23468  18408 S   0.0   0.2   0:00.09 Thunar --+
  832 root      20   0  219824   8044   7232 S   0.0   0.1   0:00.01 /usr/libe+
  837 root      20   0  211916   5292   4768 S   0.0   0.0   0:00.01 /usr/libe+
  859 root      20   0  283896   8160   7092 S   0.0   0.1   0:00.04 /usr/libe+
  860 was       20   0  172216  22784  18040 S   0.0   0.2   0:00.08 /usr/lib6+
  865 was       20   0  175584  27344  22200 S   0.0   0.2   0:00.10 /usr/lib6+
  866 was       20   0  181220  31328  25452 S   0.0   0.3   0:00.09 /usr/lib6+
  870 was       20   0  174328  26196  21236 S   0.0   0.2   0:00.08 /usr/lib6+
  875 root      20   0  144588   5532   5048 S   0.0   0.0   0:00.00 /usr/libe+
  891 was       20   0  174116  24196  19364 S   0.0   0.2   0:00.18 xfce4-scr+
  896 was       20   0  186816  37612  23456 S   0.0   0.3   0:00.18 blueberry+
  909 was       20   0  169380  14132  12076 S   0.0   0.1   0:00.04 xfce4-pow+
  912 was       20   0  253504  31444  25392 S   0.0   0.3   0:00.10 nm-applet
  923 was       20   0    6700   4992   4360 S   0.0   0.0   0:00.07 xscreensa+
  932 was       20   0  236972  17236  15296 S   0.0   0.1   0:00.03 /usr/lib6+
  973 was       20   0  143756   5568   5036 S   0.0   0.0   0:00.00 /usr/libe+
  980 was       20   0  221348   7872   7092 S   0.0   0.1   0:00.01 /usr/libe+
  985 was       20   0  213448   5528   5000 S   0.0   0.0   0:00.00 /usr/libe+
  994 was       20   0  285424   8224   7244 S   0.0   0.1   0:00.03 /usr/libe+
  998 was       20   0  146120   5708   5196 S   0.0   0.0   0:00.01 /usr/libe+
 1533 was       20   0    2732    772    708 S   0.0   0.0   0:00.03 tail -F /+
 1719 was       20   0    5608   3268   2996 S   0.0   0.0   0:00.00 /bin/sh /+
 1984 was       20   0    6000   3916   3272 S   0.0   0.0   0:00.07 bash
 2147 was       20   0    8028   3840   3384 R   0.0   0.0   0:00.03 top -bc -+
 2165 was       20   0    7020   3104   2852 S   0.0   0.0   0:00.01 vmstat 5 +
 2668 was       20   0    4216    708    644 S   0.0   0.0   0:00.00 sleep 30
 2730 was       20   0    2692    768    708 S   0.0   0.0   0:00.00 sleep 1

top - 22:44:43 up  7:41,  0 users,  load average: 5.58, 4.92, 3.14
Tasks:  90 total,   1 running,  89 sleeping,   0 stopped,   0 zombie
%Cpu(s): 48.3 us, 12.3 sy,  0.0 ni, 33.5 id,  1.8 wa,  0.0 hi,  4.1 si,  0.0 st
MiB Mem :  11993.5 total,   2779.4 free,   3051.4 used,   6162.6 buff/cache
MiB Swap:   1024.0 total,   1020.6 free,      3.4 used.   8624.4 avail Mem 

  PID USER      PR  NI    VIRT    RES    SHR S  %CPU  %MEM     TIME+ COMMAND
   17 was       20   0 3279808 454840  94376 S 165.4   3.7  10:21.56 java -jav+
 1755 was       20   0 3696024 434036  24480 S  57.9   3.5   3:26.38 /usr/bin/+
  334 was       20   0  436444  83284  38848 S  10.7   0.7   0:26.55 /usr/bin/+
 2353 was       20   0  171284  21772  17188 S   1.4   0.2   0:02.73 /usr/libe+
  149 was       20   0 4774004 188268  30812 S   1.4   1.5   0:24.19 java -jav+
 1310 was       20   0 5877336 408704 101024 S   0.4   3.3   0:43.45 /opt/IBM/+
  843 was       20   0  328648  43744  30548 S   0.2   0.4   0:01.80 xfdesktop
  794 was       20   0  174920  19684  14352 S   0.2   0.2   0:00.61 xfsetting+
  863 was       20   0  244200  29716  23948 S   0.1   0.2   0:00.73 /usr/lib6+
  289 mysql     20   0 1598240  80420  19260 S   0.1   0.7   0:02.86 /usr/libe+
  652 root      20   0  242728  28672  22896 S   0.1   0.2   0:00.66 /usr/lib6+
 2156 was       20   0    8028   3832   3384 S   0.1   0.0   0:00.20 top -bH -+
  582 was       20   0  184224  35048  26776 S   0.1   0.3   0:01.25 xfwm4
    8 root      20   0   27992  24828   9168 S   0.0   0.2   0:00.78 /usr/bin/+
   18 was       20   0    4212   3296   2992 S   0.0   0.0   0:00.27 /bin/bash+
  387 nobody    20   0 2149056   9532   4280 S   0.0   0.1   0:00.24 /opt/IBM/+
  676 root      20   0  172624  23448  18612 S   0.0   0.2   0:00.16 xfce4-scr+
 2078 was       20   0    6000   2432   1768 S   0.0   0.0   0:00.08 bash
  337 root      20   0    7612   2912   2032 S   0.0   0.0   0:00.40 /usr/bin/+
  386 nobody    20   0   64808   8144   4176 S   0.0   0.1   0:00.08 /opt/IBM/+
  498 root      20   0  139888    792    488 S   0.0   0.0   0:00.01 /usr/bin/+
  551 was       20   0    7708   2920   2012 S   0.0   0.0   0:00.38 /usr/bin/+
  923 was       20   0    6700   4992   4360 S   0.0   0.0   0:00.08 xscreensa+
 2147 was       20   0    8028   3840   3384 R   0.0   0.0   0:00.04 top -bc -+
    1 root      20   0    3984   3320   2944 S   0.0   0.0   0:00.06 /bin/sh /+
   12 root      20   0  144156   3588   3180 S   0.0   0.0   0:00.04 /usr/sbin+
   13 root      20   0    9032   5904   5248 S   0.0   0.0   0:00.01 /usr/sbin+
   14 mysql     20   0    4476   3552   3072 S   0.0   0.0   0:00.07 /usr/bin/+
   15 root      20   0    6980   3680   3184 S   0.0   0.0   0:00.01 /usr/sbin+
   16 root      20   0   12056   7068   6264 S   0.0   0.1   0:00.03 /usr/sbin+
   19 root      20   0    9792   7272   5048 S   0.0   0.1   0:00.08 /usr/bin/+
   20 root      20   0   10308   5136   4476 S   0.0   0.0   0:00.03 /usr/sbin+
   49 was       20   0   11312   7356   5116 S   0.0   0.1   0:00.07 /usr/bin/+
  114 root      20   0 2386484 737340   2608 S   0.0   6.0   0:03.73 /usr/sbin+
  147 root      20   0  423936  70292  37508 S   0.0   0.6   0:01.36 /usr/bin/+
  192 root      20   0   64476  20236  16284 S   0.0   0.2   0:00.40 /opt/IBM/+
  286 nobody    20   0   38052   4196   3340 S   0.0   0.0   0:00.00 /opt/IBM/+
  323 root      20   0    4212   3188   2948 S   0.0   0.0   0:00.00 sh -c /ro+
  324 root      20   0  616752  58776  46400 S   0.0   0.5   0:00.74 xfce4-ses+
  331 root      20   0    7072    348      0 S   0.0   0.0   0:00.00 /usr/bin/+
  380 root      20   0  211588   5740   4996 S   0.0   0.0   0:00.24 /usr/lib6+
  495 root      20   0    7128    520      0 S   0.0   0.0   0:00.00 /usr/bin/+
  499 root      20   0  181732  33060  25988 S   0.0   0.3   0:01.07 xfwm4
  510 root      20   0  215924   7404   6452 S   0.0   0.1   0:00.06 /usr/libe+
  539 was       20   0    5608   3044   2820 S   0.0   0.0   0:00.00 sh -c /ho+
  540 was       20   0  618148  58840  46456 S   0.0   0.5   0:00.42 xfce4-ses+
  550 was       20   0    7072    344      0 S   0.0   0.0   0:00.00 /usr/bin/+
  569 was       20   0  211592   5888   5112 S   0.0   0.0   0:00.31 /usr/lib6+
  578 was       20   0    7128    520      0 S   0.0   0.0   0:00.00 /usr/bin/+
  581 was       20   0  141412    796    492 S   0.0   0.0   0:00.01 /usr/bin/+
  591 root      20   0  173468  19796  14604 S   0.0   0.2   0:00.22 xfsetting+
  592 root      20   0  243896  30124  23736 S   0.0   0.2   0:00.40 xfce4-pan+
  597 was       20   0  217456   7792   6832 S   0.0   0.1   0:00.03 /usr/libe+
  626 root      20   0  307176  22560  17724 S   0.0   0.2   0:00.11 Thunar --+
  641 root      20   0  251796  36832  25604 S   0.0   0.3   0:00.82 xfdesktop
  649 root      20   0  170592  22368  17624 S   0.0   0.2   0:00.08 /usr/lib6+
  653 root      20   0  173992  27264  22180 S   0.0   0.2   0:00.10 /usr/lib6+
  654 root      20   0  179784  31576  25756 S   0.0   0.3   0:00.11 /usr/lib6+
  655 root      20   0  172812  25740  20772 S   0.0   0.2   0:00.10 /usr/lib6+
  680 root      20   0  185384  37440  23080 S   0.0   0.3   0:00.21 blueberry+
  691 root      20   0  167856  13996  11928 S   0.0   0.1   0:00.04 xfce4-pow+
  703 root      20   0  251984  31216  25156 S   0.0   0.3   0:00.12 nm-applet
  728 root      20   0  235436  18072  16048 S   0.0   0.1   0:00.03 /usr/lib6+
  787 root      20   0  143756   5472   4932 S   0.0   0.0   0:00.00 /usr/libe+
  795 was       20   0  245744  30988  24388 S   0.0   0.3   0:00.38 xfce4-pan+
  816 was       20   0  308752  23468  18408 S   0.0   0.2   0:00.09 Thunar --+
  832 root      20   0  219824   8044   7232 S   0.0   0.1   0:00.01 /usr/libe+
  837 root      20   0  211916   5292   4768 S   0.0   0.0   0:00.01 /usr/libe+
  859 root      20   0  283896   8160   7092 S   0.0   0.1   0:00.04 /usr/libe+
  860 was       20   0  172216  22784  18040 S   0.0   0.2   0:00.08 /usr/lib6+
  865 was       20   0  175584  27344  22200 S   0.0   0.2   0:00.10 /usr/lib6+
  866 was       20   0  181220  31328  25452 S   0.0   0.3   0:00.09 /usr/lib6+
  870 was       20   0  174328  26196  21236 S   0.0   0.2   0:00.08 /usr/lib6+
  875 root      20   0  144588   5532   5048 S   0.0   0.0   0:00.00 /usr/libe+
  891 was       20   0  174116  24196  19364 S   0.0   0.2   0:00.18 xfce4-scr+
  896 was       20   0  186816  37612  23456 S   0.0   0.3   0:00.18 blueberry+
  909 was       20   0  169380  14132  12076 S   0.0   0.1   0:00.04 xfce4-pow+
  912 was       20   0  253504  31444  25392 S   0.0   0.3   0:00.10 nm-applet
  932 was       20   0  236972  17236  15296 S   0.0   0.1   0:00.03 /usr/lib6+
  973 was       20   0  143756   5568   5036 S   0.0   0.0   0:00.00 /usr/libe+
  980 was       20   0  221348   7872   7092 S   0.0   0.1   0:00.01 /usr/libe+
  985 was       20   0  213448   5528   5000 S   0.0   0.0   0:00.00 /usr/libe+
  994 was       20   0  285424   8224   7244 S   0.0   0.1   0:00.03 /usr/libe+
  998 was       20   0  146120   5708   5196 S   0.0   0.0   0:00.01 /usr/libe+
 1533 was       20   0    2732    772    708 S   0.0   0.0   0:00.03 tail -F /+
 1534 was       20   0    2732    772    708 S   0.0   0.0   0:00.02 tail -F /+
 1719 was       20   0    5608   3268   2996 S   0.0   0.0   0:00.00 /bin/sh /+
 1984 was       20   0    6000   3916   3272 S   0.0   0.0   0:00.07 bash
 2830 was       20   0    4216    772    704 S   0.0   0.0   0:00.00 sleep 30
 2882 was       20   0    2692    772    708 S   0.0   0.0   0:00.00 sleep 1
