********************************************************************************
product = WebSphere Application Server 19.0.0.10 (wlp-1.0.33.cl191020191002-0300)
wlp.install.dir = /opt/ibm/wlp/
server.output.dir = /opt/ibm/wlp/output/defaultServer/
java.home = /opt/ibm/java/jre
java.version = 1.8.0_221
java.runtime = Java(TM) SE Runtime Environment (8.0.5.41 - pxa6480sr5fp41-20190919_01(SR5 FP41))
os = Linux (4.9.184-linuxkit; amd64) (c.u_US)
process = 17@172.17.0.2
********************************************************************************
[11/5/19 22:37:25:195 UTC] 00000001 com.ibm.ws.kernel.launch.internal.FrameworkManager           A CWWKE0001I: The server defaultServer has been launched.
[11/5/19 22:37:25:246 UTC] 00000001 com.ibm.ws.kernel.launch.internal.FrameworkManager           A CWWKE0100I: This product is licensed for development, and limited production use. The full license terms can be viewed here: https://public.dhe.ibm.com/ibmdl/export/pub/software/websphere/wasdev/license/base_ilan/ilan/19.0.0.10/lafiles/en.html
[11/5/19 22:37:28:008 UTC] 00000022 com.ibm.ws.config.xml.internal.ServerXMLConfiguration        A CWWKG0093A: Processing configuration drop-ins resource: /opt/ibm/wlp/usr/servers/defaultServer/configDropins/defaults/keystore.xml
[11/5/19 22:37:28:111 UTC] 00000022 com.ibm.ws.config.xml.internal.ServerXMLConfiguration        A CWWKG0093A: Processing configuration drop-ins resource: /opt/ibm/wlp/usr/servers/defaultServer/configDropins/overrides/daytrader.xml
[11/5/19 22:37:28:118 UTC] 00000022 com.ibm.ws.config.xml.internal.ServerXMLConfiguration        A CWWKG0093A: Processing configuration drop-ins resource: /opt/ibm/wlp/usr/servers/defaultServer/configDropins/overrides/daytrader7logging.xml
[11/5/19 22:37:28:143 UTC] 00000022 com.ibm.ws.config.xml.internal.ServerXMLConfiguration        A CWWKG0093A: Processing configuration drop-ins resource: /opt/ibm/wlp/usr/servers/defaultServer/configDropins/overrides/tls.xml
[11/5/19 22:37:28:272 UTC] 00000028 com.ibm.ws.logging.internal.TraceSpecification               I TRAS3001I: The following messages are hidden from the console.log and messages.log files: [CNTR0333W, CNTR0019E, CWWJP9991W]
[11/5/19 22:37:28:511 UTC] 00000001 com.ibm.ws.kernel.launch.internal.FrameworkManager           I CWWKE0002I: The kernel started after 5.576 seconds
[11/5/19 22:37:28:640 UTC] 0000002c com.ibm.ws.kernel.feature.internal.FeatureManager            I CWWKF0007I: Feature update started.
[11/5/19 22:37:31:501 UTC] 00000020 com.ibm.ws.security.ready.internal.SecurityReadyServiceImpl  I CWWKS0007I: The security service is starting...
[11/5/19 22:37:31:730 UTC] 00000023 com.ibm.ws.app.manager.internal.monitor.DropinMonitor        A CWWKZ0058I: Monitoring dropins for applications.
[11/5/19 22:37:31:982 UTC] 0000002f com.ibm.ws.tcpchannel.internal.TCPChannel                    I CWWKO0219I: TCP Channel defaultHttpEndpoint has been started and is now listening for requests on host *  (IPv4) port 9080.
[11/5/19 22:37:32:782 UTC] 00000020 ibm.ws.security.authentication.internal.jaas.JAASServiceImpl I CWWKS1123I: The collective authentication plugin with class name NullCollectiveAuthenticationPlugin has been activated. 
[11/5/19 22:37:32:883 UTC] 0000002d com.ibm.ws.security.ready.internal.SecurityReadyServiceImpl  I CWWKS0008I: The security service is ready.
[11/5/19 22:37:32:884 UTC] 0000002d com.ibm.ws.security.token.ltpa.internal.LTPAKeyCreateTask    I CWWKS4105I: LTPA configuration is ready after 0.124 seconds.
[11/5/19 22:37:33:403 UTC] 00000020 com.ibm.ws.tcpchannel.internal.TCPChannel                    I CWWKO0219I: TCP Channel wasJmsEndpoint388 has been started and is now listening for requests on host localhost  (IPv4: 127.0.0.1) port 7276.
[11/5/19 22:37:33:619 UTC] 00000028 com.ibm.ws.ssl.config.WSKeyStore                             I Successfully loaded default keystore: /opt/ibm/wlp/output/defaultServer/resources/security/key.p12 of type: PKCS12
[11/5/19 22:37:33:638 UTC] 00000032 com.ibm.ws.tcpchannel.internal.TCPChannel                    I CWWKO0219I: TCP Channel defaultHttpEndpoint-ssl has been started and is now listening for requests on host *  (IPv4) port 9443.
[11/5/19 22:37:33:649 UTC] 00000028 com.ibm.ws.tcpchannel.internal.TCPChannel                    I CWWKO0219I: TCP Channel wasJmsEndpoint388-ssl has been started and is now listening for requests on host localhost  (IPv4: 127.0.0.1) port 7286.
[11/5/19 22:37:36:053 UTC] 00000020 com.ibm.ws.sib.utils.ras.SibMessage                          I  CWSID0108I: JMS server has started.  
[11/5/19 22:37:37:062 UTC] 00000020 org.apache.cxf.bus.osgi.CXFActivator                         I Adding the extensions from bundle com.ibm.ws.org.apache.cxf.cxf.rt.ws.addr.2.6.2 (214) [org.apache.cxf.ws.addressing.policy.AddressingAssertionBuilder, org.apache.cxf.ws.addressing.policy.UsingAddressingAssertionBuilder, org.apache.cxf.ws.addressing.policy.AddressingPolicyInterceptorProvider, org.apache.cxf.ws.addressing.impl.AddressingWSDLExtensionLoader, org.apache.cxf.ws.addressing.WSAddressingFeature$WSAddressingFeatureApplier, org.apache.cxf.ws.addressing.MAPAggregator$MAPAggregatorLoader]
[11/5/19 22:37:37:067 UTC] 00000020 org.apache.cxf.bus.osgi.CXFActivator                         I Adding the extensions from bundle com.ibm.ws.org.apache.cxf.cxf.rt.bindings.soap.2.6.2 (217) [org.apache.cxf.binding.soap.SoapBindingFactory, org.apache.cxf.binding.soap.SoapTransportFactory]
[11/5/19 22:37:37:069 UTC] 00000020 org.apache.cxf.bus.osgi.CXFActivator                         I Adding the extensions from bundle com.ibm.ws.org.apache.cxf.cxf.rt.bindings.xml.2.6.2 (223) [org.apache.cxf.binding.xml.XMLBindingFactory, org.apache.cxf.binding.xml.wsdl11.XMLWSDLExtensionLoader]
[11/5/19 22:37:37:070 UTC] 00000020 org.apache.cxf.bus.osgi.CXFActivator                         I Adding the extensions from bundle com.ibm.ws.org.apache.cxf.cxf.rt.frontend.jaxws.2.6.2 (225) [org.apache.cxf.jaxws.context.WebServiceContextResourceResolver]
[11/5/19 22:37:37:079 UTC] 00000020 org.apache.cxf.bus.osgi.CXFActivator                         I Adding the extensions from bundle com.ibm.ws.org.apache.cxf.cxf.rt.management.2.6.2 (227) [org.apache.cxf.management.InstrumentationManager]
[11/5/19 22:37:37:080 UTC] 00000020 org.apache.cxf.bus.osgi.CXFActivator                         I Adding the extensions from bundle com.ibm.ws.org.apache.cxf.cxf.rt.transports.http.2.6.2 (231) [org.apache.cxf.transport.http.HTTPTransportFactory, org.apache.cxf.transport.http.HTTPWSDLExtensionLoader, org.apache.cxf.transport.http.policy.HTTPClientAssertionBuilder, org.apache.cxf.transport.http.policy.HTTPServerAssertionBuilder, org.apache.cxf.transport.http.policy.NoOpPolicyInterceptorProvider]
[11/5/19 22:37:37:081 UTC] 00000020 org.apache.cxf.bus.osgi.CXFActivator                         I Adding the extensions from bundle com.ibm.ws.org.apache.cxf.cxf.rt.ws.policy.2.6.2 (233) [org.apache.cxf.ws.policy.PolicyEngine, org.apache.cxf.policy.PolicyDataEngine, org.apache.cxf.ws.policy.AssertionBuilderRegistry, org.apache.cxf.ws.policy.PolicyInterceptorProviderRegistry, org.apache.cxf.ws.policy.PolicyBuilder, org.apache.cxf.ws.policy.PolicyAnnotationListener, org.apache.cxf.ws.policy.attachment.ServiceModelPolicyProvider, org.apache.cxf.ws.policy.attachment.external.DomainExpressionBuilderRegistry, org.apache.cxf.ws.policy.attachment.external.EndpointReferenceDomainExpressionBuilder, org.apache.cxf.ws.policy.attachment.wsdl11.Wsdl11AttachmentPolicyProvider, org.apache.cxf.ws.policy.mtom.MTOMAssertionBuilder, org.apache.cxf.ws.policy.mtom.MTOMPolicyInterceptorProvider]
[11/5/19 22:37:37:561 UTC] 00000020 com.ibm.ws.security.wim.VMMService                           I CWIMK0009I: The user registry federation service is ready.
[11/5/19 22:37:37:662 UTC] 00000020 com.ibm.ws.cache.ServerCache                                 I DYNA1001I: WebSphere Dynamic Cache instance named baseCache initialized successfully.
[11/5/19 22:37:37:663 UTC] 00000020 com.ibm.ws.cache.ServerCache                                 I DYNA1071I: The cache provider default is being used.
[11/5/19 22:37:37:663 UTC] 00000020 com.ibm.ws.cache.CacheServiceImpl                            I DYNA1056I: Dynamic Cache (object cache) initialized successfully.
[11/5/19 22:37:37:908 UTC] 00000020 com.ibm.ws.security.jaspi.AuthConfigFactoryWrapper           I CWWKS1655I: The default Java Authentication SPI for Containers (JASPIC) AuthConfigFactory class com.ibm.ws.security.jaspi.ProviderRegistry is being used because the Java security property authconfigprovider.factory is not set. 
[11/5/19 22:37:38:507 UTC] 00000022 com.ibm.ws.transport.iiop.internal.ORBWrapperInternal        A CWWKI0001I: The CORBA name server is now available at corbaloc:iiop:localhost:2809/NameService.
[11/5/19 22:37:39:188 UTC] 00000036 com.ibm.ws.app.manager.AppMessageHelper                      I CWWKZ0018I: Starting application swat.
[11/5/19 22:37:39:189 UTC] 0000002f com.ibm.ws.app.manager.AppMessageHelper                      I CWWKZ0018I: Starting application daytrader.
[11/5/19 22:37:39:190 UTC] 0000002f bm.ws.app.manager.ear.internal.EARDeployedAppInfoFactoryImpl I CWWKZ0133I: The daytrader application at the /opt/ibm/wlp/usr/servers/defaultServer/apps/daytrader-ee7.ear location is being expanded to the /opt/ibm/wlp/usr/servers/defaultServer/apps/expanded/daytrader.ear directory.
[11/5/19 22:37:39:190 UTC] 00000036 bm.ws.app.manager.ear.internal.EARDeployedAppInfoFactoryImpl I CWWKZ0133I: The swat application at the /opt/ibm/wlp/usr/servers/defaultServer/dropins/swat.ear location is being expanded to the /opt/ibm/wlp/usr/servers/defaultServer/apps/expanded/swat.ear directory.
[11/5/19 22:37:39:782 UTC] 0000002f org.apache.cxf.management.jmx.InstrumentationManagerImpl     I registering MBean org.apache.cxf:bus.id=daytrader-ee7-ejb-Server-Bus,type=Bus,instance.id=698801524: org.apache.cxf.bus.ManagedBus@436da472
[11/5/19 22:37:39:814 UTC] 0000002f org.apache.cxf.management.jmx.InstrumentationManagerImpl     I registered org.apache.cxf:bus.id=daytrader-ee7-ejb-Server-Bus,type=Bus,instance.id=698801524
[11/5/19 22:37:39:871 UTC] 00000036 org.jboss.weld.Version                                       I WELD-000900: 2.4.8 (Final)
[11/5/19 22:37:39:919 UTC] 0000002f org.apache.cxf.management.jmx.InstrumentationManagerImpl     I registering MBean org.apache.cxf:bus.id=daytrader-ee7-ejb-Server-Bus,WorkQueueManager=Bus.WorkQueueManager,type=WorkQueueManager,instance.id=-1753503583: org.apache.cxf.bus.managers.WorkQueueManagerImplMBeanWrapper@f62f76fc
[11/5/19 22:37:40:337 UTC] 00000036 com.ibm.ws.session.WASSessionCore                            I SESN8501I: The session manager did not find a persistent storage location; HttpSession objects will be stored in the local application server's memory.
[11/5/19 22:37:40:377 UTC] 00000036 com.ibm.ws.webcontainer.osgi.webapp.WebGroup                 I SRVE0169I: Loading Web Module: swat.
[11/5/19 22:37:40:379 UTC] 00000036 com.ibm.ws.webcontainer                                      I SRVE0250I: Web Module swat has been bound to default_host.
[11/5/19 22:37:40:380 UTC] 00000036 com.ibm.ws.http.internal.VirtualHostImpl                     A CWWKT0016I: Web application available (default_host): http://634d203d4fff:9080/swat/
[11/5/19 22:37:40:429 UTC] 0000002f org.apache.cxf.management.jmx.InstrumentationManagerImpl     I registering MBean org.apache.cxf:bus.id=daytrader-ee7-web-Server-Bus,type=Bus,instance.id=-1630509516: org.apache.cxf.bus.ManagedBus@c3db9cba
[11/5/19 22:37:40:430 UTC] 0000002f org.apache.cxf.management.jmx.InstrumentationManagerImpl     I registered org.apache.cxf:bus.id=daytrader-ee7-web-Server-Bus,type=Bus,instance.id=-1630509516
[11/5/19 22:37:40:431 UTC] 0000002f org.apache.cxf.management.jmx.InstrumentationManagerImpl     I registering MBean org.apache.cxf:bus.id=daytrader-ee7-web-Server-Bus,WorkQueueManager=Bus.WorkQueueManager,type=WorkQueueManager,instance.id=-1475138191: org.apache.cxf.bus.managers.WorkQueueManagerImplMBeanWrapper@b4c7f1ab
[11/5/19 22:37:40:439 UTC] 00000036 com.ibm.ws.app.manager.AppMessageHelper                      A CWWKZ0001I: Application swat started in 1.251 seconds.
[11/5/19 22:37:40:574 UTC] 00000030 com.ibm.ws.webcontainer.osgi.mbeans.PluginGenerator          I SRVE9103I: A configuration file for a web server plugin was automatically generated for this server at /opt/ibm/wlp/output/defaultServer/logs/state/plugin-cfg.xml.
[11/5/19 22:37:40:675 UTC] 00000060 com.ibm.ws.session.WASSessionCore                            I SESN0176I: A new session context will be created for application key default_host/swat
[11/5/19 22:37:40:693 UTC] 00000060 com.ibm.ws.util                                              I SESN0172I: The session manager is using the Java default SecureRandom implementation for session ID generation.
[11/5/19 22:37:40:850 UTC] 0000002f com.ibm.ws.jca.cm.ConnectorService                           I J2CA8050I: An authentication alias should be used instead of defining a user name and password on dataSource[DefaultDataSource].
[11/5/19 22:37:40:907 UTC] 00000060 com.ibm.ws.cache.CacheServiceImpl                            I DYNA1056I: Dynamic Cache (object cache) initialized successfully.
[11/5/19 22:37:41:040 UTC] 0000002f com.ibm.ws.recoverylog.spi.RecoveryDirectorImpl              I CWRLS0010I: Performing recovery processing for local WebSphere server (defaultServer).
[11/5/19 22:37:41:176 UTC] 0000002f com.ibm.ws.recoverylog.spi.RecoveryDirectorImpl              I CWRLS0012I: All persistent services have been directed to perform recovery processing for this WebSphere server (defaultServer).
[11/5/19 22:37:41:176 UTC] 00000064 com.ibm.tx.jta.impl.RecoveryManager                          I WTRN0135I: Transaction service recovering no transactions.
[11/5/19 22:37:41:425 UTC] 0000002f SystemOut                                                    O [EL Info]: server: 2019-11-05 22:37:41.381--Detected server platform: org.eclipse.persistence.platform.server.was.WebSphere_Liberty_Platform.
[11/5/19 22:37:43:227 UTC] 0000002f com.ibm.ws.ejbcontainer.osgi.internal.EJBRuntimeImpl         I CNTR4000I: The daytrader-ee7-ejb.jar EJB module in the daytrader application is starting.
[11/5/19 22:37:43:269 UTC] 0000002f com.ibm.ws.ejbcontainer.runtime.AbstractEJBRuntime           I CNTR0167I: The server is binding the com.ibm.websphere.samples.daytrader.ejb3.TradeSLSBRemote interface of the TradeSLSBBean enterprise bean in the daytrader-ee7-ejb.jar module of the daytrader application.  The binding location is: java:global/daytrader-ee7/daytrader-ee7-ejb/TradeSLSBBean!com.ibm.websphere.samples.daytrader.ejb3.TradeSLSBRemote
[11/5/19 22:37:43:273 UTC] 0000002f com.ibm.ws.ejbcontainer.runtime.AbstractEJBRuntime           I CNTR0167I: The server is binding the com.ibm.websphere.samples.daytrader.ejb3.TradeSLSBLocal interface of the TradeSLSBBean enterprise bean in the daytrader-ee7-ejb.jar module of the daytrader application.  The binding location is: java:global/daytrader-ee7/daytrader-ee7-ejb/TradeSLSBBean!com.ibm.websphere.samples.daytrader.ejb3.TradeSLSBLocal
[11/5/19 22:37:43:273 UTC] 0000002f com.ibm.ws.ejbcontainer.runtime.AbstractEJBRuntime           I CNTR0167I: The server is binding the com.ibm.websphere.samples.daytrader.ejb3.MarketSummarySingleton interface of the MarketSummarySingleton enterprise bean in the daytrader-ee7-ejb.jar module of the daytrader application.  The binding location is: java:global/daytrader-ee7/daytrader-ee7-ejb/MarketSummarySingleton!com.ibm.websphere.samples.daytrader.ejb3.MarketSummarySingleton
[11/5/19 22:37:43:274 UTC] 0000002f com.ibm.ws.ejbcontainer.runtime.AbstractEJBRuntime           I CNTR0180I: The DTBroker3MDB message-driven bean in the daytrader-ee7-ejb.jar module of the daytrader application is bound to the eis/TradeBrokerMDB activation specification.
[11/5/19 22:37:43:274 UTC] 0000002f com.ibm.ws.ejbcontainer.runtime.AbstractEJBRuntime           I CNTR0180I: The DTStreamer3MDB message-driven bean in the daytrader-ee7-ejb.jar module of the daytrader application is bound to the eis/TradeStreamerMDB activation specification.
[11/5/19 22:37:43:278 UTC] 0000002f com.ibm.ws.ejbcontainer.runtime.AbstractEJBRuntime           I CNTR0219I: The server created 0 persistent automatic timer or timers and 1 non-persistent automatic timer or timers for the daytrader-ee7-ejb.jar module.
[11/5/19 22:37:43:284 UTC] 0000002f com.ibm.ws.ejbcontainer.osgi.internal.EJBRuntimeImpl         I CNTR4001I: The daytrader-ee7-ejb.jar EJB module in the daytrader application has started successfully.
[11/5/19 22:37:43:285 UTC] 0000002f com.ibm.ws.ejbcontainer.osgi.internal.EJBRuntimeImpl         I CNTR4000I: The daytrader-ee7-web.war EJB module in the daytrader application is starting.
[11/5/19 22:37:43:285 UTC] 0000002f com.ibm.ws.ejbcontainer.runtime.AbstractEJBRuntime           I CNTR0167I: The server is binding the com.ibm.websphere.samples.daytrader.web.prims.PingEJBIFace interface of the PingEJBLocal enterprise bean in the daytrader-ee7-web.war module of the daytrader application.  The binding location is: java:global/daytrader-ee7/daytrader-ee7-web/PingEJBLocal!com.ibm.websphere.samples.daytrader.web.prims.PingEJBIFace
[11/5/19 22:37:43:286 UTC] 0000002f com.ibm.ws.ejbcontainer.osgi.internal.EJBRuntimeImpl         I CNTR4001I: The daytrader-ee7-web.war EJB module in the daytrader application has started successfully.
[11/5/19 22:37:43:287 UTC] 0000002f com.ibm.ws.webcontainer.osgi.webapp.WebGroup                 I SRVE0169I: Loading Web Module: DayTrader Web.
[11/5/19 22:37:43:287 UTC] 0000002f com.ibm.ws.webcontainer                                      I SRVE0250I: Web Module DayTrader Web has been bound to default_host.
[11/5/19 22:37:43:288 UTC] 0000002f com.ibm.ws.http.internal.VirtualHostImpl                     A CWWKT0016I: Web application available (default_host): http://634d203d4fff:9080/daytrader/
[11/5/19 22:37:43:297 UTC] 00000061 com.ibm.ws.session.WASSessionCore                            I SESN0176I: A new session context will be created for application key default_host/daytrader
[11/5/19 22:37:43:298 UTC] 00000061 com.ibm.ws.util                                              I SESN0172I: The session manager is using the Java default SecureRandom implementation for session ID generation.
[11/5/19 22:37:43:310 UTC] 0000002f com.ibm.ws.app.manager.AppMessageHelper                      A CWWKZ0001I: Application daytrader started in 4.121 seconds.
[11/5/19 22:37:43:339 UTC] 00000063 com.ibm.ws.webcontainer.osgi.mbeans.PluginGenerator          I SRVE9103I: A configuration file for a web server plugin was automatically generated for this server at /opt/ibm/wlp/output/defaultServer/logs/state/plugin-cfg.xml.
[11/5/19 22:37:43:406 UTC] 00000061 com.ibm.ws.wsoc.EndpointManager                              I CWWKH0046I: Adding a WebSocket ServerEndpoint with the following URI: /marketsummary
[11/5/19 22:37:43:409 UTC] 00000061 com.ibm.ws.wsoc.EndpointManager                              I CWWKH0046I: Adding a WebSocket ServerEndpoint with the following URI: /pingTextAsync
[11/5/19 22:37:43:409 UTC] 00000061 com.ibm.ws.wsoc.EndpointManager                              I CWWKH0046I: Adding a WebSocket ServerEndpoint with the following URI: /pingWebSocketJson
[11/5/19 22:37:43:409 UTC] 00000061 com.ibm.ws.wsoc.EndpointManager                              I CWWKH0046I: Adding a WebSocket ServerEndpoint with the following URI: /pingTextSync
[11/5/19 22:37:43:410 UTC] 00000061 com.ibm.ws.wsoc.EndpointManager                              I CWWKH0046I: Adding a WebSocket ServerEndpoint with the following URI: /pingBinary
[11/5/19 22:37:43:621 UTC] 00000061 org.apache.myfaces.config.DefaultFacesConfigurationProvider  I Reading standard config META-INF/standard-faces-config.xml
[11/5/19 22:37:43:785 UTC] 0000002c com.ibm.ws.sib.utils.ras.SibMessage                          I  CWSIV0777I: A connection to messaging engine defaultME for destination TradeBrokerQueue on bus defaultBus has been successfully created.
[11/5/19 22:37:43:786 UTC] 0000002c com.ibm.ws.sib.utils.ras.SibMessage                          I  CWSIV0556I: Connection to the Messaging Engine was successful. The message-driven bean with activation specification eis/TradeBrokerMDB will now be able to receive the messages from destination TradeBrokerQueue.
[11/5/19 22:37:43:787 UTC] 0000002c com.ibm.ws.jca.service.EndpointActivationService             I J2CA8801I: The message endpoint for activation specification eis/TradeBrokerMDB and message driven bean application daytrader#daytrader-ee7-ejb.jar#DTBroker3MDB is activated.
[11/5/19 22:37:43:803 UTC] 0000002c com.ibm.ws.sib.utils.ras.SibMessage                          I  CWSIV0777I: A connection to messaging engine defaultME for destination TradeTopicSpace on bus defaultBus has been successfully created.
[11/5/19 22:37:43:803 UTC] 0000002c com.ibm.ws.sib.utils.ras.SibMessage                          I  CWSIV0556I: Connection to the Messaging Engine was successful. The message-driven bean with activation specification eis/TradeStreamerMDB will now be able to receive the messages from destination TradeTopicSpace.
[11/5/19 22:37:43:803 UTC] 0000002c com.ibm.ws.jca.service.EndpointActivationService             I J2CA8801I: The message endpoint for activation specification eis/TradeStreamerMDB and message driven bean application daytrader#daytrader-ee7-ejb.jar#DTStreamer3MDB is activated.
[11/5/19 22:37:43:830 UTC] 0000002c com.ibm.ws.kernel.feature.internal.FeatureManager            A CWWKF0012I: The server installed the following features: [appClientSupport-1.0, appSecurity-2.0, batch-1.0, beanValidation-1.1, cdi-1.2, concurrent-1.0, distributedMap-1.0, ejb-3.2, ejbHome-3.2, ejbLite-3.2, ejbPersistentTimer-3.2, ejbRemote-3.2, el-3.0, federatedRegistry-1.0, j2eeManagement-1.1, jacc-1.5, jaspic-1.1, javaMail-1.5, javaee-7.0, jaxb-2.2, jaxrs-2.0, jaxrsClient-2.0, jaxws-2.2, jca-1.7, jcaInboundSecurity-1.0, jdbc-4.1, jms-2.0, jndi-1.0, jpa-2.1, jpaContainer-2.1, jsf-2.2, json-1.0, jsonp-1.0, jsp-2.3, ldapRegistry-3.0, localConnector-1.0, managedBeans-1.0, mdb-3.2, servlet-3.1, ssl-1.0, transportSecurity-1.0, wasJmsClient-2.0, wasJmsSecurity-1.0, wasJmsServer-1.0, webProfile-7.0, websocket-1.1].
[11/5/19 22:37:43:830 UTC] 0000002c com.ibm.ws.kernel.feature.internal.FeatureManager            I CWWKF0008I: Feature update completed in 15.304 seconds.
[11/5/19 22:37:43:831 UTC] 0000002c com.ibm.ws.kernel.feature.internal.FeatureManager            A CWWKF0011I: The defaultServer server is ready to run a smarter planet. The defaultServer server started in 20.897 seconds.
[11/5/19 22:37:43:874 UTC] 00000061 org.apache.myfaces.config.DefaultFacesConfigurationProvider  I Reading config /WEB-INF/faces-config.xml
[11/5/19 22:37:44:250 UTC] 00000061 org.apache.myfaces.spi.impl.DefaultInjectionProviderFactory  I Using InjectionProvider com.ibm.ws.jsf.spi.impl.WASCDIAnnotationDelegateInjectionProvider
[11/5/19 22:37:44:345 UTC] 00000061 org.apache.myfaces.util.ExternalSpecifications               I MyFaces CDI support enabled
[11/5/19 22:37:44:368 UTC] 00000061 org.apache.myfaces.util.ExternalSpecifications               I MyFaces Bean Validation support enabled
[11/5/19 22:37:44:432 UTC] 00000061 org.apache.myfaces.config.FacesConfigurator                  I Serialization provider : class org.apache.myfaces.shared_impl.util.serial.DefaultSerialFactory
[11/5/19 22:37:44:505 UTC] 00000061 org.apache.myfaces.webapp.AbstractFacesInitializer           I ServletContext initialized.
[11/5/19 22:37:44:507 UTC] 00000061 org.apache.myfaces.webapp.WebConfigParamsLogger              I Tomahawk jar not available. Autoscrolling, DetectJavascript, AddResourceClass and CheckExtensionsFilter are disabled now.
[11/5/19 22:37:44:507 UTC] 00000061 org.apache.myfaces.webapp.WebConfigParamsLogger              I Scanning for context init parameters not defined. It is not necessary to define them all into your web.xml, they are just provided here for informative purposes. To disable this messages set org.apache.myfaces.LOG_WEB_CONTEXT_PARAMS config param to 'false'
[11/5/19 22:37:44:508 UTC] 00000061 org.apache.myfaces.webapp.WebConfigParamsLogger              I No context init parameter 'javax.faces.RESOURCE_EXCLUDES' found, using default value '.class .jsp .jspx .properties .xhtml .groovy'.
[11/5/19 22:37:44:509 UTC] 00000061 org.apache.myfaces.webapp.WebConfigParamsLogger              I No context init parameter 'javax.faces.FULL_STATE_SAVING_VIEW_IDS' found.
[11/5/19 22:37:44:509 UTC] 00000061 org.apache.myfaces.webapp.WebConfigParamsLogger              I No context init parameter 'javax.faces.PARTIAL_STATE_SAVING' found, using default value 'true (false with 1.2 webapps)'.
[11/5/19 22:37:44:509 UTC] 00000061 org.apache.myfaces.webapp.WebConfigParamsLogger              I No context init parameter 'javax.faces.SERIALIZE_SERVER_STATE' found, using default value 'false'.
[11/5/19 22:37:44:509 UTC] 00000061 org.apache.myfaces.webapp.WebConfigParamsLogger              I No context init parameter 'javax.faces.FACELETS_SUFFIX' found, using default value '.xhtml'.
[11/5/19 22:37:44:509 UTC] 00000061 org.apache.myfaces.webapp.WebConfigParamsLogger              I No context init parameter 'javax.faces.FACELETS_VIEW_MAPPINGS' found.
[11/5/19 22:37:44:509 UTC] 00000061 org.apache.myfaces.webapp.WebConfigParamsLogger              I No context init parameter 'DISABLE_FACELET_JSF_VIEWHANDLER' found.
[11/5/19 22:37:44:509 UTC] 00000061 org.apache.myfaces.webapp.WebConfigParamsLogger              I No context init parameter 'javax.faces.FACELETS_BUFFER_SIZE' found, using default value '1024'.
[11/5/19 22:37:44:510 UTC] 00000061 org.apache.myfaces.webapp.WebConfigParamsLogger              I No context init parameter 'javax.faces.FACELETS_DECORATORS' found.
[11/5/19 22:37:44:510 UTC] 00000061 org.apache.myfaces.webapp.WebConfigParamsLogger              I No context init parameter 'javax.faces.FACELETS_LIBRARIES' found.
[11/5/19 22:37:44:510 UTC] 00000061 org.apache.myfaces.webapp.WebConfigParamsLogger              I No context init parameter 'javax.faces.FACELETS_REFRESH_PERIOD' found, using default value '-1'.
[11/5/19 22:37:44:510 UTC] 00000061 org.apache.myfaces.webapp.WebConfigParamsLogger              I No context init parameter 'javax.faces.FACELETS_SKIP_COMMENTS' found.
[11/5/19 22:37:44:510 UTC] 00000061 org.apache.myfaces.webapp.WebConfigParamsLogger              I No context init parameter 'javax.faces.HONOR_CURRENT_COMPONENT_ATTRIBUTES' found, using default value 'false'.
[11/5/19 22:37:44:510 UTC] 00000061 org.apache.myfaces.webapp.WebConfigParamsLogger              I No context init parameter 'javax.faces.VALIDATE_EMPTY_FIELDS' found, using default value 'auto'.
[11/5/19 22:37:44:510 UTC] 00000061 org.apache.myfaces.webapp.WebConfigParamsLogger              I No context init parameter 'javax.faces.INTERPRET_EMPTY_STRING_SUBMITTED_VALUES_AS_NULL' found, using default value 'false'.
[11/5/19 22:37:44:511 UTC] 00000061 org.apache.myfaces.webapp.WebConfigParamsLogger              I No context init parameter 'javax.faces.DATETIMECONVERTER_DEFAULT_TIMEZONE_IS_SYSTEM_TIMEZONE' found, using default value 'false'.
[11/5/19 22:37:44:511 UTC] 00000061 org.apache.myfaces.webapp.WebConfigParamsLogger              I No context init parameter 'org.apache.myfaces.ENUM_CONVERTER_ALLOW_STRING_PASSTROUGH' found, using default value 'false'.
[11/5/19 22:37:44:511 UTC] 00000061 org.apache.myfaces.webapp.WebConfigParamsLogger              I No context init parameter 'javax.faces.validator.DISABLE_DEFAULT_BEAN_VALIDATOR' found, using default value 'true'.
[11/5/19 22:37:44:511 UTC] 00000061 org.apache.myfaces.webapp.WebConfigParamsLogger              I No context init parameter 'javax.faces.CONFIG_FILES' found.
[11/5/19 22:37:44:511 UTC] 00000061 org.apache.myfaces.webapp.WebConfigParamsLogger              I No context init parameter 'javax.faces.LIFECYCLE_ID' found.
[11/5/19 22:37:44:511 UTC] 00000061 org.apache.myfaces.webapp.WebConfigParamsLogger              I No context init parameter 'org.apache.myfaces.ERROR_HANDLER' found.
[11/5/19 22:37:44:511 UTC] 00000061 org.apache.myfaces.webapp.WebConfigParamsLogger              I No context init parameter 'org.apache.myfaces.CHECKED_VIEWID_CACHE_SIZE' found, using default value '500'.
[11/5/19 22:37:44:511 UTC] 00000061 org.apache.myfaces.webapp.WebConfigParamsLogger              I No context init parameter 'org.apache.myfaces.CHECKED_VIEWID_CACHE_ENABLED' found, using default value 'true'.
[11/5/19 22:37:44:512 UTC] 00000061 org.apache.myfaces.webapp.WebConfigParamsLogger              I No context init parameter 'org.apache.myfaces.PRETTY_HTML' found, using default value 'true'.
[11/5/19 22:37:44:512 UTC] 00000061 org.apache.myfaces.webapp.WebConfigParamsLogger              I No context init parameter 'org.apache.myfaces.ALLOW_JAVASCRIPT' found, using default value 'true'.
[11/5/19 22:37:44:512 UTC] 00000061 org.apache.myfaces.webapp.WebConfigParamsLogger              I No context init parameter 'org.apache.myfaces.CONFIG_REFRESH_PERIOD' found, using default value '2'.
[11/5/19 22:37:44:512 UTC] 00000061 org.apache.myfaces.webapp.WebConfigParamsLogger              I No context init parameter 'org.apache.myfaces.VIEWSTATE_JAVASCRIPT' found, using default value 'false'.
[11/5/19 22:37:44:512 UTC] 00000061 org.apache.myfaces.webapp.WebConfigParamsLogger              I No context init parameter 'org.apache.myfaces.RENDER_VIEWSTATE_ID' found, using default value 'true'.
[11/5/19 22:37:44:512 UTC] 00000061 org.apache.myfaces.webapp.WebConfigParamsLogger              I No context init parameter 'org.apache.myfaces.STRICT_XHTML_LINKS' found, using default value 'true'.
[11/5/19 22:37:44:512 UTC] 00000061 org.apache.myfaces.webapp.WebConfigParamsLogger              I No context init parameter 'org.apache.myfaces.RENDER_CLEAR_JAVASCRIPT_FOR_BUTTON' found, using default value 'false'.
[11/5/19 22:37:44:513 UTC] 00000061 org.apache.myfaces.webapp.WebConfigParamsLogger              I No context init parameter 'org.apache.myfaces.RENDER_HIDDEN_FIELDS_FOR_LINK_PARAMS' found, using default value 'false'.
[11/5/19 22:37:44:513 UTC] 00000061 org.apache.myfaces.webapp.WebConfigParamsLogger              I No context init parameter 'org.apache.myfaces.SAVE_FORM_SUBMIT_LINK_IE' found, using default value 'false'.
[11/5/19 22:37:44:513 UTC] 00000061 org.apache.myfaces.webapp.WebConfigParamsLogger              I No context init parameter 'org.apache.myfaces.DELEGATE_FACES_SERVLET' found.
[11/5/19 22:37:44:513 UTC] 00000061 org.apache.myfaces.webapp.WebConfigParamsLogger              I No context init parameter 'org.apache.myfaces.REFRESH_TRANSIENT_BUILD_ON_PSS' found, using default value 'auto'.
[11/5/19 22:37:44:513 UTC] 00000061 org.apache.myfaces.webapp.WebConfigParamsLogger              I No context init parameter 'org.apache.myfaces.REFRESH_TRANSIENT_BUILD_ON_PSS_PRESERVE_STATE' found, using default value 'false'.
[11/5/19 22:37:44:513 UTC] 00000061 org.apache.myfaces.webapp.WebConfigParamsLogger              I No context init parameter 'org.apache.myfaces.VALIDATE_XML' found.
[11/5/19 22:37:44:514 UTC] 00000061 org.apache.myfaces.webapp.WebConfigParamsLogger              I No context init parameter 'org.apache.myfaces.WRAP_SCRIPT_CONTENT_WITH_XML_COMMENT_TAG' found, using default value 'false'.
[11/5/19 22:37:44:514 UTC] 00000061 org.apache.myfaces.webapp.WebConfigParamsLogger              I No context init parameter 'org.apache.myfaces.RENDER_FORM_SUBMIT_SCRIPT_INLINE' found, using default value 'false'.
[11/5/19 22:37:44:514 UTC] 00000061 org.apache.myfaces.webapp.WebConfigParamsLogger              I No context init parameter 'org.apache.myfaces.DEBUG_PHASE_LISTENER' found.
[11/5/19 22:37:44:514 UTC] 00000061 org.apache.myfaces.webapp.WebConfigParamsLogger              I No context init parameter 'org.apache.myfaces.STRICT_JSF_2_REFRESH_TARGET_AJAX' found, using default value 'false'.
[11/5/19 22:37:44:514 UTC] 00000061 org.apache.myfaces.webapp.WebConfigParamsLogger              I No context init parameter 'org.apache.myfaces.STRICT_JSF_2_CC_EL_RESOLVER' found, using default value 'false'.
[11/5/19 22:37:44:514 UTC] 00000061 org.apache.myfaces.webapp.WebConfigParamsLogger              I No context init parameter 'org.apache.myfaces.DEFAULT_RESPONSE_WRITER_CONTENT_TYPE_MODE' found, using default value 'text/html'.
[11/5/19 22:37:44:514 UTC] 00000061 org.apache.myfaces.webapp.WebConfigParamsLogger              I No context init parameter 'org.apache.myfaces.VIEW_UNIQUE_IDS_CACHE_ENABLED' found, using default value 'true'.
[11/5/19 22:37:44:515 UTC] 00000061 org.apache.myfaces.webapp.WebConfigParamsLogger              I No context init parameter 'org.apache.myfaces.COMPONENT_UNIQUE_IDS_CACHE_SIZE' found, using default value '100'.
[11/5/19 22:37:44:515 UTC] 00000061 org.apache.myfaces.webapp.WebConfigParamsLogger              I No context init parameter 'org.apache.myfaces.SUPPORT_JSP_AND_FACES_EL' found, using default value 'true'.
[11/5/19 22:37:44:515 UTC] 00000061 org.apache.myfaces.webapp.WebConfigParamsLogger              I No context init parameter 'org.apache.myfaces.GAE_JSF_JAR_FILES' found.
[11/5/19 22:37:44:515 UTC] 00000061 org.apache.myfaces.webapp.WebConfigParamsLogger              I No context init parameter 'org.apache.myfaces.GAE_JSF_ANNOTATIONS_JAR_FILES' found.
[11/5/19 22:37:44:515 UTC] 00000061 org.apache.myfaces.webapp.WebConfigParamsLogger              I No context init parameter 'org.apache.myfaces.STRICT_JSF_2_VIEW_NOT_FOUND' found, using default value 'false'.
[11/5/19 22:37:44:515 UTC] 00000061 org.apache.myfaces.webapp.WebConfigParamsLogger              I No context init parameter 'org.apache.myfaces.EARLY_FLUSH_ENABLED' found, using default value 'false'.
[11/5/19 22:37:44:515 UTC] 00000061 org.apache.myfaces.webapp.WebConfigParamsLogger              I No context init parameter 'org.apache.myfaces.CDI_MANAGED_CONVERTERS_ENABLED' found, using default value 'false'.
[11/5/19 22:37:44:516 UTC] 00000061 org.apache.myfaces.webapp.WebConfigParamsLogger              I No context init parameter 'org.apache.myfaces.CDI_MANAGED_VALIDATORS_ENABLED' found, using default value 'false'.
[11/5/19 22:37:44:516 UTC] 00000061 org.apache.myfaces.webapp.WebConfigParamsLogger              I No context init parameter 'org.apache.myfaces.STRICT_JSF_2_FACELETS_COMPATIBILITY' found, using default value 'false'.
[11/5/19 22:37:44:516 UTC] 00000061 org.apache.myfaces.webapp.WebConfigParamsLogger              I No context init parameter 'org.apache.myfaces.RENDER_FORM_VIEW_STATE_AT_BEGIN' found, using default value 'false'.
[11/5/19 22:37:44:516 UTC] 00000061 org.apache.myfaces.webapp.WebConfigParamsLogger              I No context init parameter 'org.apache.myfaces.FLASH_SCOPE_DISABLED' found, using default value 'false'.
[11/5/19 22:37:44:516 UTC] 00000061 org.apache.myfaces.webapp.WebConfigParamsLogger              I No context init parameter 'org.apache.myfaces.NUMBER_OF_VIEWS_IN_SESSION' found, using default value '20'.
[11/5/19 22:37:44:516 UTC] 00000061 org.apache.myfaces.webapp.WebConfigParamsLogger              I No context init parameter 'org.apache.myfaces.NUMBER_OF_SEQUENTIAL_VIEWS_IN_SESSION' found, using default value '4'.
[11/5/19 22:37:44:516 UTC] 00000061 org.apache.myfaces.webapp.WebConfigParamsLogger              I No context init parameter 'org.apache.myfaces.NUMBER_OF_FLASH_TOKENS_IN_SESSION' found.
[11/5/19 22:37:44:516 UTC] 00000061 org.apache.myfaces.webapp.WebConfigParamsLogger              I No context init parameter 'org.apache.myfaces.FACES_FLOW_CLIENT_WINDOW_IDS_IN_SESSION' found.
[11/5/19 22:37:44:516 UTC] 00000061 org.apache.myfaces.webapp.WebConfigParamsLogger              I No context init parameter 'org.apache.myfaces.RESOURCE_MAX_TIME_EXPIRES' found, using default value '604800000'.
[11/5/19 22:37:44:516 UTC] 00000061 org.apache.myfaces.webapp.WebConfigParamsLogger              I No context init parameter 'org.apache.myfaces.RESOURCE_HANDLER_CACHE_SIZE' found, using default value '500'.
[11/5/19 22:37:44:516 UTC] 00000061 org.apache.myfaces.webapp.WebConfigParamsLogger              I No context init parameter 'org.apache.myfaces.RESOURCE_HANDLER_CACHE_ENABLED' found, using default value 'true'.
[11/5/19 22:37:44:516 UTC] 00000061 org.apache.myfaces.webapp.WebConfigParamsLogger              I No context init parameter 'org.apache.myfaces.USE_ENCRYPTION' found, using default value 'true'.
[11/5/19 22:37:44:517 UTC] 00000061 org.apache.myfaces.webapp.WebConfigParamsLogger              I No context init parameter 'org.apache.myfaces.SECRET' found.
[11/5/19 22:37:44:517 UTC] 00000061 org.apache.myfaces.webapp.WebConfigParamsLogger              I No context init parameter 'org.apache.myfaces.ALGORITHM' found, using default value 'DES'.
[11/5/19 22:37:44:518 UTC] 00000061 org.apache.myfaces.webapp.WebConfigParamsLogger              I No context init parameter 'org.apache.myfaces.SECRET.CACHE' found.
[11/5/19 22:37:44:518 UTC] 00000061 org.apache.myfaces.webapp.WebConfigParamsLogger              I No context init parameter 'org.apache.myfaces.ALGORITHM.IV' found.
[11/5/19 22:37:44:518 UTC] 00000061 org.apache.myfaces.webapp.WebConfigParamsLogger              I No context init parameter 'org.apache.myfaces.ALGORITHM.PARAMETERS' found, using default value 'ECB/PKCS5Padding'.
[11/5/19 22:37:44:518 UTC] 00000061 org.apache.myfaces.webapp.WebConfigParamsLogger              I No context init parameter 'org.apache.myfaces.SERIAL_FACTORY' found.
[11/5/19 22:37:44:518 UTC] 00000061 org.apache.myfaces.webapp.WebConfigParamsLogger              I No context init parameter 'org.apache.myfaces.COMPRESS_STATE_IN_CLIENT' found, using default value 'false'.
[11/5/19 22:37:44:518 UTC] 00000061 org.apache.myfaces.webapp.WebConfigParamsLogger              I No context init parameter 'org.apache.myfaces.MAC_ALGORITHM' found, using default value 'HmacSHA1'.
[11/5/19 22:37:44:519 UTC] 00000061 org.apache.myfaces.webapp.WebConfigParamsLogger              I No context init parameter 'org.apache.myfaces.MAC_SECRET' found.
[11/5/19 22:37:44:519 UTC] 00000061 org.apache.myfaces.webapp.WebConfigParamsLogger              I No context init parameter 'org.apache.myfaces.MAC_SECRET.CACHE' found.
[11/5/19 22:37:44:519 UTC] 00000061 org.apache.myfaces.webapp.WebConfigParamsLogger              I No context init parameter 'org.apache.myfaces.LAZY_LOAD_CONFIG_OBJECTS' found, using default value 'true'.
[11/5/19 22:37:44:519 UTC] 00000061 org.apache.myfaces.webapp.WebConfigParamsLogger              I No context init parameter 'org.apache.myfaces.STRICT_JSF_2_ALLOW_SLASH_LIBRARY_NAME' found, using default value 'false'.
[11/5/19 22:37:44:519 UTC] 00000061 org.apache.myfaces.webapp.WebConfigParamsLogger              I No context init parameter 'org.apache.myfaces.RESOURCE_BUFFER_SIZE' found, using default value '2048'.
[11/5/19 22:37:44:519 UTC] 00000061 org.apache.myfaces.webapp.WebConfigParamsLogger              I No context init parameter 'org.apache.myfaces.RANDOM_KEY_IN_CSRF_SESSION_TOKEN' found, using default value 'none'.
[11/5/19 22:37:44:519 UTC] 00000061 org.apache.myfaces.webapp.WebConfigParamsLogger              I No context init parameter 'org.apache.myfaces.RANDOM_KEY_IN_CSRF_SESSION_TOKEN_LENGTH' found, using default value '16'.
[11/5/19 22:37:44:519 UTC] 00000061 org.apache.myfaces.webapp.WebConfigParamsLogger              I No context init parameter 'org.apache.myfaces.RANDOM_KEY_IN_CSRF_SESSION_TOKEN_SECURE_RANDOM_CLASS' found.
[11/5/19 22:37:44:520 UTC] 00000061 org.apache.myfaces.webapp.WebConfigParamsLogger              I No context init parameter 'org.apache.myfaces.RANDOM_KEY_IN_CSRF_SESSION_TOKEN_SECURE_RANDOM_PROVIDER' found.
[11/5/19 22:37:44:520 UTC] 00000061 org.apache.myfaces.webapp.WebConfigParamsLogger              I No context init parameter 'org.apache.myfaces.RANDOM_KEY_IN_CSRF_SESSION_TOKEN_SECURE_RANDOM_ALGORITM' found, using default value 'SHA1PRNG'.
[11/5/19 22:37:44:520 UTC] 00000061 org.apache.myfaces.webapp.WebConfigParamsLogger              I No context init parameter 'org.apache.myfaces.CLIENT_VIEW_STATE_TIMEOUT' found, using default value '0'.
[11/5/19 22:37:44:520 UTC] 00000061 org.apache.myfaces.webapp.WebConfigParamsLogger              I No context init parameter 'org.apache.myfaces.SERIALIZE_STATE_IN_SESSION' found, using default value 'false'.
[11/5/19 22:37:44:520 UTC] 00000061 org.apache.myfaces.webapp.WebConfigParamsLogger              I No context init parameter 'org.apache.myfaces.COMPRESS_STATE_IN_SESSION' found, using default value 'true'.
[11/5/19 22:37:44:520 UTC] 00000061 org.apache.myfaces.webapp.WebConfigParamsLogger              I No context init parameter 'org.apache.myfaces.CACHE_OLD_VIEWS_IN_SESSION_MODE' found, using default value 'off'.
[11/5/19 22:37:44:520 UTC] 00000061 org.apache.myfaces.webapp.WebConfigParamsLogger              I No context init parameter 'org.apache.myfaces.USE_FLASH_SCOPE_PURGE_VIEWS_IN_SESSION' found, using default value 'false'.
[11/5/19 22:37:44:520 UTC] 00000061 org.apache.myfaces.webapp.WebConfigParamsLogger              I No context init parameter 'org.apache.myfaces.RANDOM_KEY_IN_VIEW_STATE_SESSION_TOKEN' found, using default value 'none'.
[11/5/19 22:37:44:520 UTC] 00000061 org.apache.myfaces.webapp.WebConfigParamsLogger              I No context init parameter 'org.apache.myfaces.RANDOM_KEY_IN_VIEW_STATE_SESSION_TOKEN_LENGTH' found, using default value '8'.
[11/5/19 22:37:44:520 UTC] 00000061 org.apache.myfaces.webapp.WebConfigParamsLogger              I No context init parameter 'org.apache.myfaces.RANDOM_KEY_IN_VIEW_STATE_SESSION_TOKEN_SECURE_RANDOM_CLASS' found.
[11/5/19 22:37:44:520 UTC] 00000061 org.apache.myfaces.webapp.WebConfigParamsLogger              I No context init parameter 'org.apache.myfaces.RANDOM_KEY_IN_VIEW_STATE_SESSION_TOKEN_SECURE_RANDOM_PROVIDER' found.
[11/5/19 22:37:44:520 UTC] 00000061 org.apache.myfaces.webapp.WebConfigParamsLogger              I No context init parameter 'org.apache.myfaces.RANDOM_KEY_IN_VIEW_STATE_SESSION_TOKEN_SECURE_RANDOM_ALGORITM' found, using default value 'SHA1PRNG'.
[11/5/19 22:37:44:521 UTC] 00000061 org.apache.myfaces.webapp.WebConfigParamsLogger              I No context init parameter 'facelets.LIBRARIES' found.
[11/5/19 22:37:44:521 UTC] 00000061 org.apache.myfaces.webapp.WebConfigParamsLogger              I No context init parameter 'org.apache.myfaces.VALIDATE' found, using default value 'false'.
[11/5/19 22:37:44:521 UTC] 00000061 org.apache.myfaces.webapp.WebConfigParamsLogger              I No context init parameter 'org.apache.myfaces.annotation.SCAN_PACKAGES' found.
[11/5/19 22:37:44:521 UTC] 00000061 org.apache.myfaces.webapp.WebConfigParamsLogger              I No context init parameter 'org.apache.myfaces.config.annotation.LifecycleProvider' found.
[11/5/19 22:37:44:521 UTC] 00000061 org.apache.myfaces.webapp.WebConfigParamsLogger              I No context init parameter 'org.apache.myfaces.EL_RESOLVER_COMPARATOR' found.
[11/5/19 22:37:44:521 UTC] 00000061 org.apache.myfaces.webapp.WebConfigParamsLogger              I No context init parameter 'org.apache.myfaces.EL_RESOLVER_PREDICATE' found.
[11/5/19 22:37:44:521 UTC] 00000061 org.apache.myfaces.webapp.WebConfigParamsLogger              I No context init parameter 'org.apache.myfaces.DEFAULT_WINDOW_MODE' found, using default value 'url'.
[11/5/19 22:37:44:523 UTC] 00000061 org.apache.myfaces.webapp.WebConfigParamsLogger              I No context init parameter 'org.apache.myfaces.CHECKED_VIEWID_CACHE_SIZE' found, using default value '500'.
[11/5/19 22:37:44:523 UTC] 00000061 org.apache.myfaces.webapp.WebConfigParamsLogger              I No context init parameter 'org.apache.myfaces.CHECKED_VIEWID_CACHE_ENABLED' found, using default value 'true'.
[11/5/19 22:37:44:523 UTC] 00000061 org.apache.myfaces.webapp.WebConfigParamsLogger              I No context init parameter 'org.apache.myfaces.ERROR_TEMPLATE_RESOURCE' found, using default value 'META-INF/rsc/myfaces-dev-error.xml'.
[11/5/19 22:37:44:523 UTC] 00000061 org.apache.myfaces.webapp.WebConfigParamsLogger              I No context init parameter 'org.apache.myfaces.DEBUG_TEMPLATE_RESOURCE' found, using default value 'META-INF/rsc/myfaces-dev-debug.xml'.
[11/5/19 22:37:44:523 UTC] 00000061 org.apache.myfaces.webapp.WebConfigParamsLogger              I No context init parameter 'org.apache.myfaces.ERROR_HANDLING' found, using default value 'false, on Development Project stage: true'.
[11/5/19 22:37:44:523 UTC] 00000061 org.apache.myfaces.webapp.WebConfigParamsLogger              I No context init parameter 'org.apache.myfaces.HANDLE_STATE_CACHING_MECHANICS' found, using default value 'true'.
[11/5/19 22:37:44:524 UTC] 00000061 org.apache.myfaces.webapp.WebConfigParamsLogger              I No context init parameter 'org.apache.myfaces.AUTOCOMPLETE_OFF_VIEW_STATE' found, using default value 'true'.
[11/5/19 22:37:44:524 UTC] 00000061 org.apache.myfaces.webapp.WebConfigParamsLogger              I No context init parameter 'org.apache.myfaces.USE_MULTIPLE_JS_FILES_FOR_JSF_UNCOMPRESSED_JS' found, using default value 'false'.
[11/5/19 22:37:44:524 UTC] 00000061 org.apache.myfaces.webapp.WebConfigParamsLogger              I No context init parameter 'org.apache.myfaces.JSF_JS_MODE' found, using default value 'normal'.
[11/5/19 22:37:44:524 UTC] 00000061 org.apache.myfaces.webapp.WebConfigParamsLogger              I No context init parameter 'org.apache.myfaces.TEMPORAL_RESOURCEHANDLER_CACHE_ENABLED' found, using default value 'false'.
[11/5/19 22:37:44:524 UTC] 00000061 org.apache.myfaces.webapp.WebConfigParamsLogger              I No context init parameter 'org.apache.myfaces.SERVICE_PROVIDER_FINDER' found.
[11/5/19 22:37:44:524 UTC] 00000061 org.apache.myfaces.webapp.WebConfigParamsLogger              I No context init parameter 'org.apache.myfaces.spi.InjectionProvider' found.
[11/5/19 22:37:44:528 UTC] 00000061 org.apache.myfaces.webapp.WebConfigParamsLogger              I No context init parameter 'javax.faces.DISABLE_FACELET_JSF_VIEWHANDLER' found, using default value 'false'.
[11/5/19 22:37:44:528 UTC] 00000061 org.apache.myfaces.webapp.WebConfigParamsLogger              I No context init parameter 'org.apache.myfaces.SAVE_STATE_WITH_VISIT_TREE_ON_PSS' found, using default value 'true'.
[11/5/19 22:37:44:529 UTC] 00000061 org.apache.myfaces.webapp.WebConfigParamsLogger              I No context init parameter 'org.apache.myfaces.CHECK_ID_PRODUCTION_MODE' found, using default value 'auto'.
[11/5/19 22:37:44:529 UTC] 00000061 org.apache.myfaces.webapp.WebConfigParamsLogger              I No context init parameter 'facelets.BUFFER_SIZE' found.
[11/5/19 22:37:44:529 UTC] 00000061 org.apache.myfaces.webapp.WebConfigParamsLogger              I No context init parameter 'facelets.REFRESH_PERIOD' found, using default value '-1'.
[11/5/19 22:37:44:529 UTC] 00000061 org.apache.myfaces.webapp.WebConfigParamsLogger              I No context init parameter 'javax.faces.FACELETS_RESOURCE_RESOLVER' found.
[11/5/19 22:37:44:531 UTC] 00000061 org.apache.myfaces.webapp.WebConfigParamsLogger              I No context init parameter 'facelets.RESOURCE_RESOLVER' found.
[11/5/19 22:37:44:531 UTC] 00000061 org.apache.myfaces.webapp.WebConfigParamsLogger              I No context init parameter 'org.apache.myfaces.MARK_INITIAL_STATE_WHEN_APPLY_BUILD_VIEW' found, using default value 'false'.
[11/5/19 22:37:44:531 UTC] 00000061 org.apache.myfaces.webapp.WebConfigParamsLogger              I No context init parameter 'facelets.DECORATORS' found.
[11/5/19 22:37:44:531 UTC] 00000061 org.apache.myfaces.webapp.WebConfigParamsLogger              I No context init parameter 'facelets.SKIP_COMMENTS' found.
[11/5/19 22:37:44:531 UTC] 00000061 org.apache.myfaces.webapp.WebConfigParamsLogger              I No context init parameter 'org.apache.myfaces.WRAP_TAG_EXCEPTIONS_AS_CONTEXT_AWARE' found, using default value 'true'.
[11/5/19 22:37:44:531 UTC] 00000061 org.apache.myfaces.webapp.WebConfigParamsLogger              I No context init parameter 'org.apache.myfaces.CACHE_EL_EXPRESSIONS' found, using default value 'noCache'.
[11/5/19 22:37:44:531 UTC] 00000061 org.apache.myfaces.webapp.WebConfigParamsLogger              I No context init parameter 'org.apache.myfaces.VIEW_POOL_MAX_POOL_SIZE' found, using default value '5'.
[11/5/19 22:37:44:531 UTC] 00000061 org.apache.myfaces.webapp.WebConfigParamsLogger              I No context init parameter 'org.apache.myfaces.VIEW_POOL_MAX_DYNAMIC_PARTIAL_LIMIT' found, using default value '2'.
[11/5/19 22:37:44:531 UTC] 00000061 org.apache.myfaces.webapp.WebConfigParamsLogger              I No context init parameter 'org.apache.myfaces.VIEW_POOL_ENTRY_MODE' found, using default value 'soft'.
[11/5/19 22:37:44:531 UTC] 00000061 org.apache.myfaces.webapp.WebConfigParamsLogger              I No context init parameter 'org.apache.myfaces.VIEW_POOL_DEFERRED_NAVIGATION' found, using default value 'false'.
[11/5/19 22:37:44:531 UTC] 00000061 org.apache.myfaces.webapp.WebConfigParamsLogger              I No context init parameter 'org.apache.myfaces.EXPRESSION_FACTORY' found.
[11/5/19 22:37:44:531 UTC] 00000061 org.apache.myfaces.webapp.WebConfigParamsLogger              I No context init parameter 'org.apache.myfaces.INITIALIZE_ALWAYS_STANDALONE' found, using default value 'false'.
[11/5/19 22:37:44:532 UTC] 00000061 org.apache.myfaces.webapp.WebConfigParamsLogger              I No context init parameter 'org.apache.myfaces.LOG_WEB_CONTEXT_PARAMS' found, using default value 'auto'.
[11/5/19 22:37:44:537 UTC] 00000061 org.apache.myfaces.webapp.WebConfigParamsLogger              I No context init parameter 'org.apache.myfaces.FACES_INITIALIZER' found.
[11/5/19 22:37:44:537 UTC] 00000061 org.apache.myfaces.webapp.WebConfigParamsLogger              I No context init parameter 'org.apache.myfaces.FACES_INIT_PLUGINS' found.
[11/5/19 22:37:44:538 UTC] 00000061 org.apache.myfaces.util.ExternalSpecifications               I MyFaces Unified EL support enabled
[11/5/19 22:37:44:546 UTC] 00000061 org.apache.myfaces.view.facelets.ViewPoolProcessor           I org.apache.myfaces.CACHE_EL_EXPRESSIONS web config parameter is set to "noCache". To enable view pooling this param must be set to "alwaysRecompile". View Pooling disabled.
[11/5/19 22:37:44:580 UTC] 00000061 SystemOut                                                    O Settings from daytrader.properties: {marketSummaryInterval=20, orderProcessingMode=0, trace=false, cacheSize=100000, percentSentToWebsocket=10, runtimeMode=1, webInterface=0, maxQuotes=10000, longRun=true, useRemoteEJBInterface=false, actionTrace=false, primIterations=1, maxUsers=15000, displayOrderAlerts=true, publishQuotePriceChange=true, cachingType=1}
[11/5/19 22:37:44:691 UTC] 00000061 com.ibm.ws.webcontainer.security.ServletStartedListener      I CWWKS9122I:  For URL TradeScenarioServlet in application daytrader, the following HTTP methods are uncovered, and accessible: HEAD OPTIONS TRACE 
[11/5/19 22:39:51:411 UTC] 0000008c daytrader                                                    I JPA Shared L2 Cache disabled.
[11/5/19 22:39:52:369 UTC] 000000ee com.ibm.ws.rsadapter.impl.DatabaseHelper                     I DSRA8203I: Database product name : Apache Derby
[11/5/19 22:39:52:369 UTC] 000000e5 com.ibm.ws.rsadapter.impl.DatabaseHelper                     I DSRA8203I: Database product name : Apache Derby
[11/5/19 22:39:52:369 UTC] 000000c2 com.ibm.ws.rsadapter.impl.DatabaseHelper                     I DSRA8203I: Database product name : Apache Derby
[11/5/19 22:39:52:370 UTC] 000000ee com.ibm.ws.rsadapter.impl.DatabaseHelper                     I DSRA8204I: Database product version : 10.14.2.0 - (1828579)
[11/5/19 22:39:52:370 UTC] 000000e5 com.ibm.ws.rsadapter.impl.DatabaseHelper                     I DSRA8204I: Database product version : 10.14.2.0 - (1828579)
[11/5/19 22:39:52:370 UTC] 000000c2 com.ibm.ws.rsadapter.impl.DatabaseHelper                     I DSRA8204I: Database product version : 10.14.2.0 - (1828579)
[11/5/19 22:39:52:370 UTC] 000000ee com.ibm.ws.rsadapter.impl.DatabaseHelper                     I DSRA8205I: JDBC driver name  : Apache Derby Embedded JDBC Driver
[11/5/19 22:39:52:370 UTC] 000000e5 com.ibm.ws.rsadapter.impl.DatabaseHelper                     I DSRA8205I: JDBC driver name  : Apache Derby Embedded JDBC Driver
[11/5/19 22:39:52:370 UTC] 000000c2 com.ibm.ws.rsadapter.impl.DatabaseHelper                     I DSRA8205I: JDBC driver name  : Apache Derby Embedded JDBC Driver
[11/5/19 22:39:52:370 UTC] 000000ee com.ibm.ws.rsadapter.impl.DatabaseHelper                     I DSRA8206I: JDBC driver version  : 10.14.2.0 - (1828579)
[11/5/19 22:39:52:370 UTC] 000000e5 com.ibm.ws.rsadapter.impl.DatabaseHelper                     I DSRA8206I: JDBC driver version  : 10.14.2.0 - (1828579)
[11/5/19 22:39:52:370 UTC] 000000c2 com.ibm.ws.rsadapter.impl.DatabaseHelper                     I DSRA8206I: JDBC driver version  : 10.14.2.0 - (1828579)
[11/5/19 22:39:52:369 UTC] 0000008c com.ibm.ws.rsadapter.impl.DatabaseHelper                     I DSRA8203I: Database product name : Apache Derby
[11/5/19 22:39:52:371 UTC] 0000008c com.ibm.ws.rsadapter.impl.DatabaseHelper                     I DSRA8204I: Database product version : 10.14.2.0 - (1828579)
[11/5/19 22:39:52:371 UTC] 0000008c com.ibm.ws.rsadapter.impl.DatabaseHelper                     I DSRA8205I: JDBC driver name  : Apache Derby Embedded JDBC Driver
[11/5/19 22:39:52:371 UTC] 0000008c com.ibm.ws.rsadapter.impl.DatabaseHelper                     I DSRA8206I: JDBC driver version  : 10.14.2.0 - (1828579)
[11/5/19 22:39:56:269 UTC] 000000e5 com.ibm.ws.webcontainer.servlet                              I SRVE0242I: [daytrader] [/daytrader] [TradeAppServlet]: Initialization successful.
[11/5/19 22:39:58:760 UTC] 000000e5 com.ibm.ws.webcontainer.servlet                              I SRVE0242I: [daytrader] [/daytrader] [/tradehome.jsp]: Initialization successful.
[11/5/19 22:39:59:283 UTC] 000000e5 com.ibm.ws.webcontainer.servlet                              I SRVE0242I: [daytrader] [/daytrader] [/quote.jsp]: Initialization successful.
[11/5/19 22:39:59:406 UTC] 000000ee com.ibm.ws.webcontainer.servlet                              I SRVE0242I: [daytrader] [/daytrader] [/portfolio.jsp]: Initialization successful.
[11/5/19 22:39:59:460 UTC] 00000102 com.ibm.ws.webcontainer.servlet                              I SRVE0242I: [daytrader] [/daytrader] [/displayQuote.jsp]: Initialization successful.
[11/5/19 22:39:59:557 UTC] 000000e1 com.ibm.ws.webcontainer.servlet                              I SRVE0242I: [daytrader] [/daytrader] [/account.jsp]: Initialization successful.
[11/5/19 22:40:00:335 UTC] 00000102 com.ibm.ws.webcontainer.servlet                              I SRVE0242I: [daytrader] [/daytrader] [/order.jsp]: Initialization successful.
[11/5/19 22:40:01:354 UTC] 000000e5 com.ibm.ws.webcontainer.servlet                              I SRVE0242I: [daytrader] [/daytrader] [/welcome.jsp]: Initialization successful.
[11/5/19 22:40:03:751 UTC] 000000e5 com.ibm.ws.webcontainer.servlet                              I SRVE0242I: [daytrader] [/daytrader] [/register.jsp]: Initialization successful.
[11/5/19 22:40:10:596 UTC] 000000ed com.ibm.ws.webcontainer.servlet                              I SRVE0242I: [daytrader] [/daytrader] [Faces Servlet]: Initialization successful.
[11/5/19 22:44:33:996 UTC] 00000150 daytrader                                                    I  DTStreamer3MDB: 10000 prices updated: Total message count = 10000 Time (in seconds): min: -0.023 max: 0.216 avg: 0.0027228
